*----------------------------------------------------------------------------------------
*	Voltus IC Power Integrity Solution 18.17-s057_1 (64bit) 03/23/2020 10:35 (Linux 2.6.18-194.el5)
*	
*
* 	Date & Time:	2021-Apr-28 14:54:55 (2021-Apr-28 21:54:55 GMT)
*
*----------------------------------------------------------------------------------------
*
*	Design: gcd
*
*	Liberty Libraries used: 
*	        PVT_0P77V_0C.hold_view: /home/aa/users/cs199-aap/projects/randomaccels/power/gcd/build/par-rundir/gcd_FINAL/libs/mmmc/asap7sc7p5t_24_SIMPLE_RVT_FF.lib
*	        PVT_0P77V_0C.hold_view: /home/aa/users/cs199-aap/projects/randomaccels/power/gcd/build/par-rundir/gcd_FINAL/libs/mmmc/asap7sc7p5t_24_SIMPLE_LVT_FF.lib
*	        PVT_0P77V_0C.hold_view: /home/aa/users/cs199-aap/projects/randomaccels/power/gcd/build/par-rundir/gcd_FINAL/libs/mmmc/asap7sc7p5t_24_SIMPLE_SLVT_FF.lib
*	        PVT_0P77V_0C.hold_view: /home/aa/users/cs199-aap/projects/randomaccels/power/gcd/build/par-rundir/gcd_FINAL/libs/mmmc/asap7sc7p5t_24_SIMPLE_SRAM_FF.lib
*	        PVT_0P77V_0C.hold_view: /home/aa/users/cs199-aap/projects/randomaccels/power/gcd/build/par-rundir/gcd_FINAL/libs/mmmc/asap7sc7p5t_24_AO_RVT_FF.lib
*	        PVT_0P77V_0C.hold_view: /home/aa/users/cs199-aap/projects/randomaccels/power/gcd/build/par-rundir/gcd_FINAL/libs/mmmc/asap7sc7p5t_24_AO_LVT_FF.lib
*	        PVT_0P77V_0C.hold_view: /home/aa/users/cs199-aap/projects/randomaccels/power/gcd/build/par-rundir/gcd_FINAL/libs/mmmc/asap7sc7p5t_24_AO_SLVT_FF.lib
*	        PVT_0P77V_0C.hold_view: /home/aa/users/cs199-aap/projects/randomaccels/power/gcd/build/par-rundir/gcd_FINAL/libs/mmmc/asap7sc7p5t_24_AO_SRAM_FF.lib
*	        PVT_0P77V_0C.hold_view: /home/aa/users/cs199-aap/projects/randomaccels/power/gcd/build/par-rundir/gcd_FINAL/libs/mmmc/asap7sc7p5t_24_OA_RVT_FF.lib
*	        PVT_0P77V_0C.hold_view: /home/aa/users/cs199-aap/projects/randomaccels/power/gcd/build/par-rundir/gcd_FINAL/libs/mmmc/asap7sc7p5t_24_OA_LVT_FF.lib
*	        PVT_0P77V_0C.hold_view: /home/aa/users/cs199-aap/projects/randomaccels/power/gcd/build/par-rundir/gcd_FINAL/libs/mmmc/asap7sc7p5t_24_OA_SLVT_FF.lib
*	        PVT_0P77V_0C.hold_view: /home/aa/users/cs199-aap/projects/randomaccels/power/gcd/build/par-rundir/gcd_FINAL/libs/mmmc/asap7sc7p5t_24_OA_SRAM_FF.lib
*	        PVT_0P77V_0C.hold_view: /home/aa/users/cs199-aap/projects/randomaccels/power/gcd/build/par-rundir/gcd_FINAL/libs/mmmc/asap7sc7p5t_24_SEQ_RVT_FF.lib
*	        PVT_0P77V_0C.hold_view: /home/aa/users/cs199-aap/projects/randomaccels/power/gcd/build/par-rundir/gcd_FINAL/libs/mmmc/asap7sc7p5t_24_SEQ_LVT_FF.lib
*	        PVT_0P77V_0C.hold_view: /home/aa/users/cs199-aap/projects/randomaccels/power/gcd/build/par-rundir/gcd_FINAL/libs/mmmc/asap7sc7p5t_24_SEQ_SLVT_FF.lib
*	        PVT_0P77V_0C.hold_view: /home/aa/users/cs199-aap/projects/randomaccels/power/gcd/build/par-rundir/gcd_FINAL/libs/mmmc/asap7sc7p5t_24_SEQ_SRAM_FF.lib
*	        PVT_0P77V_0C.hold_view: /home/aa/users/cs199-aap/projects/randomaccels/power/gcd/build/par-rundir/gcd_FINAL/libs/mmmc/asap7sc7p5t_24_INVBUF_RVT_FF.lib
*	        PVT_0P77V_0C.hold_view: /home/aa/users/cs199-aap/projects/randomaccels/power/gcd/build/par-rundir/gcd_FINAL/libs/mmmc/asap7sc7p5t_24_INVBUF_LVT_FF.lib
*	        PVT_0P77V_0C.hold_view: /home/aa/users/cs199-aap/projects/randomaccels/power/gcd/build/par-rundir/gcd_FINAL/libs/mmmc/asap7sc7p5t_24_INVBUF_SLVT_FF.lib
*	        PVT_0P77V_0C.hold_view: /home/aa/users/cs199-aap/projects/randomaccels/power/gcd/build/par-rundir/gcd_FINAL/libs/mmmc/asap7sc7p5t_24_INVBUF_SRAM_FF.lib
*	        PVT_0P77V_0C.hold_view: /home/aa/users/cs199-aap/projects/randomaccels/power/gcd/build/par-rundir/gcd_FINAL/libs/mmmc/SRAM1RW1024x8_PVT_0P77V_0C.lib
*	        PVT_0P77V_0C.hold_view: /home/aa/users/cs199-aap/projects/randomaccels/power/gcd/build/par-rundir/gcd_FINAL/libs/mmmc/SRAM1RW128x46_PVT_0P77V_0C.lib
*	        PVT_0P77V_0C.hold_view: /home/aa/users/cs199-aap/projects/randomaccels/power/gcd/build/par-rundir/gcd_FINAL/libs/mmmc/SRAM1RW128x48_PVT_0P77V_0C.lib
*	        PVT_0P77V_0C.hold_view: /home/aa/users/cs199-aap/projects/randomaccels/power/gcd/build/par-rundir/gcd_FINAL/libs/mmmc/SRAM1RW128x8_PVT_0P77V_0C.lib
*	        PVT_0P77V_0C.hold_view: /home/aa/users/cs199-aap/projects/randomaccels/power/gcd/build/par-rundir/gcd_FINAL/libs/mmmc/SRAM1RW256x128_PVT_0P77V_0C.lib
*	        PVT_0P77V_0C.hold_view: /home/aa/users/cs199-aap/projects/randomaccels/power/gcd/build/par-rundir/gcd_FINAL/libs/mmmc/SRAM1RW256x32_PVT_0P77V_0C.lib
*	        PVT_0P77V_0C.hold_view: /home/aa/users/cs199-aap/projects/randomaccels/power/gcd/build/par-rundir/gcd_FINAL/libs/mmmc/SRAM1RW256x46_PVT_0P77V_0C.lib
*	        PVT_0P77V_0C.hold_view: /home/aa/users/cs199-aap/projects/randomaccels/power/gcd/build/par-rundir/gcd_FINAL/libs/mmmc/SRAM1RW256x48_PVT_0P77V_0C.lib
*	        PVT_0P77V_0C.hold_view: /home/aa/users/cs199-aap/projects/randomaccels/power/gcd/build/par-rundir/gcd_FINAL/libs/mmmc/SRAM1RW256x8_PVT_0P77V_0C.lib
*	        PVT_0P77V_0C.hold_view: /home/aa/users/cs199-aap/projects/randomaccels/power/gcd/build/par-rundir/gcd_FINAL/libs/mmmc/SRAM1RW32x50_PVT_0P77V_0C.lib
*	        PVT_0P77V_0C.hold_view: /home/aa/users/cs199-aap/projects/randomaccels/power/gcd/build/par-rundir/gcd_FINAL/libs/mmmc/SRAM1RW512x128_PVT_0P77V_0C.lib
*	        PVT_0P77V_0C.hold_view: /home/aa/users/cs199-aap/projects/randomaccels/power/gcd/build/par-rundir/gcd_FINAL/libs/mmmc/SRAM1RW512x32_PVT_0P77V_0C.lib
*	        PVT_0P77V_0C.hold_view: /home/aa/users/cs199-aap/projects/randomaccels/power/gcd/build/par-rundir/gcd_FINAL/libs/mmmc/SRAM1RW512x8_PVT_0P77V_0C.lib
*	        PVT_0P77V_0C.hold_view: /home/aa/users/cs199-aap/projects/randomaccels/power/gcd/build/par-rundir/gcd_FINAL/libs/mmmc/SRAM1RW64x128_PVT_0P77V_0C.lib
*	        PVT_0P77V_0C.hold_view: /home/aa/users/cs199-aap/projects/randomaccels/power/gcd/build/par-rundir/gcd_FINAL/libs/mmmc/SRAM1RW64x32_PVT_0P77V_0C.lib
*	        PVT_0P77V_0C.hold_view: /home/aa/users/cs199-aap/projects/randomaccels/power/gcd/build/par-rundir/gcd_FINAL/libs/mmmc/SRAM1RW64x34_PVT_0P77V_0C.lib
*	        PVT_0P77V_0C.hold_view: /home/aa/users/cs199-aap/projects/randomaccels/power/gcd/build/par-rundir/gcd_FINAL/libs/mmmc/SRAM1RW64x8_PVT_0P77V_0C.lib
*	        PVT_0P77V_0C.hold_view: /home/aa/users/cs199-aap/projects/randomaccels/power/gcd/build/par-rundir/gcd_FINAL/libs/mmmc/SRAM2RW128x16_PVT_0P77V_0C.lib
*	        PVT_0P77V_0C.hold_view: /home/aa/users/cs199-aap/projects/randomaccels/power/gcd/build/par-rundir/gcd_FINAL/libs/mmmc/SRAM2RW128x32_PVT_0P77V_0C.lib
*	        PVT_0P77V_0C.hold_view: /home/aa/users/cs199-aap/projects/randomaccels/power/gcd/build/par-rundir/gcd_FINAL/libs/mmmc/SRAM2RW128x4_PVT_0P77V_0C.lib
*	        PVT_0P77V_0C.hold_view: /home/aa/users/cs199-aap/projects/randomaccels/power/gcd/build/par-rundir/gcd_FINAL/libs/mmmc/SRAM2RW128x8_PVT_0P77V_0C.lib
*	        PVT_0P77V_0C.hold_view: /home/aa/users/cs199-aap/projects/randomaccels/power/gcd/build/par-rundir/gcd_FINAL/libs/mmmc/SRAM2RW16x16_PVT_0P77V_0C.lib
*	        PVT_0P77V_0C.hold_view: /home/aa/users/cs199-aap/projects/randomaccels/power/gcd/build/par-rundir/gcd_FINAL/libs/mmmc/SRAM2RW16x32_PVT_0P77V_0C.lib
*	        PVT_0P77V_0C.hold_view: /home/aa/users/cs199-aap/projects/randomaccels/power/gcd/build/par-rundir/gcd_FINAL/libs/mmmc/SRAM2RW16x4_PVT_0P77V_0C.lib
*	        PVT_0P77V_0C.hold_view: /home/aa/users/cs199-aap/projects/randomaccels/power/gcd/build/par-rundir/gcd_FINAL/libs/mmmc/SRAM2RW16x8_PVT_0P77V_0C.lib
*	        PVT_0P77V_0C.hold_view: /home/aa/users/cs199-aap/projects/randomaccels/power/gcd/build/par-rundir/gcd_FINAL/libs/mmmc/SRAM2RW32x16_PVT_0P77V_0C.lib
*	        PVT_0P77V_0C.hold_view: /home/aa/users/cs199-aap/projects/randomaccels/power/gcd/build/par-rundir/gcd_FINAL/libs/mmmc/SRAM2RW32x22_PVT_0P77V_0C.lib
*	        PVT_0P77V_0C.hold_view: /home/aa/users/cs199-aap/projects/randomaccels/power/gcd/build/par-rundir/gcd_FINAL/libs/mmmc/SRAM2RW32x32_PVT_0P77V_0C.lib
*	        PVT_0P77V_0C.hold_view: /home/aa/users/cs199-aap/projects/randomaccels/power/gcd/build/par-rundir/gcd_FINAL/libs/mmmc/SRAM2RW32x39_PVT_0P77V_0C.lib
*	        PVT_0P77V_0C.hold_view: /home/aa/users/cs199-aap/projects/randomaccels/power/gcd/build/par-rundir/gcd_FINAL/libs/mmmc/SRAM2RW32x4_PVT_0P77V_0C.lib
*	        PVT_0P77V_0C.hold_view: /home/aa/users/cs199-aap/projects/randomaccels/power/gcd/build/par-rundir/gcd_FINAL/libs/mmmc/SRAM2RW32x8_PVT_0P77V_0C.lib
*	        PVT_0P77V_0C.hold_view: /home/aa/users/cs199-aap/projects/randomaccels/power/gcd/build/par-rundir/gcd_FINAL/libs/mmmc/SRAM2RW64x16_PVT_0P77V_0C.lib
*	        PVT_0P77V_0C.hold_view: /home/aa/users/cs199-aap/projects/randomaccels/power/gcd/build/par-rundir/gcd_FINAL/libs/mmmc/SRAM2RW64x32_PVT_0P77V_0C.lib
*	        PVT_0P77V_0C.hold_view: /home/aa/users/cs199-aap/projects/randomaccels/power/gcd/build/par-rundir/gcd_FINAL/libs/mmmc/SRAM2RW64x4_PVT_0P77V_0C.lib
*	        PVT_0P77V_0C.hold_view: /home/aa/users/cs199-aap/projects/randomaccels/power/gcd/build/par-rundir/gcd_FINAL/libs/mmmc/SRAM2RW64x8_PVT_0P77V_0C.lib
*
*	Power Domain used: 
*              Rail:        VDD      Voltage:       0.77 
*
*	Parasitic Files used: 
*	        /home/aa/users/cs199-aap/projects/randomaccels/power/gcd/build/par-rundir/gcd.setup.par.spef /home/aa/users/cs199-aap/projects/randomaccels/power/gcd/build/par-rundir/gcd.hold.par.spef
*
*       Power View : PVT_0P77V_0C.hold_view
*
*       User-Defined Activity : N.A.
*
*       Activity File: N.A.
*
*       Hierarchical Global Activity: N.A.
*
*       Global Activity: N.A.
*
*       Sequential Element Activity: 0.200000
*
*       Primary Input Activity: 0.200000
*
*       Default icg ratio: N.A.
*
*       Global Comb ClockGate Ratio: N.A.
*
*	Power Units = 1mW
*
*	Time Units = 1e-12 secs 
*
*       report_power -output staticPowerReports -report_prefix PVT_0P77V_0C.hold_view -view PVT_0P77V_0C.hold_view
*
-----------------------------------------------------------------------------------------


Total Power 
-----------------------------------------------------------------------------------------
Total Internal Power:        0.08344726 	    7.0214%
Total Switching Power:       1.10176011 	   92.7041%
Total Leakage Power:         0.00326290 	    0.2745%
Total Power:                 1.18847027 
-----------------------------------------------------------------------------------------


Group                           Internal   Switching     Leakage       Total  Percentage 
                                Power      Power         Power         Power  (%)        
-----------------------------------------------------------------------------------------
Sequential                       0.02917    0.006871   0.0006456     0.03669       3.087 
Macro                                  0           0           0           0           0 
IO                                     0           0   1.192e-07   1.192e-07   1.003e-05 
Combinational                    0.05001       1.091    0.002565       1.144       96.22 
Clock (Combinational)            0.00114   0.0004981   5.074e-08    0.001639      0.1379 
Clock (Sequential)              0.003122    0.003394   5.172e-05    0.006568      0.5526 
-----------------------------------------------------------------------------------------
Total                            0.08345       1.102    0.003263       1.188         100 
-----------------------------------------------------------------------------------------


Clock                           Internal   Switching     Leakage       Total  Percentage 
                                Power      Power         Power         Power  (%)        
-----------------------------------------------------------------------------------------
clk                             0.004262    0.003892   5.177e-05    0.008206      0.6905 
-----------------------------------------------------------------------------------------
Total (excluding duplicates)    0.004262    0.003892   5.177e-05    0.008206      0.6905 
-----------------------------------------------------------------------------------------
Clock: clk
Clock Period: 0.001000 usec 
Clock Toggle Rate:  1999.9999 Mhz 
Clock Static Probability:  0.5000



Rail                  Voltage   Internal   Switching     Leakage       Total  Percentage 
                                Power      Power         Power         Power  (%)        
-----------------------------------------------------------------------------------------
VDD                      0.77    0.08345       1.102    0.003263       1.188         100 


-----------------------------------------------------------------------------------------
*	Power Distribution Summary: 
*                Highest Average Power:     FE_OFC62_operands_rdy (BUFx24_ASAP7_75t_SL):          0.06092 
*                Highest Leakage Power: FE_OFC61_result_bits_data_4 (BUFx24_ASAP7_75t_SL):        9.234e-05 
*          Total Cap:      1.84795e-11 F
*          Total instances in design:   364
*          Total instances in design with no power:     0
*          Total instances in design with no activity:     0
*          Total Fillers and Decap:     0
-----------------------------------------------------------------------------------------

