

Working Directory = /tools/scratch/nayiri/randomaccels/power/RandomHardware/build/syn-rundir
QoS Summary for RandomHardware
================================================================================
Metric                          final          
================================================================================
Slack (ps):                        23
  R2R (ps):                        23
  I2R (ps):                  no_value
  R2O (ps):                  no_value
  I2O (ps):                  no_value
  CG  (ps):                  no_value
TNS (ps):                           0
  R2R (ps):                         0
  I2R (ps):                  no_value
  R2O (ps):                  no_value
  I2O (ps):                  no_value
  CG  (ps):                  no_value
Failing Paths:                      0
Cell Area:                      2,824
Total Cell Area:                2,824
Leaf Instances:                 1,390
Total Instances:                1,390
Utilization (%):                 0.00
Tot. Net Length (um):        no_value
Avg. Net Length (um):        no_value
Route Overflow H (%):        no_value
Route Overflow V (%):        no_value
MBCI(%) (bits/gate) :            0.00
Norm Cong Hotspot Area:
  Max Cong:                  no_value
  Tot Cong:                  no_value
================================================================================
CPU  Runtime (h:m:s):        00:00:42
Real Runtime (h:m:s):        00:00:32
CPU  Elapsed (h:m:s):        00:00:45
Real Elapsed (h:m:s):        00:00:32
Memory (MB):                  1008.92
================================================================================
================================================================================
Flow Settings:
================================================================================
Total Runtime (h:m:s): 00:00:32
Total Memory (MB):     1008.92
Executable Version:    18.13-s027_1
================================================================================
Total Cell Area =  Cell Area + Physical Cell Area
Total Instances =  Leaf Instances + Physical Instances


