

Working Directory = /tools/scratch/nayiri/randomaccels/power/RandomHardware/build/syn-rundir
QoS Summary for RandomHardware
================================================================================
Metric                          final          
================================================================================
Slack (ps):                       518
  R2R (ps):                       518
  I2R (ps):                  no_value
  R2O (ps):                  no_value
  I2O (ps):                  no_value
  CG  (ps):                  no_value
TNS (ps):                           0
  R2R (ps):                         0
  I2R (ps):                  no_value
  R2O (ps):                  no_value
  I2O (ps):                  no_value
  CG  (ps):                  no_value
Failing Paths:                      0
Cell Area:                      2,372
Total Cell Area:                2,372
Leaf Instances:                 1,020
Total Instances:                1,020
Utilization (%):                 0.00
Tot. Net Length (um):        no_value
Avg. Net Length (um):        no_value
Route Overflow H (%):        no_value
Route Overflow V (%):        no_value
MBCI(%) (bits/gate) :            0.00
Norm Cong Hotspot Area:
  Max Cong:                  no_value
  Tot Cong:                  no_value
================================================================================
CPU  Runtime (h:m:s):        00:00:33
Real Runtime (h:m:s):        00:00:26
CPU  Elapsed (h:m:s):        00:00:36
Real Elapsed (h:m:s):        00:00:27
Memory (MB):                  1001.75
================================================================================
================================================================================
Flow Settings:
================================================================================
Total Runtime (h:m:s): 00:00:26
Total Memory (MB):     1001.75
Executable Version:    18.13-s027_1
================================================================================
Total Cell Area =  Cell Area + Physical Cell Area
Total Instances =  Leaf Instances + Physical Instances


