

Working Directory = /tools/scratch/nayiri/randomaccels/power/RandomHardware/build/syn-rundir
QoS Summary for RandomHardware
================================================================================
Metric                          final          
================================================================================
Slack (ps):                       296
  R2R (ps):                       296
  I2R (ps):                  no_value
  R2O (ps):                  no_value
  I2O (ps):                  no_value
  CG  (ps):                       569
TNS (ps):                           0
  R2R (ps):                         0
  I2R (ps):                  no_value
  R2O (ps):                  no_value
  I2O (ps):                  no_value
  CG  (ps):                         0
Failing Paths:                      0
Cell Area:                      1,504
Total Cell Area:                1,504
Leaf Instances:                   743
Total Instances:                  743
Utilization (%):                 0.00
Tot. Net Length (um):        no_value
Avg. Net Length (um):        no_value
Route Overflow H (%):        no_value
Route Overflow V (%):        no_value
MBCI(%) (bits/gate) :            0.00
Norm Cong Hotspot Area:
  Max Cong:                  no_value
  Tot Cong:                  no_value
================================================================================
CPU  Runtime (h:m:s):        00:00:26
Real Runtime (h:m:s):        00:00:20
CPU  Elapsed (h:m:s):        00:00:29
Real Elapsed (h:m:s):        00:00:20
Memory (MB):                  1011.46
================================================================================
================================================================================
Flow Settings:
================================================================================
Total Runtime (h:m:s): 00:00:20
Total Memory (MB):     1011.46
Executable Version:    18.13-s027_1
================================================================================
Total Cell Area =  Cell Area + Physical Cell Area
Total Instances =  Leaf Instances + Physical Instances


