============================================================
  Generated by:           Genus(TM) Synthesis Solution 18.13-s027_1
  Generated on:           May 12 2021  10:57:18 am
  Module:                 RandomHardware
  Library domain:         PVT_0P63V_100C.setup_cond
    Domain index:         0
    Technology libraries: asap7sc7p5t_22b_SIMPLE_RVT_SS_170906 1.0
                          asap7sc7p5t_22b_SIMPLE_LVT_SS_170906 1.0
                          asap7sc7p5t_22b_SIMPLE_SLVT_SS_170906 1.0
                          asap7sc7p5t_22b_SIMPLE_SRAM_SS_170906 1.0
                          asap7sc7p5t_22b_AO_RVT_SS_170906 1.0
                          asap7sc7p5t_22b_AO_LVT_SS_170906 1.0
                          asap7sc7p5t_22b_AO_SLVT_SS_170906 1.0
                          asap7sc7p5t_22b_AO_SRAM_SS_170906 1.0
                          asap7sc7p5t_22b_OA_RVT_SS_170906 1.0
                          asap7sc7p5t_22b_OA_LVT_SS_170906 1.0
                          asap7sc7p5t_22b_OA_SLVT_SS_170906 1.0
                          asap7sc7p5t_22b_OA_SRAM_SS_170906 1.0
                          asap7sc7p5t_22b_SEQ_RVT_SS_170906 1.0
                          asap7sc7p5t_22b_SEQ_LVT_SS_170906 1.0
                          asap7sc7p5t_22b_SEQ_SLVT_SS_170906 1.0
                          asap7sc7p5t_22b_SEQ_SRAM_SS_170906 1.0
                          asap7sc7p5t_22b_INVBUF_RVT_SS_170906 1.0
                          asap7sc7p5t_22b_INVBUF_LVT_SS_170906 1.0
                          asap7sc7p5t_22b_INVBUF_SLVT_SS_170906 1.0
                          asap7sc7p5t_22b_INVBUF_SRAM_SS_170906 1.0
                          SRAM1RW1024x8_PVT_0P63V_100C 0
                          SRAM1RW128x46_PVT_0P63V_100C 0
                          SRAM1RW128x48_PVT_0P63V_100C 0
                          SRAM1RW128x8_PVT_0P63V_100C 0
                          SRAM1RW256x128_PVT_0P63V_100C 0
                          SRAM1RW256x32_PVT_0P63V_100C 0
                          SRAM1RW256x46_PVT_0P63V_100C 0
                          SRAM1RW256x48_PVT_0P63V_100C 0
                          SRAM1RW256x8_PVT_0P63V_100C 0
                          SRAM1RW32x50_PVT_0P63V_100C 0
                          SRAM1RW512x128_PVT_0P63V_100C 0
                          SRAM1RW512x32_PVT_0P63V_100C 0
                          SRAM1RW512x8_PVT_0P63V_100C 0
                          SRAM1RW64x128_PVT_0P63V_100C 0
                          SRAM1RW64x32_PVT_0P63V_100C 0
                          SRAM1RW64x34_PVT_0P63V_100C 0
                          SRAM1RW64x8_PVT_0P63V_100C 0
                          SRAM2RW128x16_PVT_0P63V_100C 0
                          SRAM2RW128x32_PVT_0P63V_100C 0
                          SRAM2RW128x4_PVT_0P63V_100C 0
                          SRAM2RW128x8_PVT_0P63V_100C 0
                          SRAM2RW16x16_PVT_0P63V_100C 0
                          SRAM2RW16x32_PVT_0P63V_100C 0
                          SRAM2RW16x4_PVT_0P63V_100C 0
                          SRAM2RW16x8_PVT_0P63V_100C 0
                          SRAM2RW32x16_PVT_0P63V_100C 0
                          SRAM2RW32x22_PVT_0P63V_100C 0
                          SRAM2RW32x32_PVT_0P63V_100C 0
                          SRAM2RW32x39_PVT_0P63V_100C 0
                          SRAM2RW32x4_PVT_0P63V_100C 0
                          SRAM2RW32x8_PVT_0P63V_100C 0
                          SRAM2RW64x16_PVT_0P63V_100C 0
                          SRAM2RW64x32_PVT_0P63V_100C 0
                          SRAM2RW64x4_PVT_0P63V_100C 0
                          SRAM2RW64x8_PVT_0P63V_100C 0
    Operating conditions: PVT_0P63V_100C 
  Interconnect mode:      global
  Area mode:              physical library
============================================================

                                Library        Leakage    Dynamic     Total   
           Instance              Domain Cells Power(nW)  Power(nW)  Power(nW) 
------------------------------------------------------------------------------
RandomHardware                     0     1382 77802.852 373372.851 451175.703 
  RandomHardware_020               0      154 29611.947 156873.436 186485.383 
    ShiftRegister_001              0      108 28066.525 149657.542 177724.067 
    CompareMux_000                 0       22  1545.352   7215.893   8761.245 
  RandomHardware_022               0      352 11961.039   8021.861  19982.900 
    Mul_000                        0      328 11960.968   8021.861  19982.830 
  RandomHardware_026               0      123  8754.260  40025.321  48779.581 
    ShiftRegister_000              0       33  8168.617  39284.524  47453.141 
    ReduceXorMux_002               0       16   465.359    449.935    915.295 
    RandomHardware_001             0       33   120.163    290.861    411.024 
      ReduceAndMux_001             0        8   120.089    290.861    410.950 
  ShiftRegister_023                0       28  7005.565  33567.511  40573.076 
  RandomHardware_013               0       78  6246.165  46015.757  52261.922 
    Reg_003                        0       11  3235.744  23081.449  26317.192 
    Reg_001                        0       11  2940.259  20666.597  23606.856 
    RandomHardware_000             0       28    70.080   2267.711   2337.791 
      CompareMux_000               0       11    70.030   2267.711   2337.740 
  RandomHardware_007               0       64  3534.927  21218.536  24753.463 
    Accum_000                      0       56  3534.904  21218.536  24753.440 
      CLKGATE_RC_CG_HIER_INST2     0        1     4.430    898.491    902.921 
  Accum_017                        0       48  3116.556  28912.507  32029.062 
    CLKGATE_RC_CG_HIER_INST1       0        1     4.544    814.996    819.540 
  RandomHardware_015               0       47  1783.128   3650.897   5434.025 
    RegE_000                       0       21  1783.052   3650.897   5433.949 
      CLKGATE_RC_CG_HIER_INST3     0        1     4.326    763.633    767.959 
  RandomHardware_008               0       27  1760.807   6047.049   7807.856 
    Reg_000                        0       13  1760.766   6047.049   7807.814 
  Accum_000                        0       24  1425.458   1733.536   3158.994 
    CLKGATE_RC_CG_HIER_INST0       0        1     3.988    288.621    292.609 
  RandomHardware_027               0      124  1387.839   1615.732   3003.571 
    Div_000                        0      124  1387.839   1615.732   3003.571 
  RandomHardware_025               0       16   392.525    152.085    544.610 
    ReduceOrMux_000                0        5   392.493    152.085    544.578 
  RandomHardware_012               0       27   361.109    189.357    550.466 
    RandomHardware_000             0       17   361.079    189.357    550.436 
      CompareMux_000               0       11   361.062    189.357    550.419 
  RandomHardware_002               0       21   236.794    566.089    802.883 
    RandomHardware_000             0       15   236.776    566.089    802.866 
      CompareMux_000               0       11   236.765    566.089    802.854 
  RandomHardware_006               0       39   221.876     79.963    301.839 
    Mul_000                        0       27   221.841     79.963    301.803 
  RandomHardware_018               0       39     2.352      0.067      2.419 
    Mul_000                        0       14     2.279      0.067      2.345 

