============================================================
  Generated by:           Genus(TM) Synthesis Solution 18.13-s027_1
  Generated on:           May 12 2021  10:56:07 am
  Module:                 RandomHardware
  Library domain:         PVT_0P63V_100C.setup_cond
    Domain index:         0
    Technology libraries: asap7sc7p5t_22b_SIMPLE_RVT_SS_170906 1.0
                          asap7sc7p5t_22b_SIMPLE_LVT_SS_170906 1.0
                          asap7sc7p5t_22b_SIMPLE_SLVT_SS_170906 1.0
                          asap7sc7p5t_22b_SIMPLE_SRAM_SS_170906 1.0
                          asap7sc7p5t_22b_AO_RVT_SS_170906 1.0
                          asap7sc7p5t_22b_AO_LVT_SS_170906 1.0
                          asap7sc7p5t_22b_AO_SLVT_SS_170906 1.0
                          asap7sc7p5t_22b_AO_SRAM_SS_170906 1.0
                          asap7sc7p5t_22b_OA_RVT_SS_170906 1.0
                          asap7sc7p5t_22b_OA_LVT_SS_170906 1.0
                          asap7sc7p5t_22b_OA_SLVT_SS_170906 1.0
                          asap7sc7p5t_22b_OA_SRAM_SS_170906 1.0
                          asap7sc7p5t_22b_SEQ_RVT_SS_170906 1.0
                          asap7sc7p5t_22b_SEQ_LVT_SS_170906 1.0
                          asap7sc7p5t_22b_SEQ_SLVT_SS_170906 1.0
                          asap7sc7p5t_22b_SEQ_SRAM_SS_170906 1.0
                          asap7sc7p5t_22b_INVBUF_RVT_SS_170906 1.0
                          asap7sc7p5t_22b_INVBUF_LVT_SS_170906 1.0
                          asap7sc7p5t_22b_INVBUF_SLVT_SS_170906 1.0
                          asap7sc7p5t_22b_INVBUF_SRAM_SS_170906 1.0
                          SRAM1RW1024x8_PVT_0P63V_100C 0
                          SRAM1RW128x46_PVT_0P63V_100C 0
                          SRAM1RW128x48_PVT_0P63V_100C 0
                          SRAM1RW128x8_PVT_0P63V_100C 0
                          SRAM1RW256x128_PVT_0P63V_100C 0
                          SRAM1RW256x32_PVT_0P63V_100C 0
                          SRAM1RW256x46_PVT_0P63V_100C 0
                          SRAM1RW256x48_PVT_0P63V_100C 0
                          SRAM1RW256x8_PVT_0P63V_100C 0
                          SRAM1RW32x50_PVT_0P63V_100C 0
                          SRAM1RW512x128_PVT_0P63V_100C 0
                          SRAM1RW512x32_PVT_0P63V_100C 0
                          SRAM1RW512x8_PVT_0P63V_100C 0
                          SRAM1RW64x128_PVT_0P63V_100C 0
                          SRAM1RW64x32_PVT_0P63V_100C 0
                          SRAM1RW64x34_PVT_0P63V_100C 0
                          SRAM1RW64x8_PVT_0P63V_100C 0
                          SRAM2RW128x16_PVT_0P63V_100C 0
                          SRAM2RW128x32_PVT_0P63V_100C 0
                          SRAM2RW128x4_PVT_0P63V_100C 0
                          SRAM2RW128x8_PVT_0P63V_100C 0
                          SRAM2RW16x16_PVT_0P63V_100C 0
                          SRAM2RW16x32_PVT_0P63V_100C 0
                          SRAM2RW16x4_PVT_0P63V_100C 0
                          SRAM2RW16x8_PVT_0P63V_100C 0
                          SRAM2RW32x16_PVT_0P63V_100C 0
                          SRAM2RW32x22_PVT_0P63V_100C 0
                          SRAM2RW32x32_PVT_0P63V_100C 0
                          SRAM2RW32x39_PVT_0P63V_100C 0
                          SRAM2RW32x4_PVT_0P63V_100C 0
                          SRAM2RW32x8_PVT_0P63V_100C 0
                          SRAM2RW64x16_PVT_0P63V_100C 0
                          SRAM2RW64x32_PVT_0P63V_100C 0
                          SRAM2RW64x4_PVT_0P63V_100C 0
                          SRAM2RW64x8_PVT_0P63V_100C 0
    Operating conditions: PVT_0P63V_100C 
  Interconnect mode:      global
  Area mode:              physical library
============================================================

                              Library        Leakage    Dynamic     Total   
          Instance             Domain Cells Power(nW)  Power(nW)  Power(nW) 
----------------------------------------------------------------------------
RandomHardware                   0     1041 84149.410 610570.079 694719.489 
  RandomHardware_007             0      154 29975.638 205741.646 235717.284 
    ShiftRegister_000            0      107 29157.158 200979.218 230136.375 
    RandomHardware_001           0       37   818.451   4762.428   5580.880 
      Mux2_002                   0       13   818.381   4762.428   5580.809 
  ShiftRegister_016              0       36 10502.689  70980.168  81482.857 
  RandomHardware_002             0       97  8460.864  71912.179  80373.043 
    Accum_000                    0       83  8460.823  71912.179  80373.002 
  ShiftRegister_000              0       20  5833.593  26487.838  32321.431 
  RandomHardware_019             0       74  4326.429  40929.056  45255.485 
    RandomHardware_001           0       41  4024.874  33426.807  37451.682 
      RandomHardware_000         0       14  3206.358  26485.300  29691.658 
        Reg_000                  0       12  3206.352  26485.300  29691.652 
      Mux2_002                   0       13   818.476   6941.507   7759.983 
    ReduceAndMux_000             0       20   301.516   7502.249   7803.765 
  RandomHardware_014             0       12  3501.241  26473.948  29975.189 
    Reg_000                      0       12  3501.241  26473.948  29975.189 
  Accum_005                      0       44  3301.422  19432.578  22734.000 
  Accum_006                      0       49  3009.951  27018.724  30028.675 
  Accum_004                      0       51  3008.819  16988.532  19997.352 
  Accum_022                      0       40  2863.388  25814.153  28677.541 
    CLKGATE_RC_CG_HIER_INST0     0        1     4.471    879.465    883.937 
  RandomHardware_003             0       69  2608.025  26109.916  28717.941 
    Accum_000                    0       51  2607.972  26109.916  28717.888 
  Reg_015                        0        8  2333.564   7133.043   9466.607 
  RandomHardware_001             0       28  1911.500   6781.316   8692.816 
    Mux2_000                     0       17  1146.606   4579.021   5725.626 
    And_001                      0        8   764.886   2202.295   2967.181 
  RandomHardware_021             0      233   845.729   4682.833   5528.562 
    CompareMux_001               0       15   453.485    787.965   1241.450 
    Mul_000                      0      215   392.235   3894.868   4287.103 
  RandomHardware_008             0       20   808.670    435.200   1243.870 
    CompareMux_000               0       17   808.661    435.200   1243.861 
  RandomHardware_018             0        9   555.738   4113.198   4668.937 
    Mux2_000                     0        9   555.738   4113.198   4668.937 
  RandomHardware_012             0        7   301.883     58.899    360.782 
    ReduceOrMux_000              0        7   301.883     58.899    360.782 

