============================================================
  Generated by:           Genus(TM) Synthesis Solution 18.13-s027_1
  Generated on:           May 12 2021  11:15:24 am
  Module:                 RandomHardware
  Library domain:         PVT_0P63V_100C.setup_cond
    Domain index:         0
    Technology libraries: asap7sc7p5t_22b_SIMPLE_RVT_SS_170906 1.0
                          asap7sc7p5t_22b_SIMPLE_LVT_SS_170906 1.0
                          asap7sc7p5t_22b_SIMPLE_SLVT_SS_170906 1.0
                          asap7sc7p5t_22b_SIMPLE_SRAM_SS_170906 1.0
                          asap7sc7p5t_22b_AO_RVT_SS_170906 1.0
                          asap7sc7p5t_22b_AO_LVT_SS_170906 1.0
                          asap7sc7p5t_22b_AO_SLVT_SS_170906 1.0
                          asap7sc7p5t_22b_AO_SRAM_SS_170906 1.0
                          asap7sc7p5t_22b_OA_RVT_SS_170906 1.0
                          asap7sc7p5t_22b_OA_LVT_SS_170906 1.0
                          asap7sc7p5t_22b_OA_SLVT_SS_170906 1.0
                          asap7sc7p5t_22b_OA_SRAM_SS_170906 1.0
                          asap7sc7p5t_22b_SEQ_RVT_SS_170906 1.0
                          asap7sc7p5t_22b_SEQ_LVT_SS_170906 1.0
                          asap7sc7p5t_22b_SEQ_SLVT_SS_170906 1.0
                          asap7sc7p5t_22b_SEQ_SRAM_SS_170906 1.0
                          asap7sc7p5t_22b_INVBUF_RVT_SS_170906 1.0
                          asap7sc7p5t_22b_INVBUF_LVT_SS_170906 1.0
                          asap7sc7p5t_22b_INVBUF_SLVT_SS_170906 1.0
                          asap7sc7p5t_22b_INVBUF_SRAM_SS_170906 1.0
                          SRAM1RW1024x8_PVT_0P63V_100C 0
                          SRAM1RW128x46_PVT_0P63V_100C 0
                          SRAM1RW128x48_PVT_0P63V_100C 0
                          SRAM1RW128x8_PVT_0P63V_100C 0
                          SRAM1RW256x128_PVT_0P63V_100C 0
                          SRAM1RW256x32_PVT_0P63V_100C 0
                          SRAM1RW256x46_PVT_0P63V_100C 0
                          SRAM1RW256x48_PVT_0P63V_100C 0
                          SRAM1RW256x8_PVT_0P63V_100C 0
                          SRAM1RW32x50_PVT_0P63V_100C 0
                          SRAM1RW512x128_PVT_0P63V_100C 0
                          SRAM1RW512x32_PVT_0P63V_100C 0
                          SRAM1RW512x8_PVT_0P63V_100C 0
                          SRAM1RW64x128_PVT_0P63V_100C 0
                          SRAM1RW64x32_PVT_0P63V_100C 0
                          SRAM1RW64x34_PVT_0P63V_100C 0
                          SRAM1RW64x8_PVT_0P63V_100C 0
                          SRAM2RW128x16_PVT_0P63V_100C 0
                          SRAM2RW128x32_PVT_0P63V_100C 0
                          SRAM2RW128x4_PVT_0P63V_100C 0
                          SRAM2RW128x8_PVT_0P63V_100C 0
                          SRAM2RW16x16_PVT_0P63V_100C 0
                          SRAM2RW16x32_PVT_0P63V_100C 0
                          SRAM2RW16x4_PVT_0P63V_100C 0
                          SRAM2RW16x8_PVT_0P63V_100C 0
                          SRAM2RW32x16_PVT_0P63V_100C 0
                          SRAM2RW32x22_PVT_0P63V_100C 0
                          SRAM2RW32x32_PVT_0P63V_100C 0
                          SRAM2RW32x39_PVT_0P63V_100C 0
                          SRAM2RW32x4_PVT_0P63V_100C 0
                          SRAM2RW32x8_PVT_0P63V_100C 0
                          SRAM2RW64x16_PVT_0P63V_100C 0
                          SRAM2RW64x32_PVT_0P63V_100C 0
                          SRAM2RW64x4_PVT_0P63V_100C 0
                          SRAM2RW64x8_PVT_0P63V_100C 0
    Operating conditions: PVT_0P63V_100C 
  Interconnect mode:      global
  Area mode:              physical library
============================================================

                                   Library         Leakage    Dynamic      Total    
             Instance               Domain Cells  Power(nW)  Power(nW)   Power(nW)  
------------------------------------------------------------------------------------
RandomHardware                        0     6077 367201.760 1324193.281 1691395.041 
  RandomHardware_022                  0     3392 203226.657   78255.270  281481.927 
    RandomHardware_003                0     3252 199718.614   77089.723  276808.337 
      Mod_001                         0     3133 196315.370   62190.150  258505.521 
      Reg_000                         0       62   3342.268   14883.618   18225.886 
    Mux4_000                          0       32   2035.103     743.888    2778.990 
    RandomHardware_002                0       66   1472.816     421.659    1894.475 
      Mux2_001                        0       23   1472.690     421.659    1894.349 
  RandomHardware_017                  0      384  27580.610  170754.420  198335.030 
    Accum_004                         0      238  20288.370  123623.412  143911.782 
    ResetShiftRegister_000            0      102   7292.110   47131.008   54423.118 
      CLKGATE_RC_CG_HIER_INST13       0        1      4.482    1449.463    1453.945 
      CLKGATE_RC_CG_HIER_INST14       0        1      4.482    1449.463    1453.945 
      CLKGATE_RC_CG_HIER_INST15       0        1      4.482    1449.463    1453.945 
      CLKGATE_RC_CG_HIER_INST16       0        1      4.482    1449.463    1453.945 
  RandomHardware_024                  0      425  26074.619  222136.606  248211.225 
    RandomHardware_001                0      339  23134.374  200841.740  223976.114 
      Accum_000                       0      335  23134.362  200841.740  223976.102 
    Mux2_000                          0       55   2940.154   21294.866   24235.020 
  RandomHardware_002                  0      424  21748.736  124727.404  146476.140 
    Div_000                           0      416  21748.713  124727.404  146476.117 
  RandomHardware_011                  0      206  11560.652   99622.208  111182.859 
    Mul_001                           0      120   6819.606   46451.960   53271.566 
    Accum_000                         0       79   4741.025   53170.248   57911.273 
      CLKGATE_RC_CG_HIER_INST9        0        1      4.588    1015.546    1020.135 
  ShiftRegister_003                   0       36  10521.133   73806.027   84327.160 
  RandomHardware_001                  0      142   9252.203   98792.030  108044.232 
    Accum_000                         0       79   4745.625   50108.708   54854.334 
      CLKGATE_RC_CG_HIER_INST2        0        1      4.588    1015.546    1020.135 
    Accum_001                         0       62   4506.575   48683.321   53189.896 
      CLKGATE_RC_CG_HIER_INST3        0        1      4.593    1011.229    1015.822 
  RandomHardware_006                  0       84   8228.315   53374.406   61602.721 
    RegFile2R1W_000                   0       83   8228.312   53374.406   61602.718 
      CLKGATE_RC_CG_HIER_INST6        0        1      4.143     618.447     622.591 
      CLKGATE_RC_CG_HIER_INST5        0        1      4.134     599.942     604.077 
      CLKGATE_RC_CG_HIER_INST8        0        1      4.132     594.898     599.030 
      CLKGATE_RC_CG_HIER_INST7        0        1      4.125     579.313     583.438 
  RandomHardware_021                  0       61   8168.424   68965.590   77134.014 
    ShiftRegister_000                 0       39   8168.359   68965.590   77133.949 
  RandomHardware_027                  0      106   8110.351   71576.883   79687.234 
    RandomHardware_000                0      101   8110.337   71576.883   79687.220 
      Accum_000                       0       72   3804.272   44052.442   47856.714 
        CLKGATE_RC_CG_HIER_INST17     0        1      4.296     712.532     716.829 
      Reg_001                         0       11   3224.505   22008.070   25232.575 
      Mux2_002                        0       12    905.248    3761.516    4666.764 
  RandomHardware_000                  0      133   7653.895   43726.669   51380.565 
    RandomHardware_000                0      116   7653.845   43726.669   51380.515 
      Accum_000                       0       77   4382.683   33202.197   37584.880 
        CLKGATE_RC_CG_HIER_INST1      0        1      4.414     814.421     818.835 
      Reg_001                         0       11   3189.058   10379.252   13568.311 
      Mux2_002                        0       12     82.057     145.220     227.276 
  RandomHardware_004                  0      109   6601.452   37148.305   43749.757 
    RandomHardware_000                0       82   6601.372   37148.305   43749.677 
      Accum_000                       0       49   3351.128   28482.830   31833.958 
        CLKGATE_RC_CG_HIER_INST4      0        1      4.597    1010.688    1015.285 
      Reg_001                         0       11   2628.686    8490.581   11119.267 
      Mux2_002                        0       12    621.529     174.894     796.423 
  RandomHardware_015                  0       84   5930.435   69148.390   75078.825 
    RandomHardware_000                0       67   5930.385   69148.390   75078.775 
      Accum_000                       0       48   3889.272   47116.159   51005.432 
        CLKGATE_RC_CG_HIER_INST12     0        1      4.586    1014.792    1019.378 
        CLKGATE_RC_CG_HIER_INST11     0        1      4.542    1010.636    1015.178 
      Reg_001                         0       11   2041.089   22032.231   24073.320 
  RandomHardware_014                  0      102   4606.432   41545.668   46152.101 
    RandomHardware_000                0       71   4606.341   41545.668   46152.009 
      Accum_000                       0       48   2564.365   28087.585   30651.951 
        CLKGATE_RC_CG_HIER_INST10     0        1      4.590    1010.667    1015.258 
      Reg_001                         0       11   2041.940   13458.083   15500.023 
  Reg_010                             0        8   2333.508    7177.165    9510.673 
  Reg_023                             0       11   1962.724    6734.961    8697.686 
  Accum_019                           0       16    909.308    6313.389    7222.697 
    CLKGATE_RC_CG_HIER_INST0          0        1      4.556     774.473     779.029 
  RandomHardware_016                  0       30    789.480     331.058    1120.538 
    CompareMux_001                    0       14    789.433     331.058    1120.491 
  RandomHardware_009                  0       44    571.426    1579.134    2150.560 
    Mux2_000                          0       16    571.344    1579.134    2150.478 
  RandomHardware_007                  0       17    491.832    1256.372    1748.204 
    ReduceXorMux_000                  0       13    491.820    1256.372    1748.192 
  RandomHardware_013                  0       32    351.004    1739.689    2090.692 
    Mux4_000                          0       11    350.942    1739.689    2090.631 
  RandomHardware_025                  0       12    296.209    3649.971    3946.181 
    ReduceOrMux_000                   0        7    296.194    3649.971    3946.166 
  RandomHardware_012                  0       13    231.749     733.395     965.144 
    ReduceXorMux_000                  0       13    231.749     733.395     965.144 

