============================================================
  Generated by:           Genus(TM) Synthesis Solution 18.13-s027_1
  Generated on:           May 12 2021  11:00:00 am
  Module:                 RandomHardware
  Library domain:         PVT_0P63V_100C.setup_cond
    Domain index:         0
    Technology libraries: asap7sc7p5t_22b_SIMPLE_RVT_SS_170906 1.0
                          asap7sc7p5t_22b_SIMPLE_LVT_SS_170906 1.0
                          asap7sc7p5t_22b_SIMPLE_SLVT_SS_170906 1.0
                          asap7sc7p5t_22b_SIMPLE_SRAM_SS_170906 1.0
                          asap7sc7p5t_22b_AO_RVT_SS_170906 1.0
                          asap7sc7p5t_22b_AO_LVT_SS_170906 1.0
                          asap7sc7p5t_22b_AO_SLVT_SS_170906 1.0
                          asap7sc7p5t_22b_AO_SRAM_SS_170906 1.0
                          asap7sc7p5t_22b_OA_RVT_SS_170906 1.0
                          asap7sc7p5t_22b_OA_LVT_SS_170906 1.0
                          asap7sc7p5t_22b_OA_SLVT_SS_170906 1.0
                          asap7sc7p5t_22b_OA_SRAM_SS_170906 1.0
                          asap7sc7p5t_22b_SEQ_RVT_SS_170906 1.0
                          asap7sc7p5t_22b_SEQ_LVT_SS_170906 1.0
                          asap7sc7p5t_22b_SEQ_SLVT_SS_170906 1.0
                          asap7sc7p5t_22b_SEQ_SRAM_SS_170906 1.0
                          asap7sc7p5t_22b_INVBUF_RVT_SS_170906 1.0
                          asap7sc7p5t_22b_INVBUF_LVT_SS_170906 1.0
                          asap7sc7p5t_22b_INVBUF_SLVT_SS_170906 1.0
                          asap7sc7p5t_22b_INVBUF_SRAM_SS_170906 1.0
                          SRAM1RW1024x8_PVT_0P63V_100C 0
                          SRAM1RW128x46_PVT_0P63V_100C 0
                          SRAM1RW128x48_PVT_0P63V_100C 0
                          SRAM1RW128x8_PVT_0P63V_100C 0
                          SRAM1RW256x128_PVT_0P63V_100C 0
                          SRAM1RW256x32_PVT_0P63V_100C 0
                          SRAM1RW256x46_PVT_0P63V_100C 0
                          SRAM1RW256x48_PVT_0P63V_100C 0
                          SRAM1RW256x8_PVT_0P63V_100C 0
                          SRAM1RW32x50_PVT_0P63V_100C 0
                          SRAM1RW512x128_PVT_0P63V_100C 0
                          SRAM1RW512x32_PVT_0P63V_100C 0
                          SRAM1RW512x8_PVT_0P63V_100C 0
                          SRAM1RW64x128_PVT_0P63V_100C 0
                          SRAM1RW64x32_PVT_0P63V_100C 0
                          SRAM1RW64x34_PVT_0P63V_100C 0
                          SRAM1RW64x8_PVT_0P63V_100C 0
                          SRAM2RW128x16_PVT_0P63V_100C 0
                          SRAM2RW128x32_PVT_0P63V_100C 0
                          SRAM2RW128x4_PVT_0P63V_100C 0
                          SRAM2RW128x8_PVT_0P63V_100C 0
                          SRAM2RW16x16_PVT_0P63V_100C 0
                          SRAM2RW16x32_PVT_0P63V_100C 0
                          SRAM2RW16x4_PVT_0P63V_100C 0
                          SRAM2RW16x8_PVT_0P63V_100C 0
                          SRAM2RW32x16_PVT_0P63V_100C 0
                          SRAM2RW32x22_PVT_0P63V_100C 0
                          SRAM2RW32x32_PVT_0P63V_100C 0
                          SRAM2RW32x39_PVT_0P63V_100C 0
                          SRAM2RW32x4_PVT_0P63V_100C 0
                          SRAM2RW32x8_PVT_0P63V_100C 0
                          SRAM2RW64x16_PVT_0P63V_100C 0
                          SRAM2RW64x32_PVT_0P63V_100C 0
                          SRAM2RW64x4_PVT_0P63V_100C 0
                          SRAM2RW64x8_PVT_0P63V_100C 0
    Operating conditions: PVT_0P63V_100C 
  Interconnect mode:      global
  Area mode:              physical library
============================================================

                          Library        Leakage    Dynamic     Total   
        Instance           Domain Cells Power(nW)  Power(nW)  Power(nW) 
------------------------------------------------------------------------
RandomHardware               0     1020 79716.748 576566.213 656282.961 
  RandomHardware_009         0       64 18668.540 119497.551 138166.090 
    ShiftRegister_000        0       64 18668.540 119497.551 138166.090 
  RandomHardware_012         0       64 18665.310 116053.449 134718.759 
    ShiftRegister_000        0       64 18665.310 116053.449 134718.759 
  ShiftRegister_002          0       32  9333.423  68248.749  77582.173 
  RandomHardware_010         0      382  7673.161  33132.240  40805.401 
    RandomHardware_000       0       59  4470.768  27692.404  32163.172 
      RandomHardware_000     0       59  4470.768  27692.404  32163.172 
        Accum_000            0       59  4470.768  27692.404  32163.172 
    Mod_001                  0      323  3202.392   5439.837   8642.229 
  Accum_003                  0       62  3432.774  33376.084  36808.858 
  Accum_015                  0       49  3039.460  27077.535  30116.995 
  Accum_007                  0       49  3037.303  26714.365  29751.668 
  Accum_006                  0       49  3013.579  30266.832  33280.411 
  Accum_016                  0       49  2994.898  18088.404  21083.302 
  RandomHardware_011         0       18  2625.140  16806.742  19431.883 
    Reg_000                  0       12  2625.123  16806.742  19431.865 
  RandomHardware_004         0       72  2604.305  23467.395  26071.700 
    RandomHardware_000       0       67  2604.290  23467.395  26071.685 
      RandomHardware_000     0       57  2604.261  23467.395  26071.655 
        Accum_000            0       47  2604.231  23467.395  26071.626 
  Reg_005                    0        8  2329.278  23058.963  25388.241 
  RandomHardware_018         0       15   713.112   5463.332   6176.444 
    Mux2_001                 0       10   713.097   5463.332   6176.429 
  RandomHardware_013         0       24   558.167   1000.958   1559.125 
    ReduceXorMux_000         0       16   558.143   1000.958   1559.101 
  RandomHardware_000         0       12   556.050    570.745   1126.795 
    ReduceXorMux_000         0       12   556.050    570.745   1126.795 
  RandomHardware_008         0       16   373.425   4820.806   5194.230 
    Mux8_000                 0       10   373.407   4820.806   5194.213 
  RandomHardware_017         0       21    98.723    216.271    314.994 
    ReduceOrMux_000          0       13    98.700    216.271    314.970 

