============================================================
  Generated by:           Genus(TM) Synthesis Solution 18.13-s027_1
  Generated on:           May 12 2021  11:20:57 am
  Module:                 RandomHardware
  Library domain:         PVT_0P63V_100C.setup_cond
    Domain index:         0
    Technology libraries: asap7sc7p5t_22b_SIMPLE_RVT_SS_170906 1.0
                          asap7sc7p5t_22b_SIMPLE_LVT_SS_170906 1.0
                          asap7sc7p5t_22b_SIMPLE_SLVT_SS_170906 1.0
                          asap7sc7p5t_22b_SIMPLE_SRAM_SS_170906 1.0
                          asap7sc7p5t_22b_AO_RVT_SS_170906 1.0
                          asap7sc7p5t_22b_AO_LVT_SS_170906 1.0
                          asap7sc7p5t_22b_AO_SLVT_SS_170906 1.0
                          asap7sc7p5t_22b_AO_SRAM_SS_170906 1.0
                          asap7sc7p5t_22b_OA_RVT_SS_170906 1.0
                          asap7sc7p5t_22b_OA_LVT_SS_170906 1.0
                          asap7sc7p5t_22b_OA_SLVT_SS_170906 1.0
                          asap7sc7p5t_22b_OA_SRAM_SS_170906 1.0
                          asap7sc7p5t_22b_SEQ_RVT_SS_170906 1.0
                          asap7sc7p5t_22b_SEQ_LVT_SS_170906 1.0
                          asap7sc7p5t_22b_SEQ_SLVT_SS_170906 1.0
                          asap7sc7p5t_22b_SEQ_SRAM_SS_170906 1.0
                          asap7sc7p5t_22b_INVBUF_RVT_SS_170906 1.0
                          asap7sc7p5t_22b_INVBUF_LVT_SS_170906 1.0
                          asap7sc7p5t_22b_INVBUF_SLVT_SS_170906 1.0
                          asap7sc7p5t_22b_INVBUF_SRAM_SS_170906 1.0
                          SRAM1RW1024x8_PVT_0P63V_100C 0
                          SRAM1RW128x46_PVT_0P63V_100C 0
                          SRAM1RW128x48_PVT_0P63V_100C 0
                          SRAM1RW128x8_PVT_0P63V_100C 0
                          SRAM1RW256x128_PVT_0P63V_100C 0
                          SRAM1RW256x32_PVT_0P63V_100C 0
                          SRAM1RW256x46_PVT_0P63V_100C 0
                          SRAM1RW256x48_PVT_0P63V_100C 0
                          SRAM1RW256x8_PVT_0P63V_100C 0
                          SRAM1RW32x50_PVT_0P63V_100C 0
                          SRAM1RW512x128_PVT_0P63V_100C 0
                          SRAM1RW512x32_PVT_0P63V_100C 0
                          SRAM1RW512x8_PVT_0P63V_100C 0
                          SRAM1RW64x128_PVT_0P63V_100C 0
                          SRAM1RW64x32_PVT_0P63V_100C 0
                          SRAM1RW64x34_PVT_0P63V_100C 0
                          SRAM1RW64x8_PVT_0P63V_100C 0
                          SRAM2RW128x16_PVT_0P63V_100C 0
                          SRAM2RW128x32_PVT_0P63V_100C 0
                          SRAM2RW128x4_PVT_0P63V_100C 0
                          SRAM2RW128x8_PVT_0P63V_100C 0
                          SRAM2RW16x16_PVT_0P63V_100C 0
                          SRAM2RW16x32_PVT_0P63V_100C 0
                          SRAM2RW16x4_PVT_0P63V_100C 0
                          SRAM2RW16x8_PVT_0P63V_100C 0
                          SRAM2RW32x16_PVT_0P63V_100C 0
                          SRAM2RW32x22_PVT_0P63V_100C 0
                          SRAM2RW32x32_PVT_0P63V_100C 0
                          SRAM2RW32x39_PVT_0P63V_100C 0
                          SRAM2RW32x4_PVT_0P63V_100C 0
                          SRAM2RW32x8_PVT_0P63V_100C 0
                          SRAM2RW64x16_PVT_0P63V_100C 0
                          SRAM2RW64x32_PVT_0P63V_100C 0
                          SRAM2RW64x4_PVT_0P63V_100C 0
                          SRAM2RW64x8_PVT_0P63V_100C 0
    Operating conditions: PVT_0P63V_100C 
  Interconnect mode:      global
  Area mode:              physical library
============================================================

                                    Library         Leakage    Dynamic     Total    
             Instance                Domain Cells  Power(nW)  Power(nW)  Power(nW)  
------------------------------------------------------------------------------------
RandomHardware                         0     1941 122066.956 942868.662 1064935.618 
  RandomHardware_015                   0      219  23928.430 223019.257  246947.687 
    Accum_000                          0      111  12238.757 114647.843  126886.601 
    Accum_001                          0      103  11689.658 108371.413  120061.072 
  RandomHardware_027                   0      184  18551.305  76973.819   95525.124 
    ResetShiftRegister_001             0      162  13009.234  60029.884   73039.118 
      CLKGATE_RC_CG_HIER_INST8         0        1      4.430   1863.931    1868.361 
      CLKGATE_RC_CG_HIER_INST9         0        1      4.430   1863.931    1868.361 
      CLKGATE_RC_CG_HIER_INST10        0        1      4.430   1863.931    1868.361 
      CLKGATE_RC_CG_HIER_INST11        0        1      4.430   1863.931    1868.361 
    Reg_000                            0       20   5542.066  16943.935   22486.001 
  RandomHardware_013                   0      118  15593.832 102698.729  118292.561 
    ShiftRegister_001                  0       40  11666.810  80789.396   92456.206 
    RandomHardware_000                 0       76   3927.016  21909.333   25836.349 
      RandomHardware_000               0       72   3927.004  21909.333   25836.337 
        Accum_000                      0       68   3926.992  21909.333   25836.325 
          CLKGATE_RC_CG_HIER_INST2     0        1      4.592    897.002     901.594 
  RandomHardware_010                   0      177  11960.665  96661.007  108621.672 
    Accum_002                          0      119  11700.154  94985.922  106686.076 
    ReduceAndMux_001                   0       17    260.390   1675.085    1935.475 
  RandomHardware_019                   0      160   9050.442  78097.177   87147.619 
    Mul_001                            0       82   5123.515  37267.088   42390.604 
    RandomHardware_000                 0       76   3926.921  40830.088   44757.009 
      RandomHardware_000               0       72   3926.909  40830.088   44756.998 
        Accum_000                      0       68   3926.897  40830.088   44756.986 
          CLKGATE_RC_CG_HIER_INST5     0        1      4.596    908.291     912.887 
  RandomHardware_023                   0      121   7066.319  48054.547   55120.867 
    Mul_000                            0      117   7066.307  48054.547   55120.855 
  RandomHardware_026                   0       79   4917.374  52036.798   56954.172 
    RandomHardware_000                 0       77   4917.368  52036.798   56954.166 
      RandomHardware_000               0       75   4917.362  52036.798   56954.160 
        Accum_000                      0       73   4917.356  52036.798   56954.154 
          CLKGATE_RC_CG_HIER_INST6     0        1      4.593    902.905     907.498 
          CLKGATE_RC_CG_HIER_INST7     0        1      4.547    819.615     824.162 
  RandomHardware_003                   0       80   4792.789  43313.967   48106.756 
    Accum_000                          0       80   4792.789  43313.967   48106.756 
      CLKGATE_RC_CG_HIER_INST1         0        1      4.589    909.484     914.073 
  RandomHardware_017                   0       80   4792.662  28663.824   33456.486 
    RandomHardware_000                 0       80   4792.662  28663.824   33456.486 
      RandomHardware_000               0       80   4792.662  28663.824   33456.486 
        Accum_000                      0       80   4792.662  28663.824   33456.486 
          CLKGATE_RC_CG_HIER_INST3     0        1      4.588    897.829     902.417 
  ShiftRegister_007                    0       19   4667.021  21632.330   26299.351 
  Accum_016                            0       71   3943.119  41923.826   45866.945 
    CLKGATE_RC_CG_HIER_INST0           0        1      4.581    919.703     924.284 
  RandomHardware_018                   0       76   3071.490  33552.214   36623.704 
    RandomHardware_000                 0       72   3071.478  33552.214   36623.692 
      RandomHardware_000               0       64   3071.454  33552.214   36623.669 
        Accum_000                      0       56   3071.431  33552.214   36623.645 
          CLKGATE_RC_CG_HIER_INST4     0        1      4.591    903.543     908.134 
  RandomHardware_004                   0       43   2234.525   8776.286   11010.811 
    ReduceXorMux_001                   0       15    880.108   4123.243    5003.351 
    Mux2_002                           0       12    710.482   2666.524    3377.006 
    RandomHardware_003                 0       10    643.917   1986.519    2630.436 
      Mux2_000                         0       10    643.917   1986.519    2630.436 
  RandomHardware_014                   0       24   1750.290   5381.681    7131.971 
    Reg_000                            0       12   1750.255   5381.681    7131.936 
  RandomHardware_009                   0      108   1611.182  14692.286   16303.468 
    Sub_001                            0       83   1151.156  13369.545   14520.701 
    ReduceOrMux_003                    0        7    233.967    941.607    1175.574 
    Mul_002                            0        6    120.187    364.183     484.370 
    Mul_000                            0        6    105.854     16.952     122.806 
  RandomHardware_000                   0       41   1071.237  10420.588   11491.825 
    Mux2_001                           0       19   1071.172  10420.588   11491.760 
  RandomHardware_012                   0       46    617.052   3100.831    3717.883 
    Mux2_000                           0       19    616.973   3100.831    3717.803 
  Reg_006                              0       10    583.349   6508.760    7092.108 
  Mul_005                              0       63    573.309  12991.139   13564.447 
  RandomHardware_001                   0       14    489.599    184.875     674.474 
    ReduceAndMux_000                   0        9    489.584    184.875     674.459 
  RandomHardware_022                   0       33    426.474   1449.779    1876.253 
    Mux2_000                           0       14    426.418   1449.779    1876.197 
  RandomHardware_024                   0       10    374.006   2255.400    2629.406 
    ReduceAndMux_000                   0        7    373.997   2255.400    2629.398 

