============================================================
  Generated by:           Genus(TM) Synthesis Solution 18.13-s027_1
  Generated on:           May 12 2021  11:05:50 am
  Module:                 RandomHardware
  Library domain:         PVT_0P63V_100C.setup_cond
    Domain index:         0
    Technology libraries: asap7sc7p5t_22b_SIMPLE_RVT_SS_170906 1.0
                          asap7sc7p5t_22b_SIMPLE_LVT_SS_170906 1.0
                          asap7sc7p5t_22b_SIMPLE_SLVT_SS_170906 1.0
                          asap7sc7p5t_22b_SIMPLE_SRAM_SS_170906 1.0
                          asap7sc7p5t_22b_AO_RVT_SS_170906 1.0
                          asap7sc7p5t_22b_AO_LVT_SS_170906 1.0
                          asap7sc7p5t_22b_AO_SLVT_SS_170906 1.0
                          asap7sc7p5t_22b_AO_SRAM_SS_170906 1.0
                          asap7sc7p5t_22b_OA_RVT_SS_170906 1.0
                          asap7sc7p5t_22b_OA_LVT_SS_170906 1.0
                          asap7sc7p5t_22b_OA_SLVT_SS_170906 1.0
                          asap7sc7p5t_22b_OA_SRAM_SS_170906 1.0
                          asap7sc7p5t_22b_SEQ_RVT_SS_170906 1.0
                          asap7sc7p5t_22b_SEQ_LVT_SS_170906 1.0
                          asap7sc7p5t_22b_SEQ_SLVT_SS_170906 1.0
                          asap7sc7p5t_22b_SEQ_SRAM_SS_170906 1.0
                          asap7sc7p5t_22b_INVBUF_RVT_SS_170906 1.0
                          asap7sc7p5t_22b_INVBUF_LVT_SS_170906 1.0
                          asap7sc7p5t_22b_INVBUF_SLVT_SS_170906 1.0
                          asap7sc7p5t_22b_INVBUF_SRAM_SS_170906 1.0
                          SRAM1RW1024x8_PVT_0P63V_100C 0
                          SRAM1RW128x46_PVT_0P63V_100C 0
                          SRAM1RW128x48_PVT_0P63V_100C 0
                          SRAM1RW128x8_PVT_0P63V_100C 0
                          SRAM1RW256x128_PVT_0P63V_100C 0
                          SRAM1RW256x32_PVT_0P63V_100C 0
                          SRAM1RW256x46_PVT_0P63V_100C 0
                          SRAM1RW256x48_PVT_0P63V_100C 0
                          SRAM1RW256x8_PVT_0P63V_100C 0
                          SRAM1RW32x50_PVT_0P63V_100C 0
                          SRAM1RW512x128_PVT_0P63V_100C 0
                          SRAM1RW512x32_PVT_0P63V_100C 0
                          SRAM1RW512x8_PVT_0P63V_100C 0
                          SRAM1RW64x128_PVT_0P63V_100C 0
                          SRAM1RW64x32_PVT_0P63V_100C 0
                          SRAM1RW64x34_PVT_0P63V_100C 0
                          SRAM1RW64x8_PVT_0P63V_100C 0
                          SRAM2RW128x16_PVT_0P63V_100C 0
                          SRAM2RW128x32_PVT_0P63V_100C 0
                          SRAM2RW128x4_PVT_0P63V_100C 0
                          SRAM2RW128x8_PVT_0P63V_100C 0
                          SRAM2RW16x16_PVT_0P63V_100C 0
                          SRAM2RW16x32_PVT_0P63V_100C 0
                          SRAM2RW16x4_PVT_0P63V_100C 0
                          SRAM2RW16x8_PVT_0P63V_100C 0
                          SRAM2RW32x16_PVT_0P63V_100C 0
                          SRAM2RW32x22_PVT_0P63V_100C 0
                          SRAM2RW32x32_PVT_0P63V_100C 0
                          SRAM2RW32x39_PVT_0P63V_100C 0
                          SRAM2RW32x4_PVT_0P63V_100C 0
                          SRAM2RW32x8_PVT_0P63V_100C 0
                          SRAM2RW64x16_PVT_0P63V_100C 0
                          SRAM2RW64x32_PVT_0P63V_100C 0
                          SRAM2RW64x4_PVT_0P63V_100C 0
                          SRAM2RW64x8_PVT_0P63V_100C 0
    Operating conditions: PVT_0P63V_100C 
  Interconnect mode:      global
  Area mode:              physical library
============================================================

                                Library        Leakage    Dynamic     Total   
           Instance              Domain Cells Power(nW)  Power(nW)  Power(nW) 
------------------------------------------------------------------------------
RandomHardware                     0     1157 90499.440 481798.693 572298.133 
  RandomHardware_016               0       99 16490.834  74350.906  90841.739 
    RandomHardware_001             0       71 11531.896  59193.311  70725.206 
      ShiftRegister_001            0       39 10501.104  57174.539  67675.643 
      ReduceXorMux_000             0       16  1030.745   2018.772   3049.516 
    Reg_000                        0       20  4958.915  15157.595  20116.509 
  RandomHardware_019               0      236 16233.603  98045.327 114278.931 
    ResetShiftRegister_001         0      210 16233.527  98045.327 114278.854 
      CLKGATE_RC_CG_HIER_INST3     0        1     4.487   2692.292   2696.779 
      CLKGATE_RC_CG_HIER_INST4     0        1     4.487   2692.292   2696.779 
      CLKGATE_RC_CG_HIER_INST5     0        1     4.487   2692.292   2696.779 
      CLKGATE_RC_CG_HIER_INST6     0        1     4.487   2692.292   2696.779 
  RandomHardware_003               0      108  9683.924  45453.829  55137.753 
    RandomHardware_001             0       73  9566.433  43482.708  53049.141 
      ShiftRegister_001            0       36  9333.986  42225.321  51559.307 
      ReduceXorMux_000             0       17   232.388   1257.387   1489.775 
    Mul_000                        0       27   117.468   1971.121   2088.589 
  RandomHardware_022               0      130  7126.322  34553.674  41679.996 
    Reg_003                        0       10  2828.325  13812.574  16640.899 
    Accum_001                      0       45  2570.853  16723.036  19293.888 
    ReduceOrMux_000                0       26  1244.164   2817.719   4061.882 
    Mux2_002                       0       11   482.868   1200.346   1683.214 
  RandomHardware_001               0       20  5833.953  18062.748  23896.701 
    Reg_000                        0       20  5833.953  18062.748  23896.701 
  ShiftRegister_018                0       20  5833.601  37332.742  43166.343 
  ShiftRegister_007                0       20  5832.800  32422.574  38255.374 
  ShiftRegister_005                0       20  5832.037  27696.528  33528.565 
  RandomHardware_013               0       83  5416.873  43740.897  49157.771 
    Accum_000                      0       81  5416.868  43740.897  49157.765 
      CLKGATE_RC_CG_HIER_INST2     0        1     4.544    795.579    800.123 
  RandomHardware_011               0       40  5124.131  20028.126  25152.257 
    RegFile2R1W_000                0       36  5124.119  20028.126  25152.245 
      CLKGATE_RC_CG_HIER_INST1     0        1     4.358    867.827    872.185 
      CLKGATE_RC_CG_HIER_INST0     0        1     4.290    767.192    771.482 
  RandomHardware_014               0      195  1740.365   2244.313   3984.678 
    Div_000                        0      195  1740.365   2244.313   3984.678 
  Accum_012                        0       28  1735.389  10474.677  12210.065 
  Reg_025                          0        5  1457.789   4845.411   6303.200 
  RandomHardware_009               0       25   692.187   3076.495   3768.682 
    CompareMux_001                 0       15   692.158   3076.495   3768.653 
  RandomHardware_017               0       16   688.905    721.536   1410.440 
    ReduceXorMux_000               0       14   688.899    721.536   1410.435 
  RandomHardware_015               0       16   544.605    343.957    888.562 
    CompareMux_000                 0       13   544.596    343.957    888.553 
  RandomHardware_010               0       19   231.895     86.242    318.137 
    ReduceAndMux_001               0        8   231.863     86.242    318.105 

