============================================================
  Generated by:           Genus(TM) Synthesis Solution 18.13-s027_1
  Generated on:           May 12 2021  11:01:10 am
  Module:                 RandomHardware
  Library domain:         PVT_0P63V_100C.setup_cond
    Domain index:         0
    Technology libraries: asap7sc7p5t_22b_SIMPLE_RVT_SS_170906 1.0
                          asap7sc7p5t_22b_SIMPLE_LVT_SS_170906 1.0
                          asap7sc7p5t_22b_SIMPLE_SLVT_SS_170906 1.0
                          asap7sc7p5t_22b_SIMPLE_SRAM_SS_170906 1.0
                          asap7sc7p5t_22b_AO_RVT_SS_170906 1.0
                          asap7sc7p5t_22b_AO_LVT_SS_170906 1.0
                          asap7sc7p5t_22b_AO_SLVT_SS_170906 1.0
                          asap7sc7p5t_22b_AO_SRAM_SS_170906 1.0
                          asap7sc7p5t_22b_OA_RVT_SS_170906 1.0
                          asap7sc7p5t_22b_OA_LVT_SS_170906 1.0
                          asap7sc7p5t_22b_OA_SLVT_SS_170906 1.0
                          asap7sc7p5t_22b_OA_SRAM_SS_170906 1.0
                          asap7sc7p5t_22b_SEQ_RVT_SS_170906 1.0
                          asap7sc7p5t_22b_SEQ_LVT_SS_170906 1.0
                          asap7sc7p5t_22b_SEQ_SLVT_SS_170906 1.0
                          asap7sc7p5t_22b_SEQ_SRAM_SS_170906 1.0
                          asap7sc7p5t_22b_INVBUF_RVT_SS_170906 1.0
                          asap7sc7p5t_22b_INVBUF_LVT_SS_170906 1.0
                          asap7sc7p5t_22b_INVBUF_SLVT_SS_170906 1.0
                          asap7sc7p5t_22b_INVBUF_SRAM_SS_170906 1.0
                          SRAM1RW1024x8_PVT_0P63V_100C 0
                          SRAM1RW128x46_PVT_0P63V_100C 0
                          SRAM1RW128x48_PVT_0P63V_100C 0
                          SRAM1RW128x8_PVT_0P63V_100C 0
                          SRAM1RW256x128_PVT_0P63V_100C 0
                          SRAM1RW256x32_PVT_0P63V_100C 0
                          SRAM1RW256x46_PVT_0P63V_100C 0
                          SRAM1RW256x48_PVT_0P63V_100C 0
                          SRAM1RW256x8_PVT_0P63V_100C 0
                          SRAM1RW32x50_PVT_0P63V_100C 0
                          SRAM1RW512x128_PVT_0P63V_100C 0
                          SRAM1RW512x32_PVT_0P63V_100C 0
                          SRAM1RW512x8_PVT_0P63V_100C 0
                          SRAM1RW64x128_PVT_0P63V_100C 0
                          SRAM1RW64x32_PVT_0P63V_100C 0
                          SRAM1RW64x34_PVT_0P63V_100C 0
                          SRAM1RW64x8_PVT_0P63V_100C 0
                          SRAM2RW128x16_PVT_0P63V_100C 0
                          SRAM2RW128x32_PVT_0P63V_100C 0
                          SRAM2RW128x4_PVT_0P63V_100C 0
                          SRAM2RW128x8_PVT_0P63V_100C 0
                          SRAM2RW16x16_PVT_0P63V_100C 0
                          SRAM2RW16x32_PVT_0P63V_100C 0
                          SRAM2RW16x4_PVT_0P63V_100C 0
                          SRAM2RW16x8_PVT_0P63V_100C 0
                          SRAM2RW32x16_PVT_0P63V_100C 0
                          SRAM2RW32x22_PVT_0P63V_100C 0
                          SRAM2RW32x32_PVT_0P63V_100C 0
                          SRAM2RW32x39_PVT_0P63V_100C 0
                          SRAM2RW32x4_PVT_0P63V_100C 0
                          SRAM2RW32x8_PVT_0P63V_100C 0
                          SRAM2RW64x16_PVT_0P63V_100C 0
                          SRAM2RW64x32_PVT_0P63V_100C 0
                          SRAM2RW64x4_PVT_0P63V_100C 0
                          SRAM2RW64x8_PVT_0P63V_100C 0
    Operating conditions: PVT_0P63V_100C 
  Interconnect mode:      global
  Area mode:              physical library
============================================================

                                Library         Leakage    Dynamic     Total   
           Instance              Domain Cells  Power(nW)  Power(nW)  Power(nW) 
-------------------------------------------------------------------------------
RandomHardware                     0     1149 102807.008 583179.039 685986.047 
  RandomHardware_014               0      128  23335.228 143273.414 166608.641 
    ShiftRegister_000              0       96  23335.133 143273.414 166608.547 
  RandomHardware_009               0      205  12527.316  70471.808  82999.124 
    ResetShiftRegister_000         0      151  10699.804  65835.326  76535.130 
      CLKGATE_RC_CG_HIER_INST0     0        1      4.510   2052.059   2056.568 
      CLKGATE_RC_CG_HIER_INST1     0        1      4.510   2052.059   2056.568 
      CLKGATE_RC_CG_HIER_INST2     0        1      4.510   2052.059   2056.568 
      CLKGATE_RC_CG_HIER_INST3     0        1      4.510   2052.059   2056.568 
    Add_001                        0       40   1827.471   4636.482   6463.953 
  RandomHardware_001               0       62  11418.131  78826.665  90244.796 
    RandomHardware_000             0       57  11418.116  78826.665  90244.781 
      ShiftRegister_000            0       36  10507.205  74997.559  85504.764 
      CompareMux_001               0       16    910.896   3829.106   4740.003 
  RandomHardware_013               0       59  11310.696  49646.561  60957.257 
    RandomHardware_000             0       56  11310.688  49646.561  60957.248 
      ShiftRegister_000            0       36  10502.073  49339.392  59841.466 
      CompareMux_001               0       17    808.605    307.168   1115.774 
  RandomHardware_000               0       72  11247.190  49778.177  61025.367 
    RandomHardware_000             0       57  11247.146  49778.177  61025.323 
      ShiftRegister_000            0       36  10501.807  49490.830  59992.636 
      CompareMux_001               0       17    745.328    287.347   1032.674 
  ShiftRegister_008                0       32   9334.153  43543.526  52877.679 
  RandomHardware_015               0       61   6882.717  29809.592  36692.309 
    RegFile2R1W_001                0       52   6321.707  27406.450  33728.158 
      CLKGATE_RC_CG_HIER_INST5     0        1      4.165    545.688    549.854 
      CLKGATE_RC_CG_HIER_INST4     0        1      4.143    527.383    531.526 
      CLKGATE_RC_CG_HIER_INST6     0        1      4.129    531.113    535.242 
      CLKGATE_RC_CG_HIER_INST7     0        1      4.096    484.263    488.360 
    Mux2_000                       0        9    561.009   2403.142   2964.151 
  ShiftRegister_005                0       20   5844.872  28524.469  34369.340 
  RandomHardware_002               0      238   5246.637  14587.526  19834.163 
    Reg_001                        0       10   2926.415  10507.963  13434.378 
    Mod_000                        0      228   2320.222   4079.563   6399.785 
  Accum_010                        0       28   1708.352  16405.074  18113.426 
  RandomHardware_003               0      149   1608.694   2392.070   4000.764 
    Mod_000                        0      149   1608.694   2392.070   4000.764 
  Reg_017                          0        5   1457.618  14200.157  15657.775 
  RegFile2R1W_006                  0       15    875.189   4527.352   5402.540 
  RandomHardware_007               0       22     10.060    391.338    401.398 
    Mux2_000                       0       11     10.028    391.338    401.366 

