============================================================
  Generated by:           Genus(TM) Synthesis Solution 18.13-s027_1
  Generated on:           May 12 2021  10:55:02 am
  Module:                 RandomHardware
  Library domain:         PVT_0P63V_100C.setup_cond
    Domain index:         0
    Technology libraries: asap7sc7p5t_22b_SIMPLE_RVT_SS_170906 1.0
                          asap7sc7p5t_22b_SIMPLE_LVT_SS_170906 1.0
                          asap7sc7p5t_22b_SIMPLE_SLVT_SS_170906 1.0
                          asap7sc7p5t_22b_SIMPLE_SRAM_SS_170906 1.0
                          asap7sc7p5t_22b_AO_RVT_SS_170906 1.0
                          asap7sc7p5t_22b_AO_LVT_SS_170906 1.0
                          asap7sc7p5t_22b_AO_SLVT_SS_170906 1.0
                          asap7sc7p5t_22b_AO_SRAM_SS_170906 1.0
                          asap7sc7p5t_22b_OA_RVT_SS_170906 1.0
                          asap7sc7p5t_22b_OA_LVT_SS_170906 1.0
                          asap7sc7p5t_22b_OA_SLVT_SS_170906 1.0
                          asap7sc7p5t_22b_OA_SRAM_SS_170906 1.0
                          asap7sc7p5t_22b_SEQ_RVT_SS_170906 1.0
                          asap7sc7p5t_22b_SEQ_LVT_SS_170906 1.0
                          asap7sc7p5t_22b_SEQ_SLVT_SS_170906 1.0
                          asap7sc7p5t_22b_SEQ_SRAM_SS_170906 1.0
                          asap7sc7p5t_22b_INVBUF_RVT_SS_170906 1.0
                          asap7sc7p5t_22b_INVBUF_LVT_SS_170906 1.0
                          asap7sc7p5t_22b_INVBUF_SLVT_SS_170906 1.0
                          asap7sc7p5t_22b_INVBUF_SRAM_SS_170906 1.0
                          SRAM1RW1024x8_PVT_0P63V_100C 0
                          SRAM1RW128x46_PVT_0P63V_100C 0
                          SRAM1RW128x48_PVT_0P63V_100C 0
                          SRAM1RW128x8_PVT_0P63V_100C 0
                          SRAM1RW256x128_PVT_0P63V_100C 0
                          SRAM1RW256x32_PVT_0P63V_100C 0
                          SRAM1RW256x46_PVT_0P63V_100C 0
                          SRAM1RW256x48_PVT_0P63V_100C 0
                          SRAM1RW256x8_PVT_0P63V_100C 0
                          SRAM1RW32x50_PVT_0P63V_100C 0
                          SRAM1RW512x128_PVT_0P63V_100C 0
                          SRAM1RW512x32_PVT_0P63V_100C 0
                          SRAM1RW512x8_PVT_0P63V_100C 0
                          SRAM1RW64x128_PVT_0P63V_100C 0
                          SRAM1RW64x32_PVT_0P63V_100C 0
                          SRAM1RW64x34_PVT_0P63V_100C 0
                          SRAM1RW64x8_PVT_0P63V_100C 0
                          SRAM2RW128x16_PVT_0P63V_100C 0
                          SRAM2RW128x32_PVT_0P63V_100C 0
                          SRAM2RW128x4_PVT_0P63V_100C 0
                          SRAM2RW128x8_PVT_0P63V_100C 0
                          SRAM2RW16x16_PVT_0P63V_100C 0
                          SRAM2RW16x32_PVT_0P63V_100C 0
                          SRAM2RW16x4_PVT_0P63V_100C 0
                          SRAM2RW16x8_PVT_0P63V_100C 0
                          SRAM2RW32x16_PVT_0P63V_100C 0
                          SRAM2RW32x22_PVT_0P63V_100C 0
                          SRAM2RW32x32_PVT_0P63V_100C 0
                          SRAM2RW32x39_PVT_0P63V_100C 0
                          SRAM2RW32x4_PVT_0P63V_100C 0
                          SRAM2RW32x8_PVT_0P63V_100C 0
                          SRAM2RW64x16_PVT_0P63V_100C 0
                          SRAM2RW64x32_PVT_0P63V_100C 0
                          SRAM2RW64x4_PVT_0P63V_100C 0
                          SRAM2RW64x8_PVT_0P63V_100C 0
    Operating conditions: PVT_0P63V_100C 
  Interconnect mode:      global
  Area mode:              physical library
============================================================

                                  Library        Leakage    Dynamic     Total   
            Instance               Domain Cells Power(nW)  Power(nW)  Power(nW) 
--------------------------------------------------------------------------------
RandomHardware                       0      818 50557.187 350943.136 401500.324 
  RandomHardware_015                 0      335 23956.372 165912.733 189869.105 
    ShiftRegister_001                0       75 15167.920 104191.291 119359.210 
    RandomHardware_000               0      190  8788.247  61721.442  70509.689 
      Accum_001                      0       52  3831.404  26412.819  30244.222 
        CLKGATE_RC_CG_HIER_INST0     0        1     4.320    784.210    788.530 
      Reg_000                        0       36  3789.843  27880.328  31670.171 
      RandomHardware_002             0       40  1166.817   7428.295   8595.112 
        ShiftRegister_000            0       16  1166.747   7428.295   8595.042 
  RandomHardware_027                 0       51 10209.327  73391.190  83600.517 
    ShiftRegister_001                0       32  9336.198  68577.282  77913.480 
    CompareMux_000                   0       16   873.120   4813.909   5687.029 
  RandomHardware_021                 0       83  3714.758  18262.007  21976.765 
    Accum_001                        0       53  3668.185  18149.048  21817.233 
      CLKGATE_RC_CG_HIER_INST1       0        1     4.247    579.736    583.983 
    ReduceOrMux_000                  0       11    46.517    112.959    159.476 
  RandomHardware_001                 0       53  3328.706  18373.986  21702.692 
    Accum_000                        0       47  3328.688  18373.986  21702.675 
  Accum_018                          0       49  3008.251  29089.107  32097.358 
  RandomHardware_024                 0       52  2500.891  15399.734  17900.626 
    Accum_000                        0       25  1333.979  11717.304  13051.284 
      CLKGATE_RC_CG_HIER_INST2       0        1     4.535    850.374    854.909 
    Reg_001                          0       11  1166.865   3682.430   4849.295 
  RandomHardware_006                 0       30  1750.279   5350.588   7100.867 
    Reg_000                          0       14  1750.232   5350.588   7100.820 
  ShiftRegister_017                  0        7  1166.773   5511.651   6678.424 
  RandomHardware_000                 0       11   503.575    247.890    751.466 
    CompareMux_000                   0       10   503.573    247.890    751.463 
  RandomHardware_023                 0       25   417.896    221.627    639.522 
    ReduceOrMux_000                  0       10   417.851    221.627    639.478 

