============================================================
  Generated by:           Genus(TM) Synthesis Solution 18.13-s027_1
  Generated on:           May 12 2021  11:19:42 am
  Module:                 RandomHardware
  Library domain:         PVT_0P63V_100C.setup_cond
    Domain index:         0
    Technology libraries: asap7sc7p5t_22b_SIMPLE_RVT_SS_170906 1.0
                          asap7sc7p5t_22b_SIMPLE_LVT_SS_170906 1.0
                          asap7sc7p5t_22b_SIMPLE_SLVT_SS_170906 1.0
                          asap7sc7p5t_22b_SIMPLE_SRAM_SS_170906 1.0
                          asap7sc7p5t_22b_AO_RVT_SS_170906 1.0
                          asap7sc7p5t_22b_AO_LVT_SS_170906 1.0
                          asap7sc7p5t_22b_AO_SLVT_SS_170906 1.0
                          asap7sc7p5t_22b_AO_SRAM_SS_170906 1.0
                          asap7sc7p5t_22b_OA_RVT_SS_170906 1.0
                          asap7sc7p5t_22b_OA_LVT_SS_170906 1.0
                          asap7sc7p5t_22b_OA_SLVT_SS_170906 1.0
                          asap7sc7p5t_22b_OA_SRAM_SS_170906 1.0
                          asap7sc7p5t_22b_SEQ_RVT_SS_170906 1.0
                          asap7sc7p5t_22b_SEQ_LVT_SS_170906 1.0
                          asap7sc7p5t_22b_SEQ_SLVT_SS_170906 1.0
                          asap7sc7p5t_22b_SEQ_SRAM_SS_170906 1.0
                          asap7sc7p5t_22b_INVBUF_RVT_SS_170906 1.0
                          asap7sc7p5t_22b_INVBUF_LVT_SS_170906 1.0
                          asap7sc7p5t_22b_INVBUF_SLVT_SS_170906 1.0
                          asap7sc7p5t_22b_INVBUF_SRAM_SS_170906 1.0
                          SRAM1RW1024x8_PVT_0P63V_100C 0
                          SRAM1RW128x46_PVT_0P63V_100C 0
                          SRAM1RW128x48_PVT_0P63V_100C 0
                          SRAM1RW128x8_PVT_0P63V_100C 0
                          SRAM1RW256x128_PVT_0P63V_100C 0
                          SRAM1RW256x32_PVT_0P63V_100C 0
                          SRAM1RW256x46_PVT_0P63V_100C 0
                          SRAM1RW256x48_PVT_0P63V_100C 0
                          SRAM1RW256x8_PVT_0P63V_100C 0
                          SRAM1RW32x50_PVT_0P63V_100C 0
                          SRAM1RW512x128_PVT_0P63V_100C 0
                          SRAM1RW512x32_PVT_0P63V_100C 0
                          SRAM1RW512x8_PVT_0P63V_100C 0
                          SRAM1RW64x128_PVT_0P63V_100C 0
                          SRAM1RW64x32_PVT_0P63V_100C 0
                          SRAM1RW64x34_PVT_0P63V_100C 0
                          SRAM1RW64x8_PVT_0P63V_100C 0
                          SRAM2RW128x16_PVT_0P63V_100C 0
                          SRAM2RW128x32_PVT_0P63V_100C 0
                          SRAM2RW128x4_PVT_0P63V_100C 0
                          SRAM2RW128x8_PVT_0P63V_100C 0
                          SRAM2RW16x16_PVT_0P63V_100C 0
                          SRAM2RW16x32_PVT_0P63V_100C 0
                          SRAM2RW16x4_PVT_0P63V_100C 0
                          SRAM2RW16x8_PVT_0P63V_100C 0
                          SRAM2RW32x16_PVT_0P63V_100C 0
                          SRAM2RW32x22_PVT_0P63V_100C 0
                          SRAM2RW32x32_PVT_0P63V_100C 0
                          SRAM2RW32x39_PVT_0P63V_100C 0
                          SRAM2RW32x4_PVT_0P63V_100C 0
                          SRAM2RW32x8_PVT_0P63V_100C 0
                          SRAM2RW64x16_PVT_0P63V_100C 0
                          SRAM2RW64x32_PVT_0P63V_100C 0
                          SRAM2RW64x4_PVT_0P63V_100C 0
                          SRAM2RW64x8_PVT_0P63V_100C 0
    Operating conditions: PVT_0P63V_100C 
  Interconnect mode:      global
  Area mode:              physical library
============================================================

                                   Library         Leakage    Dynamic     Total   
             Instance               Domain Cells  Power(nW)  Power(nW)  Power(nW) 
----------------------------------------------------------------------------------
RandomHardware                        0     1406 135602.842 843336.441 978939.284 
  RandomHardware_001                  0      186  34963.411 257262.671 292226.082 
    ShiftRegister_003                 0       60  17501.095 146232.285 163733.380 
    Reg_002                           0       32   8459.076  36327.352  44786.428 
    Accum_000                         0       71   7908.793  69811.634  77720.427 
    ReduceOrMux_001                   0       17   1094.429   4891.400   5985.829 
  RandomHardware_021                  0       48  14001.193  65610.287  79611.479 
    ShiftRegister_000                 0       48  14001.193  65610.287  79611.479 
  RandomHardware_017                  0      196  13331.278  72237.879  85569.156 
    ResetShiftRegister_001            0      123   9602.207  55328.692  64930.899 
      CLKGATE_RC_CG_HIER_INST7        0        1      4.441   1574.561   1579.003 
      CLKGATE_RC_CG_HIER_INST8        0        1      4.441   1574.561   1579.003 
      CLKGATE_RC_CG_HIER_INST9        0        1      4.441   1574.561   1579.003 
      CLKGATE_RC_CG_HIER_INST10       0        1      4.441   1574.561   1579.003 
    RandomHardware_000                0       33   3728.952  16909.187  20638.140 
      RegE_000                        0       21   3728.917  16909.187  20638.104 
        CLKGATE_RC_CG_HIER_INST6      0        1      4.474   1577.583   1582.057 
  RandomHardware_002                  0       90   9436.243  78887.370  88323.614 
    Accum_000                         0       83   9436.223  78887.370  88323.593 
  ShiftRegister_019                   0       28   8168.476  45170.255  53338.731 
  ShiftRegister_000                   0       28   8167.731  52002.821  60170.551 
  RandomHardware_020                  0       74   7414.376  41891.026  49305.403 
    RegE_000                          0       22   5382.288  34422.171  39804.459 
      CLKGATE_RC_CG_HIER_INST11       0        1      4.357   1725.200   1729.558 
    Mux2_001                          0       33   2032.033   7468.855   9500.888 
  RandomHardware_023                  0       29   5049.325  31002.482  36051.807 
    RandomHardware_000                0       25   5049.313  31002.482  36051.795 
      RegE_000                        0       21   5049.301  31002.482  36051.783 
        CLKGATE_RC_CG_HIER_INST13     0        1      4.326   1428.042   1432.368 
  Accum_018                           0       62   4370.268  38475.262  42845.529 
    CLKGATE_RC_CG_HIER_INST0          0        1      4.479    776.733    781.211 
  RandomHardware_011                  0       47   3962.984  28358.274  32321.257 
    Reg_001                           0       15   3210.779  24356.038  27566.818 
    Mux2_002                          0       16    752.157   4002.235   4754.393 
  RandomHardware_008                  0       33   3858.879   7159.036  11017.914 
    RegE_001                          0       21   3858.843   7159.036  11017.879 
      CLKGATE_RC_CG_HIER_INST2        0        1      4.324   1162.359   1166.683 
  ShiftRegister_007                   0       14   3500.111  22370.117  25870.229 
  RandomHardware_013                  0       46   3267.316  16753.734  20021.050 
    RandomHardware_000                0       37   3267.289  16753.734  20021.024 
      RegE_000                        0       21   3267.242  16753.734  20020.977 
        CLKGATE_RC_CG_HIER_INST3      0        1      4.319   1100.020   1104.339 
  RandomHardware_014                  0       50   3265.630   6066.454   9332.084 
    RandomHardware_000                0       37   3265.591   6066.454   9332.045 
      RegE_000                        0       21   3265.544   6066.454   9331.998 
        CLKGATE_RC_CG_HIER_INST4      0        1      4.325   1047.814   1052.139 
  RandomHardware_005                  0       26   3208.600   9829.475  13038.075 
    Reg_000                           0       16   3208.570   9829.475  13038.045 
  RandomHardware_015                  0       70   2376.465   4468.411   6844.875 
    RandomHardware_000                0       43   2376.385   4468.411   6844.796 
      RegE_000                        0       21   2376.320   4468.411   6844.731 
        CLKGATE_RC_CG_HIER_INST5      0        1      4.324    868.228    872.551 
  RandomHardware_006                  0       54   2376.445   4564.449   6940.895 
    RandomHardware_000                0       43   2376.413   4564.449   6940.862 
      RegE_000                        0       21   2376.348   4564.449   6940.798 
        CLKGATE_RC_CG_HIER_INST1      0        1      4.324    877.087    881.411 
  RandomHardware_022                  0       46   2015.581  10770.985  12786.566 
    RandomHardware_000                0       37   2015.554  10770.985  12786.539 
      RegE_000                        0       21   2015.507  10770.985  12786.492 
        CLKGATE_RC_CG_HIER_INST12     0        1      4.325   1038.944   1043.269 
  RandomHardware_003                  0       32   1355.372   4700.255   6055.627 
    Mux2_001                          0       18    803.586   2466.556   3270.142 
    Mux2_000                          0        9    551.771   2233.699   2785.471 
  RandomHardware_010                  0       15    724.253    479.974   1204.227 
    ReduceOrMux_000                   0       10    724.239    479.974   1204.212 
  RandomHardware_009                  0       74    425.795   2931.108   3356.902 
    RandomHardware_000                0       57    425.745   2931.108   3356.852 
      RegE_000                        0       23    425.645   2931.108   3356.752 
  RandomHardware_016                  0       17    362.697   1556.595   1919.293 
    Mux8_000                          0        8    362.671   1556.595   1919.266 

