============================================================
  Generated by:           Genus(TM) Synthesis Solution 18.13-s027_1
  Generated on:           May 12 2021  11:03:30 am
  Module:                 RandomHardware
  Library domain:         PVT_0P63V_100C.setup_cond
    Domain index:         0
    Technology libraries: asap7sc7p5t_22b_SIMPLE_RVT_SS_170906 1.0
                          asap7sc7p5t_22b_SIMPLE_LVT_SS_170906 1.0
                          asap7sc7p5t_22b_SIMPLE_SLVT_SS_170906 1.0
                          asap7sc7p5t_22b_SIMPLE_SRAM_SS_170906 1.0
                          asap7sc7p5t_22b_AO_RVT_SS_170906 1.0
                          asap7sc7p5t_22b_AO_LVT_SS_170906 1.0
                          asap7sc7p5t_22b_AO_SLVT_SS_170906 1.0
                          asap7sc7p5t_22b_AO_SRAM_SS_170906 1.0
                          asap7sc7p5t_22b_OA_RVT_SS_170906 1.0
                          asap7sc7p5t_22b_OA_LVT_SS_170906 1.0
                          asap7sc7p5t_22b_OA_SLVT_SS_170906 1.0
                          asap7sc7p5t_22b_OA_SRAM_SS_170906 1.0
                          asap7sc7p5t_22b_SEQ_RVT_SS_170906 1.0
                          asap7sc7p5t_22b_SEQ_LVT_SS_170906 1.0
                          asap7sc7p5t_22b_SEQ_SLVT_SS_170906 1.0
                          asap7sc7p5t_22b_SEQ_SRAM_SS_170906 1.0
                          asap7sc7p5t_22b_INVBUF_RVT_SS_170906 1.0
                          asap7sc7p5t_22b_INVBUF_LVT_SS_170906 1.0
                          asap7sc7p5t_22b_INVBUF_SLVT_SS_170906 1.0
                          asap7sc7p5t_22b_INVBUF_SRAM_SS_170906 1.0
                          SRAM1RW1024x8_PVT_0P63V_100C 0
                          SRAM1RW128x46_PVT_0P63V_100C 0
                          SRAM1RW128x48_PVT_0P63V_100C 0
                          SRAM1RW128x8_PVT_0P63V_100C 0
                          SRAM1RW256x128_PVT_0P63V_100C 0
                          SRAM1RW256x32_PVT_0P63V_100C 0
                          SRAM1RW256x46_PVT_0P63V_100C 0
                          SRAM1RW256x48_PVT_0P63V_100C 0
                          SRAM1RW256x8_PVT_0P63V_100C 0
                          SRAM1RW32x50_PVT_0P63V_100C 0
                          SRAM1RW512x128_PVT_0P63V_100C 0
                          SRAM1RW512x32_PVT_0P63V_100C 0
                          SRAM1RW512x8_PVT_0P63V_100C 0
                          SRAM1RW64x128_PVT_0P63V_100C 0
                          SRAM1RW64x32_PVT_0P63V_100C 0
                          SRAM1RW64x34_PVT_0P63V_100C 0
                          SRAM1RW64x8_PVT_0P63V_100C 0
                          SRAM2RW128x16_PVT_0P63V_100C 0
                          SRAM2RW128x32_PVT_0P63V_100C 0
                          SRAM2RW128x4_PVT_0P63V_100C 0
                          SRAM2RW128x8_PVT_0P63V_100C 0
                          SRAM2RW16x16_PVT_0P63V_100C 0
                          SRAM2RW16x32_PVT_0P63V_100C 0
                          SRAM2RW16x4_PVT_0P63V_100C 0
                          SRAM2RW16x8_PVT_0P63V_100C 0
                          SRAM2RW32x16_PVT_0P63V_100C 0
                          SRAM2RW32x22_PVT_0P63V_100C 0
                          SRAM2RW32x32_PVT_0P63V_100C 0
                          SRAM2RW32x39_PVT_0P63V_100C 0
                          SRAM2RW32x4_PVT_0P63V_100C 0
                          SRAM2RW32x8_PVT_0P63V_100C 0
                          SRAM2RW64x16_PVT_0P63V_100C 0
                          SRAM2RW64x32_PVT_0P63V_100C 0
                          SRAM2RW64x4_PVT_0P63V_100C 0
                          SRAM2RW64x8_PVT_0P63V_100C 0
    Operating conditions: PVT_0P63V_100C 
  Interconnect mode:      global
  Area mode:              physical library
============================================================

                                  Library        Leakage    Dynamic     Total   
            Instance               Domain Cells Power(nW)  Power(nW)  Power(nW) 
--------------------------------------------------------------------------------
RandomHardware                       0      532 32287.623 219635.926 251923.549 
  ShiftRegister_005                  0       20  5837.756  27698.606  33536.362 
  ShiftRegister_021                  0       20  5833.848  37316.221  43150.070 
  RandomHardware_004                 0      116  4693.335  51264.696  55958.031 
    Reg_002                          0       37  4085.018  31952.229  36037.247 
    RandomHardware_001               0       33   608.182  19312.467  19920.649 
      RegE_000                       0       21   608.146  19312.467  19920.614 
        CLKGATE_RC_CG_HIER_INST0     0        1     4.330   1269.755   1274.084 
  RandomHardware_019                 0       61  3572.342  17717.087  21289.430 
    RandomHardware_000               0       61  3572.342  17717.087  21289.430 
      Accum_000                      0       49  3015.309  17119.640  20134.948 
      ReduceXorMux_001               0       12   557.033    597.448   1154.481 
  Accum_002                          0       49  3024.329  17236.440  20260.769 
  Reg_006                            0        8  2332.491  19127.083  21459.574 
  Accum_010                          0       35  2150.930  13156.667  15307.597 
  RandomHardware_011                 0       73  1591.841   8674.087  10265.927 
    RandomHardware_000               0       62  1591.808   8674.087  10265.895 
      Accum_000                      0       31  1297.914   8380.800   9678.714 
        CLKGATE_RC_CG_HIER_INST1     0        1     4.591    896.211    900.802 
      ReduceXorMux_001               0       12   293.838    293.287    587.125 
  ShiftRegister_009                  0        7  1166.450   8488.834   9655.284 
  RandomHardware_020                 0       12   561.789    556.985   1118.775 
    ReduceXorMux_000                 0       12   561.789    556.985   1118.775 
  RandomHardware_008                 0       16   544.948    220.331    765.279 
    CompareMux_000                   0       13   544.939    220.331    765.270 
  RandomHardware_017                 0        8   433.554    170.063    603.618 
    ReduceOrMux_000                  0        8   433.554    170.063    603.618 
  Reg_015                            0        4   291.279   2480.138   2771.417 
  Mul_014                            0       25   252.501   3531.454   3783.956 

