============================================================
  Generated by:           Genus(TM) Synthesis Solution 18.13-s027_1
  Generated on:           May 12 2021  10:58:46 am
  Module:                 RandomHardware
  Library domain:         PVT_0P63V_100C.setup_cond
    Domain index:         0
    Technology libraries: asap7sc7p5t_22b_SIMPLE_RVT_SS_170906 1.0
                          asap7sc7p5t_22b_SIMPLE_LVT_SS_170906 1.0
                          asap7sc7p5t_22b_SIMPLE_SLVT_SS_170906 1.0
                          asap7sc7p5t_22b_SIMPLE_SRAM_SS_170906 1.0
                          asap7sc7p5t_22b_AO_RVT_SS_170906 1.0
                          asap7sc7p5t_22b_AO_LVT_SS_170906 1.0
                          asap7sc7p5t_22b_AO_SLVT_SS_170906 1.0
                          asap7sc7p5t_22b_AO_SRAM_SS_170906 1.0
                          asap7sc7p5t_22b_OA_RVT_SS_170906 1.0
                          asap7sc7p5t_22b_OA_LVT_SS_170906 1.0
                          asap7sc7p5t_22b_OA_SLVT_SS_170906 1.0
                          asap7sc7p5t_22b_OA_SRAM_SS_170906 1.0
                          asap7sc7p5t_22b_SEQ_RVT_SS_170906 1.0
                          asap7sc7p5t_22b_SEQ_LVT_SS_170906 1.0
                          asap7sc7p5t_22b_SEQ_SLVT_SS_170906 1.0
                          asap7sc7p5t_22b_SEQ_SRAM_SS_170906 1.0
                          asap7sc7p5t_22b_INVBUF_RVT_SS_170906 1.0
                          asap7sc7p5t_22b_INVBUF_LVT_SS_170906 1.0
                          asap7sc7p5t_22b_INVBUF_SLVT_SS_170906 1.0
                          asap7sc7p5t_22b_INVBUF_SRAM_SS_170906 1.0
                          SRAM1RW1024x8_PVT_0P63V_100C 0
                          SRAM1RW128x46_PVT_0P63V_100C 0
                          SRAM1RW128x48_PVT_0P63V_100C 0
                          SRAM1RW128x8_PVT_0P63V_100C 0
                          SRAM1RW256x128_PVT_0P63V_100C 0
                          SRAM1RW256x32_PVT_0P63V_100C 0
                          SRAM1RW256x46_PVT_0P63V_100C 0
                          SRAM1RW256x48_PVT_0P63V_100C 0
                          SRAM1RW256x8_PVT_0P63V_100C 0
                          SRAM1RW32x50_PVT_0P63V_100C 0
                          SRAM1RW512x128_PVT_0P63V_100C 0
                          SRAM1RW512x32_PVT_0P63V_100C 0
                          SRAM1RW512x8_PVT_0P63V_100C 0
                          SRAM1RW64x128_PVT_0P63V_100C 0
                          SRAM1RW64x32_PVT_0P63V_100C 0
                          SRAM1RW64x34_PVT_0P63V_100C 0
                          SRAM1RW64x8_PVT_0P63V_100C 0
                          SRAM2RW128x16_PVT_0P63V_100C 0
                          SRAM2RW128x32_PVT_0P63V_100C 0
                          SRAM2RW128x4_PVT_0P63V_100C 0
                          SRAM2RW128x8_PVT_0P63V_100C 0
                          SRAM2RW16x16_PVT_0P63V_100C 0
                          SRAM2RW16x32_PVT_0P63V_100C 0
                          SRAM2RW16x4_PVT_0P63V_100C 0
                          SRAM2RW16x8_PVT_0P63V_100C 0
                          SRAM2RW32x16_PVT_0P63V_100C 0
                          SRAM2RW32x22_PVT_0P63V_100C 0
                          SRAM2RW32x32_PVT_0P63V_100C 0
                          SRAM2RW32x39_PVT_0P63V_100C 0
                          SRAM2RW32x4_PVT_0P63V_100C 0
                          SRAM2RW32x8_PVT_0P63V_100C 0
                          SRAM2RW64x16_PVT_0P63V_100C 0
                          SRAM2RW64x32_PVT_0P63V_100C 0
                          SRAM2RW64x4_PVT_0P63V_100C 0
                          SRAM2RW64x8_PVT_0P63V_100C 0
    Operating conditions: PVT_0P63V_100C 
  Interconnect mode:      global
  Area mode:              physical library
============================================================

                                     Library         Leakage    Dynamic      Total    
              Instance                Domain Cells  Power(nW)  Power(nW)   Power(nW)  
--------------------------------------------------------------------------------------
RandomHardware                          0     4171 229098.599 1499412.031 1728510.630 
  RandomHardware_001                    0      184  41466.893  223614.874  265081.767 
    ShiftRegister_001                   0       64  17280.243   96579.285  113859.528 
    ShiftRegister_003                   0       52  15196.648   83777.524   98974.173 
    RegE_005                            0       33   8009.838   40917.767   48927.606 
      CLKGATE_RC_CG_HIER_INST0          0        1      4.324    2061.696    2066.020 
    ReduceOrMux_000                     0       15    980.105    2340.297    3320.402 
  RandomHardware_007                    0      390  37069.933  225841.578  262911.511 
    ResetShiftRegister_001              0      251  20323.834  121273.098  141596.932 
      CLKGATE_RC_CG_HIER_INST2          0        1      4.485    3046.063    3050.548 
      CLKGATE_RC_CG_HIER_INST3          0        1      4.485    3046.063    3050.548 
      CLKGATE_RC_CG_HIER_INST4          0        1      4.485    3046.063    3050.548 
      CLKGATE_RC_CG_HIER_INST5          0        1      4.485    3046.063    3050.548 
    Accum_000                           0      134  16746.084  104568.480  121314.564 
  RandomHardware_025                    0      522  32283.602  222632.999  254916.601 
    RandomHardware_000                  0      421  28911.369  194231.626  223142.995 
      RandomHardware_001                0      317  25780.788  171625.645  197406.433 
        Accum_000                       0      131  15072.597  113221.598  128294.194 
        ResetShiftRegister_003          0      130  10307.967   57705.172   68013.138 
          CLKGATE_RC_CG_HIER_INST25     0        1      4.470    1746.554    1751.024 
          CLKGATE_RC_CG_HIER_INST26     0        1      4.470    1746.554    1751.024 
          CLKGATE_RC_CG_HIER_INST27     0        1      4.470    1746.554    1751.024 
          CLKGATE_RC_CG_HIER_INST28     0        1      4.470    1746.554    1751.024 
        ReduceOrMux_002                 0       16    400.107     698.876    1098.983 
      Sub_000                           0       87   3130.531   22605.981   25736.512 
    Accum_002                           0       60   3372.112   28401.373   31773.485 
      CLKGATE_RC_CG_HIER_INST24         0        1      4.557     796.464     801.021 
  RandomHardware_008                    0      386  23747.291  141802.385  165549.676 
    ResetShiftRegister_006              0      116   8935.883   49696.012   58631.895 
      CLKGATE_RC_CG_HIER_INST6          0        1      4.482    1600.240    1604.722 
      CLKGATE_RC_CG_HIER_INST7          0        1      4.482    1600.240    1604.722 
      CLKGATE_RC_CG_HIER_INST8          0        1      4.482    1600.240    1604.722 
      CLKGATE_RC_CG_HIER_INST9          0        1      4.482    1600.240    1604.722 
    RandomHardware_005                  0       97   8503.573   52203.778   60707.352 
      ShiftRegister_004                 0       32   8167.473   51602.738   59770.211 
      ReduceOrMux_003                   0       14    335.950     601.041     936.991 
    Reg_007                             0       15   3208.674   22313.547   25522.221 
    ShiftRegister_002                   0       16   2343.578   14614.051   16957.630 
    ReduceOrMux_004                     0       25    562.919    2345.442    2908.361 
    And_003                             0       10    192.347     629.556     821.903 
  RandomHardware_014                    0      447  23029.419  183621.172  206650.591 
    RandomHardware_000                  0      390  23029.251  183621.172  206650.423 
      RandomHardware_001                0      294  22083.633  166494.970  188578.604 
        Accum_000                       0      135  14114.079  110929.247  125043.326 
        ResetShiftRegister_003          0      102   7046.826   48983.670   56030.496 
          CLKGATE_RC_CG_HIER_INST10     0        1      4.484    1465.006    1469.490 
          CLKGATE_RC_CG_HIER_INST11     0        1      4.484    1465.006    1469.490 
          CLKGATE_RC_CG_HIER_INST12     0        1      4.484    1465.006    1469.490 
          CLKGATE_RC_CG_HIER_INST13     0        1      4.484    1465.006    1469.490 
        ReduceOrMux_002                 0       17    922.611    6582.052    7504.663 
      Sub_000                           0       74    945.553   17126.202   18071.755 
  RandomHardware_021                    0      251  20475.022  115950.385  136425.407 
    ResetShiftRegister_000              0      250  20475.019  115950.385  136425.404 
      CLKGATE_RC_CG_HIER_INST16         0        1      4.483    3058.816    3063.299 
      CLKGATE_RC_CG_HIER_INST17         0        1      4.483    3058.816    3063.299 
      CLKGATE_RC_CG_HIER_INST18         0        1      4.483    3058.816    3063.299 
      CLKGATE_RC_CG_HIER_INST19         0        1      4.483    3058.816    3063.299 
  RandomHardware_022                    0      197  11293.899   68653.803   79947.702 
    RandomHardware_002                  0      174  10640.123   66557.976   77198.099 
      ResetShiftRegister_000            0      140   9493.279   61120.637   70613.916 
        CLKGATE_RC_CG_HIER_INST20       0        1      4.475    1839.567    1844.042 
        CLKGATE_RC_CG_HIER_INST21       0        1      4.475    1839.567    1844.042 
        CLKGATE_RC_CG_HIER_INST22       0        1      4.475    1839.567    1844.042 
        CLKGATE_RC_CG_HIER_INST23       0        1      4.475    1839.567    1844.042 
      Mux2_001                          0       20   1146.802    5437.339    6584.141 
    CompareMux_000                      0       12    653.744    2095.827    2749.571 
  RandomHardware_019                    0      110  11157.082   84859.197   96016.279 
    Accum_000                           0      101  11157.055   84859.197   96016.252 
  RandomHardware_016                    0      269   8433.605   39553.863   47987.468 
    ShiftRegister_001                   0       35   5826.522   32745.762   38572.285 
    RegE_004                            0       21   1510.457    1830.510    3340.967 
      CLKGATE_RC_CG_HIER_INST14         0        1      4.138     478.884     483.022 
    RandomHardware_002                  0       65   1082.656    4931.545    6014.202 
      ResetShiftRegister_000            0       30   1082.553    4931.545    6014.099 
    And_000                             0       20     13.592      46.045      59.637 
  RandomHardware_006                    0      439   4266.464    7932.860   12199.324 
    Mod_001                             0      436   4266.455    7932.860   12199.315 
  RandomHardware_012                    0      122   4005.804   42126.492   46132.297 
    Accum_001                           0       42   2579.859   27368.745   29948.604 
    RandomHardware_003                  0       43   1425.837   14757.747   16183.584 
      ReduceAndMux_000                  0       17    891.410    7247.181    8138.591 
      ReduceAndMux_002                  0        9    534.377    7510.566    8044.943 
  RandomHardware_004                    0      233   3222.163   22457.949   25680.112 
    RandomHardware_000                  0      199   3222.063   22457.949   25680.012 
      RandomHardware_001                0      162   3221.954   22457.949   25679.903 
        Accum_000                       0       67   3121.499   22012.541   25134.039 
          CLKGATE_RC_CG_HIER_INST1      0        1      4.483    1395.895    1400.378 
        ReduceOrMux_002                 0       17    100.226     445.409     545.634 
  Accum_026                             0       34   2458.738   23946.593   26405.331 
  ShiftRegister_000                     0       11   2321.129   15363.606   17684.735 
  RandomHardware_018                    0      234   1176.736    8373.599    9550.335 
    RandomHardware_000                  0      182   1176.583    8373.599    9550.182 
      RandomHardware_001                0      141   1176.462    8373.599    9550.061 
        Accum_000                       0       43    962.146    7469.624    8431.770 
          CLKGATE_RC_CG_HIER_INST15     0        1      4.357     673.497     677.854 
        ReduceOrMux_002                 0       17    214.078     903.975    1118.053 
  RandomHardware_011                    0       16   1031.647    4813.663    5845.310 
    ReduceXorMux_000                    0       16   1031.647    4813.663    5845.310 
  RandomHardware_017                    0        3    874.344    7394.870    8269.214 
    Reg_001                             0        3    874.344    7394.870    8269.214 
  RandomHardware_023                    0       24    783.947    4206.815    4990.762 
    ReduceOrMux_001                     0       12    783.911    4206.815    4990.726 

