============================================================
  Generated by:           Genus(TM) Synthesis Solution 18.13-s027_1
  Generated on:           May 12 2021  11:08:10 am
  Module:                 RandomHardware
  Library domain:         PVT_0P63V_100C.setup_cond
    Domain index:         0
    Technology libraries: asap7sc7p5t_22b_SIMPLE_RVT_SS_170906 1.0
                          asap7sc7p5t_22b_SIMPLE_LVT_SS_170906 1.0
                          asap7sc7p5t_22b_SIMPLE_SLVT_SS_170906 1.0
                          asap7sc7p5t_22b_SIMPLE_SRAM_SS_170906 1.0
                          asap7sc7p5t_22b_AO_RVT_SS_170906 1.0
                          asap7sc7p5t_22b_AO_LVT_SS_170906 1.0
                          asap7sc7p5t_22b_AO_SLVT_SS_170906 1.0
                          asap7sc7p5t_22b_AO_SRAM_SS_170906 1.0
                          asap7sc7p5t_22b_OA_RVT_SS_170906 1.0
                          asap7sc7p5t_22b_OA_LVT_SS_170906 1.0
                          asap7sc7p5t_22b_OA_SLVT_SS_170906 1.0
                          asap7sc7p5t_22b_OA_SRAM_SS_170906 1.0
                          asap7sc7p5t_22b_SEQ_RVT_SS_170906 1.0
                          asap7sc7p5t_22b_SEQ_LVT_SS_170906 1.0
                          asap7sc7p5t_22b_SEQ_SLVT_SS_170906 1.0
                          asap7sc7p5t_22b_SEQ_SRAM_SS_170906 1.0
                          asap7sc7p5t_22b_INVBUF_RVT_SS_170906 1.0
                          asap7sc7p5t_22b_INVBUF_LVT_SS_170906 1.0
                          asap7sc7p5t_22b_INVBUF_SLVT_SS_170906 1.0
                          asap7sc7p5t_22b_INVBUF_SRAM_SS_170906 1.0
                          SRAM1RW1024x8_PVT_0P63V_100C 0
                          SRAM1RW128x46_PVT_0P63V_100C 0
                          SRAM1RW128x48_PVT_0P63V_100C 0
                          SRAM1RW128x8_PVT_0P63V_100C 0
                          SRAM1RW256x128_PVT_0P63V_100C 0
                          SRAM1RW256x32_PVT_0P63V_100C 0
                          SRAM1RW256x46_PVT_0P63V_100C 0
                          SRAM1RW256x48_PVT_0P63V_100C 0
                          SRAM1RW256x8_PVT_0P63V_100C 0
                          SRAM1RW32x50_PVT_0P63V_100C 0
                          SRAM1RW512x128_PVT_0P63V_100C 0
                          SRAM1RW512x32_PVT_0P63V_100C 0
                          SRAM1RW512x8_PVT_0P63V_100C 0
                          SRAM1RW64x128_PVT_0P63V_100C 0
                          SRAM1RW64x32_PVT_0P63V_100C 0
                          SRAM1RW64x34_PVT_0P63V_100C 0
                          SRAM1RW64x8_PVT_0P63V_100C 0
                          SRAM2RW128x16_PVT_0P63V_100C 0
                          SRAM2RW128x32_PVT_0P63V_100C 0
                          SRAM2RW128x4_PVT_0P63V_100C 0
                          SRAM2RW128x8_PVT_0P63V_100C 0
                          SRAM2RW16x16_PVT_0P63V_100C 0
                          SRAM2RW16x32_PVT_0P63V_100C 0
                          SRAM2RW16x4_PVT_0P63V_100C 0
                          SRAM2RW16x8_PVT_0P63V_100C 0
                          SRAM2RW32x16_PVT_0P63V_100C 0
                          SRAM2RW32x22_PVT_0P63V_100C 0
                          SRAM2RW32x32_PVT_0P63V_100C 0
                          SRAM2RW32x39_PVT_0P63V_100C 0
                          SRAM2RW32x4_PVT_0P63V_100C 0
                          SRAM2RW32x8_PVT_0P63V_100C 0
                          SRAM2RW64x16_PVT_0P63V_100C 0
                          SRAM2RW64x32_PVT_0P63V_100C 0
                          SRAM2RW64x4_PVT_0P63V_100C 0
                          SRAM2RW64x8_PVT_0P63V_100C 0
    Operating conditions: PVT_0P63V_100C 
  Interconnect mode:      global
  Area mode:              physical library
============================================================

                                Library         Leakage    Dynamic     Total   
           Instance              Domain Cells  Power(nW)  Power(nW)  Power(nW) 
-------------------------------------------------------------------------------
RandomHardware                     0     1352 112719.116 729333.431 842052.546 
  RandomHardware_013               0      117  32194.631 131472.851 163667.481 
    ShiftRegister_001              0       89  25668.786 119750.027 145418.813 
    RegE_000                       0       25   6525.836  11722.824  18248.660 
      CLKGATE_RC_CG_HIER_INST0     0        1      4.328   1678.641   1682.968 
  RandomHardware_008               0      117  27551.316 166443.896 193995.213 
    ShiftRegister_002              0       65  17497.499 102221.281 119718.781 
    ShiftRegister_000              0       32   9339.880  61665.902  71005.782 
    ReduceOrMux_001                0       10    713.907   2556.713   3270.620 
  RandomHardware_004               0      287  14442.197 138006.681 152448.877 
    Accum_003                      0       90   9458.339  87170.588  96628.927 
    ShiftRegister_005              0       17   3499.619  26622.294  30121.913 
    Sub_000                        0       38   1169.131   8578.166   9747.297 
    RandomHardware_006             0       94    314.966  15635.633  15950.599 
      Mul_001                      0       63    266.290  13204.707  13470.998 
      ReduceOrMux_000              0       14     48.625   2430.926   2479.551 
  RandomHardware_021               0      139  11682.705  99673.437 111356.142 
    Accum_001                      0       91  10043.468  90927.852 100971.321 
    ReduceAndMux_003               0       21   1357.221   7047.674   8404.895 
    Mux8_000                       0       17    281.986   1697.911   1979.897 
  RandomHardware_026               0      144   9561.089  66432.802  75993.891 
    Accum_001                      0       99   9560.957  66432.802  75993.758 
  ShiftRegister_022                0       22   4669.403  23749.071  28418.474 
  RandomHardware_001               0       91   4667.467  29833.368  34500.835 
    RandomHardware_001             0       61   4667.379  29833.368  34500.747 
      ShiftRegister_000            0       31   4667.291  29833.368  34500.659 
  RandomHardware_017               0       46   1841.889   6590.249   8432.138 
    ReduceAndMux_000               0       24   1841.824   6590.249   8432.073 
  RandomHardware_009               0       91   1812.860   7645.770   9458.630 
    ShiftRegister_002              0        9   1164.646   5496.445   6661.091 
    Reg_001                        0       12    585.301   2034.367   2619.668 
    ReduceOrMux_000                0       15     62.751    114.958    177.710 
  RandomHardware_016               0       31   1171.593   7842.180   9013.774 
    ShiftRegister_001              0       13   1171.540   7842.180   9013.721 
  ShiftRegister_025                0        8   1167.275   5827.881   6995.156 
  Reg_019                          0        9   1166.734   7925.870   9092.604 
  RandomHardware_024               0       26    426.256    393.795    820.050 
    ReduceXorMux_000               0       14    426.221    393.795    820.015 
  RandomHardware_012               0       20    363.099   1216.905   1580.005 
    ReduceXorMux_000               0       15    363.085   1216.905   1579.990 

