============================================================
  Generated by:           Genus(TM) Synthesis Solution 18.13-s027_1
  Generated on:           May 12 2021  11:11:33 am
  Module:                 RandomHardware
  Library domain:         PVT_0P63V_100C.setup_cond
    Domain index:         0
    Technology libraries: asap7sc7p5t_22b_SIMPLE_RVT_SS_170906 1.0
                          asap7sc7p5t_22b_SIMPLE_LVT_SS_170906 1.0
                          asap7sc7p5t_22b_SIMPLE_SLVT_SS_170906 1.0
                          asap7sc7p5t_22b_SIMPLE_SRAM_SS_170906 1.0
                          asap7sc7p5t_22b_AO_RVT_SS_170906 1.0
                          asap7sc7p5t_22b_AO_LVT_SS_170906 1.0
                          asap7sc7p5t_22b_AO_SLVT_SS_170906 1.0
                          asap7sc7p5t_22b_AO_SRAM_SS_170906 1.0
                          asap7sc7p5t_22b_OA_RVT_SS_170906 1.0
                          asap7sc7p5t_22b_OA_LVT_SS_170906 1.0
                          asap7sc7p5t_22b_OA_SLVT_SS_170906 1.0
                          asap7sc7p5t_22b_OA_SRAM_SS_170906 1.0
                          asap7sc7p5t_22b_SEQ_RVT_SS_170906 1.0
                          asap7sc7p5t_22b_SEQ_LVT_SS_170906 1.0
                          asap7sc7p5t_22b_SEQ_SLVT_SS_170906 1.0
                          asap7sc7p5t_22b_SEQ_SRAM_SS_170906 1.0
                          asap7sc7p5t_22b_INVBUF_RVT_SS_170906 1.0
                          asap7sc7p5t_22b_INVBUF_LVT_SS_170906 1.0
                          asap7sc7p5t_22b_INVBUF_SLVT_SS_170906 1.0
                          asap7sc7p5t_22b_INVBUF_SRAM_SS_170906 1.0
                          SRAM1RW1024x8_PVT_0P63V_100C 0
                          SRAM1RW128x46_PVT_0P63V_100C 0
                          SRAM1RW128x48_PVT_0P63V_100C 0
                          SRAM1RW128x8_PVT_0P63V_100C 0
                          SRAM1RW256x128_PVT_0P63V_100C 0
                          SRAM1RW256x32_PVT_0P63V_100C 0
                          SRAM1RW256x46_PVT_0P63V_100C 0
                          SRAM1RW256x48_PVT_0P63V_100C 0
                          SRAM1RW256x8_PVT_0P63V_100C 0
                          SRAM1RW32x50_PVT_0P63V_100C 0
                          SRAM1RW512x128_PVT_0P63V_100C 0
                          SRAM1RW512x32_PVT_0P63V_100C 0
                          SRAM1RW512x8_PVT_0P63V_100C 0
                          SRAM1RW64x128_PVT_0P63V_100C 0
                          SRAM1RW64x32_PVT_0P63V_100C 0
                          SRAM1RW64x34_PVT_0P63V_100C 0
                          SRAM1RW64x8_PVT_0P63V_100C 0
                          SRAM2RW128x16_PVT_0P63V_100C 0
                          SRAM2RW128x32_PVT_0P63V_100C 0
                          SRAM2RW128x4_PVT_0P63V_100C 0
                          SRAM2RW128x8_PVT_0P63V_100C 0
                          SRAM2RW16x16_PVT_0P63V_100C 0
                          SRAM2RW16x32_PVT_0P63V_100C 0
                          SRAM2RW16x4_PVT_0P63V_100C 0
                          SRAM2RW16x8_PVT_0P63V_100C 0
                          SRAM2RW32x16_PVT_0P63V_100C 0
                          SRAM2RW32x22_PVT_0P63V_100C 0
                          SRAM2RW32x32_PVT_0P63V_100C 0
                          SRAM2RW32x39_PVT_0P63V_100C 0
                          SRAM2RW32x4_PVT_0P63V_100C 0
                          SRAM2RW32x8_PVT_0P63V_100C 0
                          SRAM2RW64x16_PVT_0P63V_100C 0
                          SRAM2RW64x32_PVT_0P63V_100C 0
                          SRAM2RW64x4_PVT_0P63V_100C 0
                          SRAM2RW64x8_PVT_0P63V_100C 0
    Operating conditions: PVT_0P63V_100C 
  Interconnect mode:      global
  Area mode:              physical library
============================================================

                                  Library        Leakage    Dynamic     Total   
            Instance               Domain Cells Power(nW)  Power(nW)  Power(nW) 
--------------------------------------------------------------------------------
RandomHardware                       0      743 52376.087 302368.502 354744.589 
  RandomHardware_015                 0      159 21547.715 138284.839 159832.554 
    ShiftRegister_001                0       56 16335.612 109319.550 125655.162 
    RandomHardware_002               0       63  4532.168  28616.367  33148.535 
      Accum_000                      0       56  4532.147  28616.367  33148.514 
        CLKGATE_RC_CG_HIER_INST4     0        1     4.444   1150.038   1154.482 
    RandomHardware_000               0       25   679.891    348.922   1028.814 
      ReduceOrMux_000                0       10   679.847    348.922   1028.769 
  RandomHardware_001                 0       96 10619.132  68139.599  78758.731 
    Accum_000                        0       96 10619.132  68139.599  78758.731 
  RandomHardware_018                 0       23  5336.887  36882.166  42219.052 
    RegE_000                         0       21  5336.881  36882.166  42219.047 
      CLKGATE_RC_CG_HIER_INST5       0        1     4.326   1534.409   1538.735 
  RandomHardware_014                 0       12  3500.304  10725.284  14225.588 
    Reg_000                          0       12  3500.304  10725.284  14225.588 
  RandomHardware_016                 0       12  3500.304  10751.596  14251.899 
    Reg_000                          0       12  3500.304  10751.596  14251.899 
  RandomHardware_002                 0       86  1987.259  11117.503  13104.762 
    ResetShiftRegister_001           0       49  1986.626  10837.517  12824.143 
      CLKGATE_RC_CG_HIER_INST0       0        1     4.484    721.266    725.750 
      CLKGATE_RC_CG_HIER_INST1       0        1     4.484    721.266    725.750 
      CLKGATE_RC_CG_HIER_INST2       0        1     4.484    721.266    725.750 
      CLKGATE_RC_CG_HIER_INST3       0        1     4.484    721.266    725.750 
    Mux4_000                         0        4     0.535    279.986    280.522 
  Reg_019                            0        6  1755.817   6070.788   7826.606 
  RandomHardware_009                 0       13   961.998    134.575   1096.573 
    And_001                          0       10   961.989    134.575   1096.564 
  RandomHardware_005                 0       24   753.263   2459.904   3213.167 
    Mux2_000                         0       15   753.237   2459.904   3213.140 
  RandomHardware_013                 0       11   579.455     80.922    660.377 
    ReduceOrMux_000                  0       11   579.455     80.922    660.377 
  RandomHardware_000                 0       25   439.431    100.848    540.279 
    RandomHardware_000               0       20   439.416    100.848    540.264 
      ReduceOrMux_000                0       10   439.387    100.848    540.235 
  RandomHardware_012                 0       35   436.623    105.245    541.869 
    ReduceOrMux_000                  0       17   436.570    105.245    541.816 
  RandomHardware_007                 0       38   422.546    126.191    548.737 
    CompareMux_001                   0       20   422.493    126.191    548.684 
  RandomHardware_017                 0       37   297.860     77.473    375.333 
    Div_000                          0       26   297.827     77.473    375.300 
  Mul_011                            0       25   208.894     12.282    221.176 
  RandomHardware_006                 0       39    14.207     13.742     27.950 
    RandomHardware_000               0       25    14.166     13.742     27.908 
      ReduceOrMux_000                0        9    14.119     13.742     27.861 
  RandomHardware_008                 0       39    14.207     13.263     27.470 
    RandomHardware_000               0       25    14.166     13.263     27.429 
      ReduceOrMux_000                0        9    14.119     13.263     27.382 

