============================================================
  Generated by:           Genus(TM) Synthesis Solution 18.13-s027_1
  Generated on:           May 12 2021  11:09:13 am
  Module:                 RandomHardware
  Library domain:         PVT_0P63V_100C.setup_cond
    Domain index:         0
    Technology libraries: asap7sc7p5t_22b_SIMPLE_RVT_SS_170906 1.0
                          asap7sc7p5t_22b_SIMPLE_LVT_SS_170906 1.0
                          asap7sc7p5t_22b_SIMPLE_SLVT_SS_170906 1.0
                          asap7sc7p5t_22b_SIMPLE_SRAM_SS_170906 1.0
                          asap7sc7p5t_22b_AO_RVT_SS_170906 1.0
                          asap7sc7p5t_22b_AO_LVT_SS_170906 1.0
                          asap7sc7p5t_22b_AO_SLVT_SS_170906 1.0
                          asap7sc7p5t_22b_AO_SRAM_SS_170906 1.0
                          asap7sc7p5t_22b_OA_RVT_SS_170906 1.0
                          asap7sc7p5t_22b_OA_LVT_SS_170906 1.0
                          asap7sc7p5t_22b_OA_SLVT_SS_170906 1.0
                          asap7sc7p5t_22b_OA_SRAM_SS_170906 1.0
                          asap7sc7p5t_22b_SEQ_RVT_SS_170906 1.0
                          asap7sc7p5t_22b_SEQ_LVT_SS_170906 1.0
                          asap7sc7p5t_22b_SEQ_SLVT_SS_170906 1.0
                          asap7sc7p5t_22b_SEQ_SRAM_SS_170906 1.0
                          asap7sc7p5t_22b_INVBUF_RVT_SS_170906 1.0
                          asap7sc7p5t_22b_INVBUF_LVT_SS_170906 1.0
                          asap7sc7p5t_22b_INVBUF_SLVT_SS_170906 1.0
                          asap7sc7p5t_22b_INVBUF_SRAM_SS_170906 1.0
                          SRAM1RW1024x8_PVT_0P63V_100C 0
                          SRAM1RW128x46_PVT_0P63V_100C 0
                          SRAM1RW128x48_PVT_0P63V_100C 0
                          SRAM1RW128x8_PVT_0P63V_100C 0
                          SRAM1RW256x128_PVT_0P63V_100C 0
                          SRAM1RW256x32_PVT_0P63V_100C 0
                          SRAM1RW256x46_PVT_0P63V_100C 0
                          SRAM1RW256x48_PVT_0P63V_100C 0
                          SRAM1RW256x8_PVT_0P63V_100C 0
                          SRAM1RW32x50_PVT_0P63V_100C 0
                          SRAM1RW512x128_PVT_0P63V_100C 0
                          SRAM1RW512x32_PVT_0P63V_100C 0
                          SRAM1RW512x8_PVT_0P63V_100C 0
                          SRAM1RW64x128_PVT_0P63V_100C 0
                          SRAM1RW64x32_PVT_0P63V_100C 0
                          SRAM1RW64x34_PVT_0P63V_100C 0
                          SRAM1RW64x8_PVT_0P63V_100C 0
                          SRAM2RW128x16_PVT_0P63V_100C 0
                          SRAM2RW128x32_PVT_0P63V_100C 0
                          SRAM2RW128x4_PVT_0P63V_100C 0
                          SRAM2RW128x8_PVT_0P63V_100C 0
                          SRAM2RW16x16_PVT_0P63V_100C 0
                          SRAM2RW16x32_PVT_0P63V_100C 0
                          SRAM2RW16x4_PVT_0P63V_100C 0
                          SRAM2RW16x8_PVT_0P63V_100C 0
                          SRAM2RW32x16_PVT_0P63V_100C 0
                          SRAM2RW32x22_PVT_0P63V_100C 0
                          SRAM2RW32x32_PVT_0P63V_100C 0
                          SRAM2RW32x39_PVT_0P63V_100C 0
                          SRAM2RW32x4_PVT_0P63V_100C 0
                          SRAM2RW32x8_PVT_0P63V_100C 0
                          SRAM2RW64x16_PVT_0P63V_100C 0
                          SRAM2RW64x32_PVT_0P63V_100C 0
                          SRAM2RW64x4_PVT_0P63V_100C 0
                          SRAM2RW64x8_PVT_0P63V_100C 0
    Operating conditions: PVT_0P63V_100C 
  Interconnect mode:      global
  Area mode:              physical library
============================================================

                                Library        Leakage    Dynamic     Total   
           Instance              Domain Cells Power(nW)  Power(nW)  Power(nW) 
------------------------------------------------------------------------------
RandomHardware                     0      384 29047.733 200270.951 229318.685 
  RandomHardware_014               0       59  9414.581  75312.392  84726.973 
    RegE_000                       0       23  4747.897  37856.385  42604.282 
      CLKGATE_RC_CG_HIER_INST3     0        1     4.322   1403.547   1407.869 
    Reg_001                        0       21  4666.640  37456.007  42122.647 
  Accum_009                        0       56  3884.848  33716.561  37601.409 
    CLKGATE_RC_CG_HIER_INST2       0        1     4.230    585.082    589.312 
  Accum_004                        0       47  3272.444  19664.796  22937.239 
    CLKGATE_RC_CG_HIER_INST0       0        1     4.489    849.510    853.999 
  Accum_006                        0       47  3257.966  19339.510  22597.477 
    CLKGATE_RC_CG_HIER_INST1       0        1     4.496    849.937    854.433 
  Reg_018                          0        9  2625.313  16992.674  19617.987 
  RandomHardware_002               0       29  2356.397   7608.221   9964.617 
    RandomHardware_001             0       14  2356.352   7608.221   9964.573 
      Reg_000                      0       10  2356.341   7608.221   9964.561 
  Reg_003                          0       10  2356.341   7644.077  10000.418 
  RandomHardware_005               0       19   624.750   1900.929   2525.679 
    ReduceXorMux_000               0       19   624.750   1900.929   2525.679 
  RandomHardware_011               0       10   622.297   3270.294   3892.591 
    Mux2_000                       0       10   622.297   3270.294   3892.591 
  RandomHardware_010               0       33   614.562   5348.974   5963.537 
    CompareMux_001                 0       18   614.518   5348.974   5963.492 
  RandomHardware_013               0       16    18.091     72.143     90.234 
    And_000                        0       10    18.073     72.143     90.216 

