============================================================
  Generated by:           Genus(TM) Synthesis Solution 18.13-s027_1
  Generated on:           May 12 2021  11:10:25 am
  Module:                 RandomHardware
  Library domain:         PVT_0P63V_100C.setup_cond
    Domain index:         0
    Technology libraries: asap7sc7p5t_22b_SIMPLE_RVT_SS_170906 1.0
                          asap7sc7p5t_22b_SIMPLE_LVT_SS_170906 1.0
                          asap7sc7p5t_22b_SIMPLE_SLVT_SS_170906 1.0
                          asap7sc7p5t_22b_SIMPLE_SRAM_SS_170906 1.0
                          asap7sc7p5t_22b_AO_RVT_SS_170906 1.0
                          asap7sc7p5t_22b_AO_LVT_SS_170906 1.0
                          asap7sc7p5t_22b_AO_SLVT_SS_170906 1.0
                          asap7sc7p5t_22b_AO_SRAM_SS_170906 1.0
                          asap7sc7p5t_22b_OA_RVT_SS_170906 1.0
                          asap7sc7p5t_22b_OA_LVT_SS_170906 1.0
                          asap7sc7p5t_22b_OA_SLVT_SS_170906 1.0
                          asap7sc7p5t_22b_OA_SRAM_SS_170906 1.0
                          asap7sc7p5t_22b_SEQ_RVT_SS_170906 1.0
                          asap7sc7p5t_22b_SEQ_LVT_SS_170906 1.0
                          asap7sc7p5t_22b_SEQ_SLVT_SS_170906 1.0
                          asap7sc7p5t_22b_SEQ_SRAM_SS_170906 1.0
                          asap7sc7p5t_22b_INVBUF_RVT_SS_170906 1.0
                          asap7sc7p5t_22b_INVBUF_LVT_SS_170906 1.0
                          asap7sc7p5t_22b_INVBUF_SLVT_SS_170906 1.0
                          asap7sc7p5t_22b_INVBUF_SRAM_SS_170906 1.0
                          SRAM1RW1024x8_PVT_0P63V_100C 0
                          SRAM1RW128x46_PVT_0P63V_100C 0
                          SRAM1RW128x48_PVT_0P63V_100C 0
                          SRAM1RW128x8_PVT_0P63V_100C 0
                          SRAM1RW256x128_PVT_0P63V_100C 0
                          SRAM1RW256x32_PVT_0P63V_100C 0
                          SRAM1RW256x46_PVT_0P63V_100C 0
                          SRAM1RW256x48_PVT_0P63V_100C 0
                          SRAM1RW256x8_PVT_0P63V_100C 0
                          SRAM1RW32x50_PVT_0P63V_100C 0
                          SRAM1RW512x128_PVT_0P63V_100C 0
                          SRAM1RW512x32_PVT_0P63V_100C 0
                          SRAM1RW512x8_PVT_0P63V_100C 0
                          SRAM1RW64x128_PVT_0P63V_100C 0
                          SRAM1RW64x32_PVT_0P63V_100C 0
                          SRAM1RW64x34_PVT_0P63V_100C 0
                          SRAM1RW64x8_PVT_0P63V_100C 0
                          SRAM2RW128x16_PVT_0P63V_100C 0
                          SRAM2RW128x32_PVT_0P63V_100C 0
                          SRAM2RW128x4_PVT_0P63V_100C 0
                          SRAM2RW128x8_PVT_0P63V_100C 0
                          SRAM2RW16x16_PVT_0P63V_100C 0
                          SRAM2RW16x32_PVT_0P63V_100C 0
                          SRAM2RW16x4_PVT_0P63V_100C 0
                          SRAM2RW16x8_PVT_0P63V_100C 0
                          SRAM2RW32x16_PVT_0P63V_100C 0
                          SRAM2RW32x22_PVT_0P63V_100C 0
                          SRAM2RW32x32_PVT_0P63V_100C 0
                          SRAM2RW32x39_PVT_0P63V_100C 0
                          SRAM2RW32x4_PVT_0P63V_100C 0
                          SRAM2RW32x8_PVT_0P63V_100C 0
                          SRAM2RW64x16_PVT_0P63V_100C 0
                          SRAM2RW64x32_PVT_0P63V_100C 0
                          SRAM2RW64x4_PVT_0P63V_100C 0
                          SRAM2RW64x8_PVT_0P63V_100C 0
    Operating conditions: PVT_0P63V_100C 
  Interconnect mode:      global
  Area mode:              physical library
============================================================

                                 Library         Leakage    Dynamic      Total    
            Instance              Domain Cells  Power(nW)  Power(nW)   Power(nW)  
----------------------------------------------------------------------------------
RandomHardware                      0     3161 188170.213 1199599.362 1387769.575 
  RandomHardware_009                0      679  54367.533  310493.049  364860.582 
    ResetShiftRegister_001          0      333  27271.609  155004.595  182276.204 
      CLKGATE_RC_CG_HIER_INST8      0        1      4.481    3939.477    3943.958 
      CLKGATE_RC_CG_HIER_INST9      0        1      4.481    3939.477    3943.958 
      CLKGATE_RC_CG_HIER_INST10     0        1      4.481    3939.477    3943.958 
      CLKGATE_RC_CG_HIER_INST11     0        1      4.481    3939.477    3943.958 
    ResetShiftRegister_000          0      334  27095.888  155488.455  182584.343 
      CLKGATE_RC_CG_HIER_INST4      0        1      4.476    3865.715    3870.191 
      CLKGATE_RC_CG_HIER_INST5      0        1      4.476    3865.715    3870.191 
      CLKGATE_RC_CG_HIER_INST6      0        1      4.476    3865.715    3870.191 
      CLKGATE_RC_CG_HIER_INST7      0        1      4.476    3865.715    3870.191 
  RandomHardware_023                0       80  23335.705  107884.725  131220.430 
    ShiftRegister_000               0       80  23335.705  107884.725  131220.430 
  RandomHardware_016                0      238  16558.219  147335.378  163893.598 
    Accum_000                       0      123  13247.281  114201.012  127448.293 
    Reg_001                         0       30   2331.963   23572.058   25904.021 
    RandomHardware_002              0       24    978.796    9562.308   10541.104 
      CompareMux_001                0       19    978.781    9562.308   10541.089 
  RandomHardware_019                0      195  14907.216   72405.287   87312.504 
    ResetShiftRegister_000          0      194  14907.213   72405.287   87312.501 
      CLKGATE_RC_CG_HIER_INST16     0        1      4.497    2471.995    2476.492 
      CLKGATE_RC_CG_HIER_INST17     0        1      4.497    2471.995    2476.492 
      CLKGATE_RC_CG_HIER_INST18     0        1      4.497    2471.995    2476.492 
      CLKGATE_RC_CG_HIER_INST19     0        1      4.497    2471.995    2476.492 
  RandomHardware_007                0      248  14467.728   98451.650  112919.378 
    ResetShiftRegister_000          0      220  14467.645   98451.650  112919.296 
      CLKGATE_RC_CG_HIER_INST0      0        1      4.525    2643.162    2647.686 
      CLKGATE_RC_CG_HIER_INST1      0        1      4.525    2643.162    2647.686 
      CLKGATE_RC_CG_HIER_INST2      0        1      4.525    2643.162    2647.686 
      CLKGATE_RC_CG_HIER_INST3      0        1      4.525    2643.162    2647.686 
  RandomHardware_021                0      137  12065.559  100503.233  112568.792 
    ShiftRegister_002               0       31   7001.136   59089.313   66090.450 
    RandomHardware_000              0       92   5064.381   41413.919   46478.300 
      Accum_000                     0       75   4311.610   38920.461   43232.070 
      Mux2_001                      0       12    752.757    2493.459    3246.215 
  RandomHardware_020                0      218   7594.880   43584.521   51179.401 
    RegE_003                        0       63   3553.048   18438.991   21992.039 
      CLKGATE_RC_CG_HIER_INST20     0        1      4.263    1090.187    1094.450 
    Reg_000                         0       22   2899.728   19572.597   22472.325 
    RandomHardware_002              0       31   1141.804    5572.934    6714.737 
      CompareMux_001                0       19   1141.768    5572.934    6714.702 
  RandomHardware_026                0       82   5072.790   41816.949   46889.739 
    RandomHardware_000              0       82   5072.790   41816.949   46889.739 
      Accum_000                     0       70   4292.620   39523.864   43816.484 
      Mux2_001                      0       12    780.170    2293.085    3073.255 
  RandomHardware_025                0       33   4655.603   29129.048   33784.652 
    Reg_000                         0       11   3129.714   20203.737   23333.451 
    ReduceXorMux_001                0       21   1525.886    8925.311   10451.198 
  RegFile2R1W_006                   0       46   4350.617   13343.749   17694.365 
    CLKGATE_RC_CG_HIER_INST24       0        1      4.415     704.488     708.902 
    CLKGATE_RC_CG_HIER_INST21       0        1      4.035     356.860     360.895 
    CLKGATE_RC_CG_HIER_INST22       0        1      4.025     343.672     347.696 
    CLKGATE_RC_CG_HIER_INST23       0        1      4.006     327.856     331.863 
  RandomHardware_001                0       67   3711.828   32436.263   36148.091 
    RandomHardware_000              0       52   3711.784   32436.263   36148.047 
      Accum_000                     0       50   3711.778   32436.263   36148.041 
  RandomHardware_003                0       55   3710.681   21797.525   25508.206 
    Accum_000                       0       51   3710.670   21797.525   25508.194 
  ShiftRegister_022                 0       15   3507.798   27146.014   30653.812 
  RandomHardware_010                0      135   3469.296   21180.701   24649.997 
    ResetShiftRegister_000          0       78   3469.128   21180.701   24649.829 
      CLKGATE_RC_CG_HIER_INST12     0        1      4.493     930.133     934.627 
      CLKGATE_RC_CG_HIER_INST13     0        1      4.493     930.133     934.627 
      CLKGATE_RC_CG_HIER_INST14     0        1      4.493     930.133     934.627 
      CLKGATE_RC_CG_HIER_INST15     0        1      4.493     930.133     934.627 
  Accum_012                         0       49   3023.837   19207.384   22231.220 
  RandomHardware_004                0       58   2619.878    8776.281   11396.158 
    Add_002                         0       33   1449.222    4710.251    6159.474 
    Reg_000                         0        8   1170.605    4066.030    5236.635 
  Accum_015                         0       38   2171.484   18541.846   20713.331 
  Accum_013                         0       35   2151.699   12339.474   14491.173 
  RandomHardware_011                0       65   1656.342   11303.444   12959.786 
    Reg_001                         0       19   1458.042   10558.855   12016.897 
    Mux2_000                        0       13    198.203     744.589     942.792 
  RandomHardware_008                0      148   1588.139    2568.179    4156.318 
    Mod_000                         0      148   1588.139    2568.179    4156.318 
  RandomHardware_005                0       22    818.103    5463.230    6281.333 
    Accum_001                       0        6    517.085    4721.124    5238.209 
    Mux8_000                        0        6    300.989     742.106    1043.095 
  RandomHardware_028                0       28    732.548    3658.362    4390.910 
    Mux8_001                        0       19    732.521    3658.362    4390.883 
  RandomHardware_014                0       47    677.810    3110.090    3787.900 
    Mux4_000                        0       11    677.704    3110.090    3787.794 
  RandomHardware_000                0       10    429.671     241.734     671.405 
    ReduceAndMux_000                0        8    429.665     241.734     671.399 
  RandomHardware_027                0       26    358.161     962.758    1320.919 
    Mux2_000                        0       11    358.117     962.758    1320.875 
  RandomHardware_024                0       87    166.146    1639.745    1805.891 
    RandomHardware_002              0       40    166.008    1639.745    1805.752 
      CompareMux_001                0       15    165.934    1639.745    1805.679 

