============================================================
  Generated by:           Genus(TM) Synthesis Solution 18.13-s027_1
  Generated on:           May 12 2021  11:02:26 am
  Module:                 RandomHardware
  Library domain:         PVT_0P63V_100C.setup_cond
    Domain index:         0
    Technology libraries: asap7sc7p5t_22b_SIMPLE_RVT_SS_170906 1.0
                          asap7sc7p5t_22b_SIMPLE_LVT_SS_170906 1.0
                          asap7sc7p5t_22b_SIMPLE_SLVT_SS_170906 1.0
                          asap7sc7p5t_22b_SIMPLE_SRAM_SS_170906 1.0
                          asap7sc7p5t_22b_AO_RVT_SS_170906 1.0
                          asap7sc7p5t_22b_AO_LVT_SS_170906 1.0
                          asap7sc7p5t_22b_AO_SLVT_SS_170906 1.0
                          asap7sc7p5t_22b_AO_SRAM_SS_170906 1.0
                          asap7sc7p5t_22b_OA_RVT_SS_170906 1.0
                          asap7sc7p5t_22b_OA_LVT_SS_170906 1.0
                          asap7sc7p5t_22b_OA_SLVT_SS_170906 1.0
                          asap7sc7p5t_22b_OA_SRAM_SS_170906 1.0
                          asap7sc7p5t_22b_SEQ_RVT_SS_170906 1.0
                          asap7sc7p5t_22b_SEQ_LVT_SS_170906 1.0
                          asap7sc7p5t_22b_SEQ_SLVT_SS_170906 1.0
                          asap7sc7p5t_22b_SEQ_SRAM_SS_170906 1.0
                          asap7sc7p5t_22b_INVBUF_RVT_SS_170906 1.0
                          asap7sc7p5t_22b_INVBUF_LVT_SS_170906 1.0
                          asap7sc7p5t_22b_INVBUF_SLVT_SS_170906 1.0
                          asap7sc7p5t_22b_INVBUF_SRAM_SS_170906 1.0
                          SRAM1RW1024x8_PVT_0P63V_100C 0
                          SRAM1RW128x46_PVT_0P63V_100C 0
                          SRAM1RW128x48_PVT_0P63V_100C 0
                          SRAM1RW128x8_PVT_0P63V_100C 0
                          SRAM1RW256x128_PVT_0P63V_100C 0
                          SRAM1RW256x32_PVT_0P63V_100C 0
                          SRAM1RW256x46_PVT_0P63V_100C 0
                          SRAM1RW256x48_PVT_0P63V_100C 0
                          SRAM1RW256x8_PVT_0P63V_100C 0
                          SRAM1RW32x50_PVT_0P63V_100C 0
                          SRAM1RW512x128_PVT_0P63V_100C 0
                          SRAM1RW512x32_PVT_0P63V_100C 0
                          SRAM1RW512x8_PVT_0P63V_100C 0
                          SRAM1RW64x128_PVT_0P63V_100C 0
                          SRAM1RW64x32_PVT_0P63V_100C 0
                          SRAM1RW64x34_PVT_0P63V_100C 0
                          SRAM1RW64x8_PVT_0P63V_100C 0
                          SRAM2RW128x16_PVT_0P63V_100C 0
                          SRAM2RW128x32_PVT_0P63V_100C 0
                          SRAM2RW128x4_PVT_0P63V_100C 0
                          SRAM2RW128x8_PVT_0P63V_100C 0
                          SRAM2RW16x16_PVT_0P63V_100C 0
                          SRAM2RW16x32_PVT_0P63V_100C 0
                          SRAM2RW16x4_PVT_0P63V_100C 0
                          SRAM2RW16x8_PVT_0P63V_100C 0
                          SRAM2RW32x16_PVT_0P63V_100C 0
                          SRAM2RW32x22_PVT_0P63V_100C 0
                          SRAM2RW32x32_PVT_0P63V_100C 0
                          SRAM2RW32x39_PVT_0P63V_100C 0
                          SRAM2RW32x4_PVT_0P63V_100C 0
                          SRAM2RW32x8_PVT_0P63V_100C 0
                          SRAM2RW64x16_PVT_0P63V_100C 0
                          SRAM2RW64x32_PVT_0P63V_100C 0
                          SRAM2RW64x4_PVT_0P63V_100C 0
                          SRAM2RW64x8_PVT_0P63V_100C 0
    Operating conditions: PVT_0P63V_100C 
  Interconnect mode:      global
  Area mode:              physical library
============================================================

                         Library         Leakage    Dynamic     Total   
        Instance          Domain Cells  Power(nW)  Power(nW)  Power(nW) 
------------------------------------------------------------------------
RandomHardware              0     1390 109216.552 738956.528 848173.079 
  RandomHardware_014        0      699  59087.901 352677.122 411765.023 
    RandomHardware_000      0      570  31085.690 211782.720 242868.410 
      Mul_001               0      537  31085.593 211782.720 242868.313 
    ShiftRegister_001       0       96  28002.114 140894.402 168896.516 
  RandomHardware_016        0      144  19798.584 162748.144 182546.728 
    RandomHardware_002      0       58  15020.475 116899.336 131919.811 
      ShiftRegister_000     0       54  15020.463 116899.336 131919.800 
    Accum_001               0       71   4778.065  45848.808  50626.873 
  ShiftRegister_008         0       28   8163.374  40749.632  48913.005 
  RandomHardware_000        0      146   7708.035  73877.856  81585.892 
    Accum_001               0       67   3854.556  39964.274  43818.830 
    Accum_000               0       67   3853.444  33913.582  37767.026 
  RandomHardware_004        0      135   5808.320  38992.209  44800.530 
    Div_001                 0       60   1845.675  12271.446  14117.121 
    Reg_004                 0        6   1756.934  15602.862  17359.796 
    ReduceAndMux_002        0       15   1064.051   5135.532   6199.584 
    And_000                 0       10    566.159   1445.197   2011.356 
    CompareMux_003          0       11    558.661   4379.405   4938.066 
  RandomHardware_015        0       73   4608.045  21539.182  26147.227 
    Accum_000               0       49   3702.971  21068.980  24771.951 
    CompareMux_001          0       20    905.061    470.202   1375.264 
  RandomHardware_006        0       38   2331.852  11768.432  14100.285 
    ShiftRegister_000       0       18   2331.793  11768.432  14100.226 
  RandomHardware_011        0       10    657.814   3513.420   4171.234 
    Mux2_000                0       10    657.814   3513.420   4171.234 
  RandomHardware_012        0       11    583.452   3760.111   4343.563 
    Reg_000                 0        5    583.434   3760.111   4343.545 
  RandomHardware_001        0       17    468.912   1141.216   1610.128 
    ReduceXorMux_000        0       17    468.912   1141.216   1610.128 

