============================================================
  Generated by:           Genus(TM) Synthesis Solution 18.13-s027_1
  Generated on:           May 12 2021  11:18:33 am
  Module:                 RandomHardware
  Library domain:         PVT_0P63V_100C.setup_cond
    Domain index:         0
    Technology libraries: asap7sc7p5t_22b_SIMPLE_RVT_SS_170906 1.0
                          asap7sc7p5t_22b_SIMPLE_LVT_SS_170906 1.0
                          asap7sc7p5t_22b_SIMPLE_SLVT_SS_170906 1.0
                          asap7sc7p5t_22b_SIMPLE_SRAM_SS_170906 1.0
                          asap7sc7p5t_22b_AO_RVT_SS_170906 1.0
                          asap7sc7p5t_22b_AO_LVT_SS_170906 1.0
                          asap7sc7p5t_22b_AO_SLVT_SS_170906 1.0
                          asap7sc7p5t_22b_AO_SRAM_SS_170906 1.0
                          asap7sc7p5t_22b_OA_RVT_SS_170906 1.0
                          asap7sc7p5t_22b_OA_LVT_SS_170906 1.0
                          asap7sc7p5t_22b_OA_SLVT_SS_170906 1.0
                          asap7sc7p5t_22b_OA_SRAM_SS_170906 1.0
                          asap7sc7p5t_22b_SEQ_RVT_SS_170906 1.0
                          asap7sc7p5t_22b_SEQ_LVT_SS_170906 1.0
                          asap7sc7p5t_22b_SEQ_SLVT_SS_170906 1.0
                          asap7sc7p5t_22b_SEQ_SRAM_SS_170906 1.0
                          asap7sc7p5t_22b_INVBUF_RVT_SS_170906 1.0
                          asap7sc7p5t_22b_INVBUF_LVT_SS_170906 1.0
                          asap7sc7p5t_22b_INVBUF_SLVT_SS_170906 1.0
                          asap7sc7p5t_22b_INVBUF_SRAM_SS_170906 1.0
                          SRAM1RW1024x8_PVT_0P63V_100C 0
                          SRAM1RW128x46_PVT_0P63V_100C 0
                          SRAM1RW128x48_PVT_0P63V_100C 0
                          SRAM1RW128x8_PVT_0P63V_100C 0
                          SRAM1RW256x128_PVT_0P63V_100C 0
                          SRAM1RW256x32_PVT_0P63V_100C 0
                          SRAM1RW256x46_PVT_0P63V_100C 0
                          SRAM1RW256x48_PVT_0P63V_100C 0
                          SRAM1RW256x8_PVT_0P63V_100C 0
                          SRAM1RW32x50_PVT_0P63V_100C 0
                          SRAM1RW512x128_PVT_0P63V_100C 0
                          SRAM1RW512x32_PVT_0P63V_100C 0
                          SRAM1RW512x8_PVT_0P63V_100C 0
                          SRAM1RW64x128_PVT_0P63V_100C 0
                          SRAM1RW64x32_PVT_0P63V_100C 0
                          SRAM1RW64x34_PVT_0P63V_100C 0
                          SRAM1RW64x8_PVT_0P63V_100C 0
                          SRAM2RW128x16_PVT_0P63V_100C 0
                          SRAM2RW128x32_PVT_0P63V_100C 0
                          SRAM2RW128x4_PVT_0P63V_100C 0
                          SRAM2RW128x8_PVT_0P63V_100C 0
                          SRAM2RW16x16_PVT_0P63V_100C 0
                          SRAM2RW16x32_PVT_0P63V_100C 0
                          SRAM2RW16x4_PVT_0P63V_100C 0
                          SRAM2RW16x8_PVT_0P63V_100C 0
                          SRAM2RW32x16_PVT_0P63V_100C 0
                          SRAM2RW32x22_PVT_0P63V_100C 0
                          SRAM2RW32x32_PVT_0P63V_100C 0
                          SRAM2RW32x39_PVT_0P63V_100C 0
                          SRAM2RW32x4_PVT_0P63V_100C 0
                          SRAM2RW32x8_PVT_0P63V_100C 0
                          SRAM2RW64x16_PVT_0P63V_100C 0
                          SRAM2RW64x32_PVT_0P63V_100C 0
                          SRAM2RW64x4_PVT_0P63V_100C 0
                          SRAM2RW64x8_PVT_0P63V_100C 0
    Operating conditions: PVT_0P63V_100C 
  Interconnect mode:      global
  Area mode:              physical library
============================================================

                                Library         Leakage    Dynamic     Total   
           Instance              Domain Cells  Power(nW)  Power(nW)  Power(nW) 
-------------------------------------------------------------------------------
RandomHardware                     0     3080 190438.759 694157.835 884596.594 
  RandomHardware_009               0     2017 126975.560 305154.384 432129.944 
    Mod_008                        0     1763 107047.811 188716.849 295764.659 
    ShiftRegister_005              0       53  15127.873 101082.962 116210.835 
    ReduceOrMux_002                0       25   1645.407   4965.791   6611.198 
    RandomHardware_001             0       62   1518.150   4462.243   5980.393 
      ReduceXorMux_001             0       23   1518.036   4462.243   5980.278 
    ReduceXorMux_009               0       19   1014.532   4555.204   5569.736 
  RandomHardware_005               0      639  43414.055 279816.532 323230.587 
    Accum_001                      0      355  26214.126 180354.927 206569.053 
    ResetShiftRegister_000         0      216  17199.728  99461.605 116661.333 
      CLKGATE_RC_CG_HIER_INST0     0        1      4.469   2561.876   2566.345 
      CLKGATE_RC_CG_HIER_INST1     0        1      4.469   2561.876   2566.345 
      CLKGATE_RC_CG_HIER_INST2     0        1      4.469   2561.876   2566.345 
      CLKGATE_RC_CG_HIER_INST3     0        1      4.469   2561.876   2566.345 
  RandomHardware_022               0      195  16496.002  82479.963  98975.965 
    ResetShiftRegister_000         0      194  16495.999  82479.963  98975.962 
      CLKGATE_RC_CG_HIER_INST4     0        1      4.538   2665.957   2670.496 
      CLKGATE_RC_CG_HIER_INST5     0        1      4.538   2665.957   2670.496 
      CLKGATE_RC_CG_HIER_INST6     0        1      4.538   2665.957   2670.496 
      CLKGATE_RC_CG_HIER_INST7     0        1      4.538   2665.957   2670.496 
  RandomHardware_021               0       24   2633.696   8183.017  10816.713 
    Reg_000                        0       13   2010.425   7889.666   9900.091 
    ReduceOrMux_001                0       11    623.272    293.350    916.622 
  RandomHardware_003               0       44    583.479   1788.669   2372.148 
    Reg_000                        0       16    583.397   1788.669   2372.065 
  RandomHardware_019               0       14    213.289    190.757    404.046 
    Mux2_000                       0        9    213.275    190.757    404.031 

