*----------------------------------------------------------------------------------------
*	Voltus Power Analysis - Power Calculator - Version v18.17-s023_1 64-bit (03/05/2020 14:39:22)
*	Copyright 2007, Cadence Design Systems, Inc.
*
* 	Date & Time:	2021-May-09 10:12:00 (2021-May-09 17:12:00 GMT)
*
*----------------------------------------------------------------------------------------
*
*	Design: gcd
*
*	Liberty Libraries used: 
*	        /scratch/nayiri/randomaccels/power/gcd/build/par-rundir/gcd_FINAL/libs/mmmc/asap7sc7p5t_24_SIMPLE_RVT_FF.lib
*	        /scratch/nayiri/randomaccels/power/gcd/build/par-rundir/gcd_FINAL/libs/mmmc/asap7sc7p5t_24_SIMPLE_LVT_FF.lib
*	        /scratch/nayiri/randomaccels/power/gcd/build/par-rundir/gcd_FINAL/libs/mmmc/asap7sc7p5t_24_SIMPLE_SLVT_FF.lib
*	        /scratch/nayiri/randomaccels/power/gcd/build/par-rundir/gcd_FINAL/libs/mmmc/asap7sc7p5t_24_SIMPLE_SRAM_FF.lib
*	        /scratch/nayiri/randomaccels/power/gcd/build/par-rundir/gcd_FINAL/libs/mmmc/asap7sc7p5t_24_AO_RVT_FF.lib
*	        /scratch/nayiri/randomaccels/power/gcd/build/par-rundir/gcd_FINAL/libs/mmmc/asap7sc7p5t_24_AO_LVT_FF.lib
*	        /scratch/nayiri/randomaccels/power/gcd/build/par-rundir/gcd_FINAL/libs/mmmc/asap7sc7p5t_24_AO_SLVT_FF.lib
*	        /scratch/nayiri/randomaccels/power/gcd/build/par-rundir/gcd_FINAL/libs/mmmc/asap7sc7p5t_24_AO_SRAM_FF.lib
*	        /scratch/nayiri/randomaccels/power/gcd/build/par-rundir/gcd_FINAL/libs/mmmc/asap7sc7p5t_24_OA_RVT_FF.lib
*	        /scratch/nayiri/randomaccels/power/gcd/build/par-rundir/gcd_FINAL/libs/mmmc/asap7sc7p5t_24_OA_LVT_FF.lib
*	        /scratch/nayiri/randomaccels/power/gcd/build/par-rundir/gcd_FINAL/libs/mmmc/asap7sc7p5t_24_OA_SLVT_FF.lib
*	        /scratch/nayiri/randomaccels/power/gcd/build/par-rundir/gcd_FINAL/libs/mmmc/asap7sc7p5t_24_OA_SRAM_FF.lib
*	        /scratch/nayiri/randomaccels/power/gcd/build/par-rundir/gcd_FINAL/libs/mmmc/asap7sc7p5t_24_SEQ_RVT_FF.lib
*	        /scratch/nayiri/randomaccels/power/gcd/build/par-rundir/gcd_FINAL/libs/mmmc/asap7sc7p5t_24_SEQ_LVT_FF.lib
*	        /scratch/nayiri/randomaccels/power/gcd/build/par-rundir/gcd_FINAL/libs/mmmc/asap7sc7p5t_24_SEQ_SLVT_FF.lib
*	        /scratch/nayiri/randomaccels/power/gcd/build/par-rundir/gcd_FINAL/libs/mmmc/asap7sc7p5t_24_SEQ_SRAM_FF.lib
*	        /scratch/nayiri/randomaccels/power/gcd/build/par-rundir/gcd_FINAL/libs/mmmc/asap7sc7p5t_24_INVBUF_RVT_FF.lib
*	        /scratch/nayiri/randomaccels/power/gcd/build/par-rundir/gcd_FINAL/libs/mmmc/asap7sc7p5t_24_INVBUF_LVT_FF.lib
*	        /scratch/nayiri/randomaccels/power/gcd/build/par-rundir/gcd_FINAL/libs/mmmc/asap7sc7p5t_24_INVBUF_SLVT_FF.lib
*	        /scratch/nayiri/randomaccels/power/gcd/build/par-rundir/gcd_FINAL/libs/mmmc/asap7sc7p5t_24_INVBUF_SRAM_FF.lib
*	        /scratch/nayiri/randomaccels/power/gcd/build/par-rundir/gcd_FINAL/libs/mmmc/SRAM1RW1024x8_PVT_0P77V_0C.lib
*	        /scratch/nayiri/randomaccels/power/gcd/build/par-rundir/gcd_FINAL/libs/mmmc/SRAM1RW128x46_PVT_0P77V_0C.lib
*	        /scratch/nayiri/randomaccels/power/gcd/build/par-rundir/gcd_FINAL/libs/mmmc/SRAM1RW128x48_PVT_0P77V_0C.lib
*	        /scratch/nayiri/randomaccels/power/gcd/build/par-rundir/gcd_FINAL/libs/mmmc/SRAM1RW128x8_PVT_0P77V_0C.lib
*	        /scratch/nayiri/randomaccels/power/gcd/build/par-rundir/gcd_FINAL/libs/mmmc/SRAM1RW256x128_PVT_0P77V_0C.lib
*	        /scratch/nayiri/randomaccels/power/gcd/build/par-rundir/gcd_FINAL/libs/mmmc/SRAM1RW256x32_PVT_0P77V_0C.lib
*	        /scratch/nayiri/randomaccels/power/gcd/build/par-rundir/gcd_FINAL/libs/mmmc/SRAM1RW256x46_PVT_0P77V_0C.lib
*	        /scratch/nayiri/randomaccels/power/gcd/build/par-rundir/gcd_FINAL/libs/mmmc/SRAM1RW256x48_PVT_0P77V_0C.lib
*	        /scratch/nayiri/randomaccels/power/gcd/build/par-rundir/gcd_FINAL/libs/mmmc/SRAM1RW256x8_PVT_0P77V_0C.lib
*	        /scratch/nayiri/randomaccels/power/gcd/build/par-rundir/gcd_FINAL/libs/mmmc/SRAM1RW32x50_PVT_0P77V_0C.lib
*	        /scratch/nayiri/randomaccels/power/gcd/build/par-rundir/gcd_FINAL/libs/mmmc/SRAM1RW512x128_PVT_0P77V_0C.lib
*	        /scratch/nayiri/randomaccels/power/gcd/build/par-rundir/gcd_FINAL/libs/mmmc/SRAM1RW512x32_PVT_0P77V_0C.lib
*	        /scratch/nayiri/randomaccels/power/gcd/build/par-rundir/gcd_FINAL/libs/mmmc/SRAM1RW512x8_PVT_0P77V_0C.lib
*	        /scratch/nayiri/randomaccels/power/gcd/build/par-rundir/gcd_FINAL/libs/mmmc/SRAM1RW64x128_PVT_0P77V_0C.lib
*	        /scratch/nayiri/randomaccels/power/gcd/build/par-rundir/gcd_FINAL/libs/mmmc/SRAM1RW64x32_PVT_0P77V_0C.lib
*	        /scratch/nayiri/randomaccels/power/gcd/build/par-rundir/gcd_FINAL/libs/mmmc/SRAM1RW64x34_PVT_0P77V_0C.lib
*	        /scratch/nayiri/randomaccels/power/gcd/build/par-rundir/gcd_FINAL/libs/mmmc/SRAM1RW64x8_PVT_0P77V_0C.lib
*	        /scratch/nayiri/randomaccels/power/gcd/build/par-rundir/gcd_FINAL/libs/mmmc/SRAM2RW128x16_PVT_0P77V_0C.lib
*	        /scratch/nayiri/randomaccels/power/gcd/build/par-rundir/gcd_FINAL/libs/mmmc/SRAM2RW128x32_PVT_0P77V_0C.lib
*	        /scratch/nayiri/randomaccels/power/gcd/build/par-rundir/gcd_FINAL/libs/mmmc/SRAM2RW128x4_PVT_0P77V_0C.lib
*	        /scratch/nayiri/randomaccels/power/gcd/build/par-rundir/gcd_FINAL/libs/mmmc/SRAM2RW128x8_PVT_0P77V_0C.lib
*	        /scratch/nayiri/randomaccels/power/gcd/build/par-rundir/gcd_FINAL/libs/mmmc/SRAM2RW16x16_PVT_0P77V_0C.lib
*	        /scratch/nayiri/randomaccels/power/gcd/build/par-rundir/gcd_FINAL/libs/mmmc/SRAM2RW16x32_PVT_0P77V_0C.lib
*	        /scratch/nayiri/randomaccels/power/gcd/build/par-rundir/gcd_FINAL/libs/mmmc/SRAM2RW16x4_PVT_0P77V_0C.lib
*	        /scratch/nayiri/randomaccels/power/gcd/build/par-rundir/gcd_FINAL/libs/mmmc/SRAM2RW16x8_PVT_0P77V_0C.lib
*	        /scratch/nayiri/randomaccels/power/gcd/build/par-rundir/gcd_FINAL/libs/mmmc/SRAM2RW32x16_PVT_0P77V_0C.lib
*	        /scratch/nayiri/randomaccels/power/gcd/build/par-rundir/gcd_FINAL/libs/mmmc/SRAM2RW32x22_PVT_0P77V_0C.lib
*	        /scratch/nayiri/randomaccels/power/gcd/build/par-rundir/gcd_FINAL/libs/mmmc/SRAM2RW32x32_PVT_0P77V_0C.lib
*	        /scratch/nayiri/randomaccels/power/gcd/build/par-rundir/gcd_FINAL/libs/mmmc/SRAM2RW32x39_PVT_0P77V_0C.lib
*	        /scratch/nayiri/randomaccels/power/gcd/build/par-rundir/gcd_FINAL/libs/mmmc/SRAM2RW32x4_PVT_0P77V_0C.lib
*	        /scratch/nayiri/randomaccels/power/gcd/build/par-rundir/gcd_FINAL/libs/mmmc/SRAM2RW32x8_PVT_0P77V_0C.lib
*	        /scratch/nayiri/randomaccels/power/gcd/build/par-rundir/gcd_FINAL/libs/mmmc/SRAM2RW64x16_PVT_0P77V_0C.lib
*	        /scratch/nayiri/randomaccels/power/gcd/build/par-rundir/gcd_FINAL/libs/mmmc/SRAM2RW64x32_PVT_0P77V_0C.lib
*	        /scratch/nayiri/randomaccels/power/gcd/build/par-rundir/gcd_FINAL/libs/mmmc/SRAM2RW64x4_PVT_0P77V_0C.lib
*	        /scratch/nayiri/randomaccels/power/gcd/build/par-rundir/gcd_FINAL/libs/mmmc/SRAM2RW64x8_PVT_0P77V_0C.lib
*
*	Power Domain used: 
*              Rail:        VDD      Voltage:       0.77 
*
*	Parasitic Files used: 
*	        /scratch/nayiri/randomaccels/power/gcd/build/par-rundir/gcd.setup.par.spef
*	        /scratch/nayiri/randomaccels/power/gcd/build/par-rundir/gcd.hold.par.spef
*
*	DEF Files used: 
*	        /tmp/ssv_tmpdir_15895_BVIGI9/eps_out_15895.def.gz
*
*       Activity File: N.A.
*
*       Hierarchical Global Activity: N.A.
*
*       Global Activity: N.A.
*
*       Sequential Element Activity: 0.200000
*
*       Primary Input Activity: 0.200000
*
*       Default icg ratio: N.A.
*
*       Global Comb ClockGate Ratio: N.A.
*
*	Power Units = 1mW
*
*	Time Units = 1e-09 secs 
*
*       report_power -output activePowerReports -report_prefix PVT_0P77V_0C.hold_view
*
-----------------------------------------------------------------------------------------


Total Power 
-----------------------------------------------------------------------------------------
Total Internal Power:        0.08088737 	    6.7225%
Total Switching Power:       1.11901372 	   93.0008%
Total Leakage Power:         0.00332888 	    0.2767%
Total Power:                 1.20322997 
-----------------------------------------------------------------------------------------


Group                           Internal   Switching     Leakage       Total  Percentage 
                                Power      Power         Power         Power  (%)        
-----------------------------------------------------------------------------------------
Sequential                       0.02848     0.00892   0.0006279     0.03803        3.16 
Macro                                  0           0           0           0           0 
IO                                     0           0   1.192e-07   1.192e-07   9.906e-06 
Combinational                     0.0493       1.105    0.002649       1.157       96.15 
Clock (Combinational)            0.00081   0.0008805   3.382e-08    0.001691      0.1405 
Clock (Sequential)              0.002294    0.004286   5.172e-05    0.006632      0.5512 
-----------------------------------------------------------------------------------------
Total                            0.08089       1.119    0.003329       1.203         100 
-----------------------------------------------------------------------------------------


Clock                           Internal   Switching     Leakage       Total  Percentage 
                                Power      Power         Power         Power  (%)        
-----------------------------------------------------------------------------------------
clk                             0.003104    0.005167   5.176e-05    0.008322      0.6917 
-----------------------------------------------------------------------------------------
Total (excluding duplicates)    0.003104    0.005167   5.176e-05    0.008322      0.6917 
-----------------------------------------------------------------------------------------

Clock: clk
Clock Period:                0.001 usec 
Clock Toggle Rate:  2000.0000 MHz 
Clock Static Probability:  0.5000


Rail                  Voltage   Internal   Switching     Leakage       Total  Percentage 
                                Power      Power         Power         Power  (%)        
-----------------------------------------------------------------------------------------
VDD                      0.77    0.08089       1.119    0.003329       1.203         100 


-----------------------------------------------------------------------------------------
*	Power Distribution Summary: 
*                Highest Average Power: FE_OFC11_result_bits_data_6 (BUFx24_ASAP7_75t_SL):          0.06079 
*                Highest Leakage Power: FE_OFC17_result_bits_data_0 (BUFx24_ASAP7_75t_SL):        9.234e-05 
*          Total Cap:      1.86996e-11 F
*          Total instances in design:   393
*          Total instances in design with no power:     0
*          Total instances in design with no activity:     0
*          Total Fillers and Decap:     0
-----------------------------------------------------------------------------------------

