*----------------------------------------------------------------------------------------
*	Voltus Power Analysis - Power Calculator - Version v18.17-s023_1 64-bit (03/05/2020 14:39:22)
*	Copyright 2007, Cadence Design Systems, Inc.
*
* 	Date & Time:	2021-Apr-28 14:55:12 (2021-Apr-28 21:55:12 GMT)
*
*----------------------------------------------------------------------------------------
*
*	Design: gcd
*
*	Liberty Libraries used: 
*	        /home/aa/users/cs199-aap/projects/randomaccels/power/gcd/build/par-rundir/gcd_FINAL/libs/mmmc/asap7sc7p5t_24_SIMPLE_RVT_SS.lib
*	        /home/aa/users/cs199-aap/projects/randomaccels/power/gcd/build/par-rundir/gcd_FINAL/libs/mmmc/asap7sc7p5t_24_SIMPLE_LVT_SS.lib
*	        /home/aa/users/cs199-aap/projects/randomaccels/power/gcd/build/par-rundir/gcd_FINAL/libs/mmmc/asap7sc7p5t_24_SIMPLE_SLVT_SS.lib
*	        /home/aa/users/cs199-aap/projects/randomaccels/power/gcd/build/par-rundir/gcd_FINAL/libs/mmmc/asap7sc7p5t_24_SIMPLE_SRAM_SS.lib
*	        /home/aa/users/cs199-aap/projects/randomaccels/power/gcd/build/par-rundir/gcd_FINAL/libs/mmmc/asap7sc7p5t_24_AO_RVT_SS.lib
*	        /home/aa/users/cs199-aap/projects/randomaccels/power/gcd/build/par-rundir/gcd_FINAL/libs/mmmc/asap7sc7p5t_24_AO_LVT_SS.lib
*	        /home/aa/users/cs199-aap/projects/randomaccels/power/gcd/build/par-rundir/gcd_FINAL/libs/mmmc/asap7sc7p5t_24_AO_SLVT_SS.lib
*	        /home/aa/users/cs199-aap/projects/randomaccels/power/gcd/build/par-rundir/gcd_FINAL/libs/mmmc/asap7sc7p5t_24_AO_SRAM_SS.lib
*	        /home/aa/users/cs199-aap/projects/randomaccels/power/gcd/build/par-rundir/gcd_FINAL/libs/mmmc/asap7sc7p5t_24_OA_RVT_SS.lib
*	        /home/aa/users/cs199-aap/projects/randomaccels/power/gcd/build/par-rundir/gcd_FINAL/libs/mmmc/asap7sc7p5t_24_OA_LVT_SS.lib
*	        /home/aa/users/cs199-aap/projects/randomaccels/power/gcd/build/par-rundir/gcd_FINAL/libs/mmmc/asap7sc7p5t_24_OA_SLVT_SS.lib
*	        /home/aa/users/cs199-aap/projects/randomaccels/power/gcd/build/par-rundir/gcd_FINAL/libs/mmmc/asap7sc7p5t_24_OA_SRAM_SS.lib
*	        /home/aa/users/cs199-aap/projects/randomaccels/power/gcd/build/par-rundir/gcd_FINAL/libs/mmmc/asap7sc7p5t_24_SEQ_RVT_SS.lib
*	        /home/aa/users/cs199-aap/projects/randomaccels/power/gcd/build/par-rundir/gcd_FINAL/libs/mmmc/asap7sc7p5t_24_SEQ_LVT_SS.lib
*	        /home/aa/users/cs199-aap/projects/randomaccels/power/gcd/build/par-rundir/gcd_FINAL/libs/mmmc/asap7sc7p5t_24_SEQ_SLVT_SS.lib
*	        /home/aa/users/cs199-aap/projects/randomaccels/power/gcd/build/par-rundir/gcd_FINAL/libs/mmmc/asap7sc7p5t_24_SEQ_SRAM_SS.lib
*	        /home/aa/users/cs199-aap/projects/randomaccels/power/gcd/build/par-rundir/gcd_FINAL/libs/mmmc/asap7sc7p5t_24_INVBUF_RVT_SS.lib
*	        /home/aa/users/cs199-aap/projects/randomaccels/power/gcd/build/par-rundir/gcd_FINAL/libs/mmmc/asap7sc7p5t_24_INVBUF_LVT_SS.lib
*	        /home/aa/users/cs199-aap/projects/randomaccels/power/gcd/build/par-rundir/gcd_FINAL/libs/mmmc/asap7sc7p5t_24_INVBUF_SLVT_SS.lib
*	        /home/aa/users/cs199-aap/projects/randomaccels/power/gcd/build/par-rundir/gcd_FINAL/libs/mmmc/asap7sc7p5t_24_INVBUF_SRAM_SS.lib
*	        /home/aa/users/cs199-aap/projects/randomaccels/power/gcd/build/par-rundir/gcd_FINAL/libs/mmmc/SRAM1RW1024x8_PVT_0P63V_100C.lib
*	        /home/aa/users/cs199-aap/projects/randomaccels/power/gcd/build/par-rundir/gcd_FINAL/libs/mmmc/SRAM1RW128x46_PVT_0P63V_100C.lib
*	        /home/aa/users/cs199-aap/projects/randomaccels/power/gcd/build/par-rundir/gcd_FINAL/libs/mmmc/SRAM1RW128x48_PVT_0P63V_100C.lib
*	        /home/aa/users/cs199-aap/projects/randomaccels/power/gcd/build/par-rundir/gcd_FINAL/libs/mmmc/SRAM1RW128x8_PVT_0P63V_100C.lib
*	        /home/aa/users/cs199-aap/projects/randomaccels/power/gcd/build/par-rundir/gcd_FINAL/libs/mmmc/SRAM1RW256x128_PVT_0P63V_100C.lib
*	        /home/aa/users/cs199-aap/projects/randomaccels/power/gcd/build/par-rundir/gcd_FINAL/libs/mmmc/SRAM1RW256x32_PVT_0P63V_100C.lib
*	        /home/aa/users/cs199-aap/projects/randomaccels/power/gcd/build/par-rundir/gcd_FINAL/libs/mmmc/SRAM1RW256x46_PVT_0P63V_100C.lib
*	        /home/aa/users/cs199-aap/projects/randomaccels/power/gcd/build/par-rundir/gcd_FINAL/libs/mmmc/SRAM1RW256x48_PVT_0P63V_100C.lib
*	        /home/aa/users/cs199-aap/projects/randomaccels/power/gcd/build/par-rundir/gcd_FINAL/libs/mmmc/SRAM1RW256x8_PVT_0P63V_100C.lib
*	        /home/aa/users/cs199-aap/projects/randomaccels/power/gcd/build/par-rundir/gcd_FINAL/libs/mmmc/SRAM1RW32x50_PVT_0P63V_100C.lib
*	        /home/aa/users/cs199-aap/projects/randomaccels/power/gcd/build/par-rundir/gcd_FINAL/libs/mmmc/SRAM1RW512x128_PVT_0P63V_100C.lib
*	        /home/aa/users/cs199-aap/projects/randomaccels/power/gcd/build/par-rundir/gcd_FINAL/libs/mmmc/SRAM1RW512x32_PVT_0P63V_100C.lib
*	        /home/aa/users/cs199-aap/projects/randomaccels/power/gcd/build/par-rundir/gcd_FINAL/libs/mmmc/SRAM1RW512x8_PVT_0P63V_100C.lib
*	        /home/aa/users/cs199-aap/projects/randomaccels/power/gcd/build/par-rundir/gcd_FINAL/libs/mmmc/SRAM1RW64x128_PVT_0P63V_100C.lib
*	        /home/aa/users/cs199-aap/projects/randomaccels/power/gcd/build/par-rundir/gcd_FINAL/libs/mmmc/SRAM1RW64x32_PVT_0P63V_100C.lib
*	        /home/aa/users/cs199-aap/projects/randomaccels/power/gcd/build/par-rundir/gcd_FINAL/libs/mmmc/SRAM1RW64x34_PVT_0P63V_100C.lib
*	        /home/aa/users/cs199-aap/projects/randomaccels/power/gcd/build/par-rundir/gcd_FINAL/libs/mmmc/SRAM1RW64x8_PVT_0P63V_100C.lib
*	        /home/aa/users/cs199-aap/projects/randomaccels/power/gcd/build/par-rundir/gcd_FINAL/libs/mmmc/SRAM2RW128x16_PVT_0P63V_100C.lib
*	        /home/aa/users/cs199-aap/projects/randomaccels/power/gcd/build/par-rundir/gcd_FINAL/libs/mmmc/SRAM2RW128x32_PVT_0P63V_100C.lib
*	        /home/aa/users/cs199-aap/projects/randomaccels/power/gcd/build/par-rundir/gcd_FINAL/libs/mmmc/SRAM2RW128x4_PVT_0P63V_100C.lib
*	        /home/aa/users/cs199-aap/projects/randomaccels/power/gcd/build/par-rundir/gcd_FINAL/libs/mmmc/SRAM2RW128x8_PVT_0P63V_100C.lib
*	        /home/aa/users/cs199-aap/projects/randomaccels/power/gcd/build/par-rundir/gcd_FINAL/libs/mmmc/SRAM2RW16x16_PVT_0P63V_100C.lib
*	        /home/aa/users/cs199-aap/projects/randomaccels/power/gcd/build/par-rundir/gcd_FINAL/libs/mmmc/SRAM2RW16x32_PVT_0P63V_100C.lib
*	        /home/aa/users/cs199-aap/projects/randomaccels/power/gcd/build/par-rundir/gcd_FINAL/libs/mmmc/SRAM2RW16x4_PVT_0P63V_100C.lib
*	        /home/aa/users/cs199-aap/projects/randomaccels/power/gcd/build/par-rundir/gcd_FINAL/libs/mmmc/SRAM2RW16x8_PVT_0P63V_100C.lib
*	        /home/aa/users/cs199-aap/projects/randomaccels/power/gcd/build/par-rundir/gcd_FINAL/libs/mmmc/SRAM2RW32x16_PVT_0P63V_100C.lib
*	        /home/aa/users/cs199-aap/projects/randomaccels/power/gcd/build/par-rundir/gcd_FINAL/libs/mmmc/SRAM2RW32x22_PVT_0P63V_100C.lib
*	        /home/aa/users/cs199-aap/projects/randomaccels/power/gcd/build/par-rundir/gcd_FINAL/libs/mmmc/SRAM2RW32x32_PVT_0P63V_100C.lib
*	        /home/aa/users/cs199-aap/projects/randomaccels/power/gcd/build/par-rundir/gcd_FINAL/libs/mmmc/SRAM2RW32x39_PVT_0P63V_100C.lib
*	        /home/aa/users/cs199-aap/projects/randomaccels/power/gcd/build/par-rundir/gcd_FINAL/libs/mmmc/SRAM2RW32x4_PVT_0P63V_100C.lib
*	        /home/aa/users/cs199-aap/projects/randomaccels/power/gcd/build/par-rundir/gcd_FINAL/libs/mmmc/SRAM2RW32x8_PVT_0P63V_100C.lib
*	        /home/aa/users/cs199-aap/projects/randomaccels/power/gcd/build/par-rundir/gcd_FINAL/libs/mmmc/SRAM2RW64x16_PVT_0P63V_100C.lib
*	        /home/aa/users/cs199-aap/projects/randomaccels/power/gcd/build/par-rundir/gcd_FINAL/libs/mmmc/SRAM2RW64x32_PVT_0P63V_100C.lib
*	        /home/aa/users/cs199-aap/projects/randomaccels/power/gcd/build/par-rundir/gcd_FINAL/libs/mmmc/SRAM2RW64x4_PVT_0P63V_100C.lib
*	        /home/aa/users/cs199-aap/projects/randomaccels/power/gcd/build/par-rundir/gcd_FINAL/libs/mmmc/SRAM2RW64x8_PVT_0P63V_100C.lib
*
*	Power Domain used: 
*              Rail:        VDD      Voltage:       0.63 
*
*	Parasitic Files used: 
*	        /home/aa/users/cs199-aap/projects/randomaccels/power/gcd/build/par-rundir/gcd.setup.par.spef
*	        /home/aa/users/cs199-aap/projects/randomaccels/power/gcd/build/par-rundir/gcd.hold.par.spef
*
*	DEF Files used: 
*	        /tmp/ssv_tmpdir_16161_bwHFuJ/eps_out_16161.def.gz
*
*       Activity File: N.A.
*
*       Hierarchical Global Activity: N.A.
*
*       Global Activity: N.A.
*
*       Sequential Element Activity: 0.200000
*
*       Primary Input Activity: 0.200000
*
*       Default icg ratio: N.A.
*
*       Global Comb ClockGate Ratio: N.A.
*
*	Power Units = 1mW
*
*	Time Units = 1e-09 secs 
*
*       report_power -output activePowerReports -report_prefix PVT_0P63V_100C.setup_view
*
-----------------------------------------------------------------------------------------


Total Power 
-----------------------------------------------------------------------------------------
Total Internal Power:        0.06407305 	    7.6300%
Total Switching Power:       0.74469919 	   88.6808%
Total Leakage Power:         0.03098000 	    3.6892%
Total Power:                 0.83975224 
-----------------------------------------------------------------------------------------


Group                           Internal   Switching     Leakage       Total  Percentage 
                                Power      Power         Power         Power  (%)        
-----------------------------------------------------------------------------------------
Sequential                       0.02052     0.00562    0.006024     0.03216        3.83 
Macro                                  0           0           0           0           0 
IO                                     0           0   1.001e-07   1.001e-07   1.192e-05 
Combinational                     0.0408      0.7358     0.02444       0.801       95.39 
Clock (Combinational)          0.0006557   0.0003666   5.949e-07    0.001023      0.1218 
Clock (Sequential)              0.002102    0.002936   0.0005165    0.005554      0.6614 
-----------------------------------------------------------------------------------------
Total                            0.06407      0.7447     0.03098      0.8398         100 
-----------------------------------------------------------------------------------------


Clock                           Internal   Switching     Leakage       Total  Percentage 
                                Power      Power         Power         Power  (%)        
-----------------------------------------------------------------------------------------
clk                             0.002758    0.003303   0.0005171    0.006577      0.7833 
-----------------------------------------------------------------------------------------
Total (excluding duplicates)    0.002758    0.003303   0.0005171    0.006577      0.7833 
-----------------------------------------------------------------------------------------

Clock: clk
Clock Period:                0.001 usec 
Clock Toggle Rate:  2000.0000 MHz 
Clock Static Probability:  0.5000


Rail                  Voltage   Internal   Switching     Leakage       Total  Percentage 
                                Power      Power         Power         Power  (%)        
-----------------------------------------------------------------------------------------
VDD                      0.63    0.06407      0.7447     0.03098      0.8398         100 


-----------------------------------------------------------------------------------------
*	Power Distribution Summary: 
*                Highest Average Power:     FE_OFC62_operands_rdy (BUFx24_ASAP7_75t_SL):          0.04193 
*                Highest Leakage Power:       FE_OFC63_result_val (BUFx24_ASAP7_75t_SL):        0.0009434 
*          Total Cap:      1.86294e-11 F
*          Total instances in design:   364
*          Total instances in design with no power:     0
*          Total instances in design with no activity:     0
*          Total Fillers and Decap:     0
-----------------------------------------------------------------------------------------

