============================================================
  Generated by:           Genus(TM) Synthesis Solution 18.13-s027_1
  Generated on:           May 12 2021  11:00:01 am
  Module:                 RandomHardware
  Library domain:         PVT_0P63V_100C.setup_cond
    Domain index:         0
    Technology libraries: asap7sc7p5t_22b_SIMPLE_RVT_SS_170906 1.0
                          asap7sc7p5t_22b_SIMPLE_LVT_SS_170906 1.0
                          asap7sc7p5t_22b_SIMPLE_SLVT_SS_170906 1.0
                          asap7sc7p5t_22b_SIMPLE_SRAM_SS_170906 1.0
                          asap7sc7p5t_22b_AO_RVT_SS_170906 1.0
                          asap7sc7p5t_22b_AO_LVT_SS_170906 1.0
                          asap7sc7p5t_22b_AO_SLVT_SS_170906 1.0
                          asap7sc7p5t_22b_AO_SRAM_SS_170906 1.0
                          asap7sc7p5t_22b_OA_RVT_SS_170906 1.0
                          asap7sc7p5t_22b_OA_LVT_SS_170906 1.0
                          asap7sc7p5t_22b_OA_SLVT_SS_170906 1.0
                          asap7sc7p5t_22b_OA_SRAM_SS_170906 1.0
                          asap7sc7p5t_22b_SEQ_RVT_SS_170906 1.0
                          asap7sc7p5t_22b_SEQ_LVT_SS_170906 1.0
                          asap7sc7p5t_22b_SEQ_SLVT_SS_170906 1.0
                          asap7sc7p5t_22b_SEQ_SRAM_SS_170906 1.0
                          asap7sc7p5t_22b_INVBUF_RVT_SS_170906 1.0
                          asap7sc7p5t_22b_INVBUF_LVT_SS_170906 1.0
                          asap7sc7p5t_22b_INVBUF_SLVT_SS_170906 1.0
                          asap7sc7p5t_22b_INVBUF_SRAM_SS_170906 1.0
                          SRAM1RW1024x8_PVT_0P63V_100C 0
                          SRAM1RW128x46_PVT_0P63V_100C 0
                          SRAM1RW128x48_PVT_0P63V_100C 0
                          SRAM1RW128x8_PVT_0P63V_100C 0
                          SRAM1RW256x128_PVT_0P63V_100C 0
                          SRAM1RW256x32_PVT_0P63V_100C 0
                          SRAM1RW256x46_PVT_0P63V_100C 0
                          SRAM1RW256x48_PVT_0P63V_100C 0
                          SRAM1RW256x8_PVT_0P63V_100C 0
                          SRAM1RW32x50_PVT_0P63V_100C 0
                          SRAM1RW512x128_PVT_0P63V_100C 0
                          SRAM1RW512x32_PVT_0P63V_100C 0
                          SRAM1RW512x8_PVT_0P63V_100C 0
                          SRAM1RW64x128_PVT_0P63V_100C 0
                          SRAM1RW64x32_PVT_0P63V_100C 0
                          SRAM1RW64x34_PVT_0P63V_100C 0
                          SRAM1RW64x8_PVT_0P63V_100C 0
                          SRAM2RW128x16_PVT_0P63V_100C 0
                          SRAM2RW128x32_PVT_0P63V_100C 0
                          SRAM2RW128x4_PVT_0P63V_100C 0
                          SRAM2RW128x8_PVT_0P63V_100C 0
                          SRAM2RW16x16_PVT_0P63V_100C 0
                          SRAM2RW16x32_PVT_0P63V_100C 0
                          SRAM2RW16x4_PVT_0P63V_100C 0
                          SRAM2RW16x8_PVT_0P63V_100C 0
                          SRAM2RW32x16_PVT_0P63V_100C 0
                          SRAM2RW32x22_PVT_0P63V_100C 0
                          SRAM2RW32x32_PVT_0P63V_100C 0
                          SRAM2RW32x39_PVT_0P63V_100C 0
                          SRAM2RW32x4_PVT_0P63V_100C 0
                          SRAM2RW32x8_PVT_0P63V_100C 0
                          SRAM2RW64x16_PVT_0P63V_100C 0
                          SRAM2RW64x32_PVT_0P63V_100C 0
                          SRAM2RW64x4_PVT_0P63V_100C 0
                          SRAM2RW64x8_PVT_0P63V_100C 0
    Operating conditions: PVT_0P63V_100C 
  Interconnect mode:      global
  Area mode:              physical library
============================================================

        Instance                 Module         Cell Count  Cell Area  Net Area   Total Area 
---------------------------------------------------------------------------------------------
RandomHardware                                        1020   2372.224   707.802     3080.026 
  RandomHardware_010     RandomHardware_1_10           382    635.921   291.211      927.132 
    Mod_001              Mod                           323    506.917   255.952      762.870 
    RandomHardware_000   RandomHardware_2_0_1           59    129.004    26.600      155.604 
      RandomHardware_000 RandomHardware_3_0_1           59    129.004    26.600      155.604 
        Accum_000        Accum_1_1                      59    129.004    26.600      155.604 
  RandomHardware_012     RandomHardware_1_9_41          64    373.248    23.940      397.188 
    ShiftRegister_000    ShiftRegister_1_42             64    373.248    23.940      397.188 
  RandomHardware_009     RandomHardware_1_9             64    373.248    23.940      397.188 
    ShiftRegister_000    ShiftRegister_1                64    373.248    23.940      397.188 
  ShiftRegister_002      ShiftRegister                  32    186.624    11.970      198.594 
  Accum_003              Accum                          62    102.876    31.754      134.631 
  RandomHardware_004     RandomHardware_1_4             72     95.878    21.344      117.222 
    RandomHardware_000   RandomHardware_2_0             67     92.379    21.344      113.723 
      RandomHardware_000 RandomHardware_3_0             57     85.380    21.344      106.725 
        Accum_000        Accum_1                        47     78.382    21.344       99.726 
  Accum_016              Accum_2_3                      49     86.780    25.066      111.846 
  Accum_015              Accum_2_2                      49     86.780    25.066      111.846 
  Accum_007              Accum_2_1                      49     86.780    25.066      111.846 
  Accum_006              Accum_2                        49     86.780    25.066      111.846 
  RandomHardware_011     RandomHardware_1_11            18     58.787     0.000       58.787 
    Reg_000              Reg_1                          12     54.588     0.000       54.588 
  Reg_005                Reg                             8     46.656     0.000       46.656 
  RandomHardware_013     RandomHardware_1_13            24     37.791     7.635       45.426 
    ReduceXorMux_000     ReduceXorMux_1                 16     32.193     7.635       39.827 
  RandomHardware_017     RandomHardware_1_17            21     23.795     6.126       29.920 
    ReduceOrMux_000      ReduceOrMux                    13     18.196     6.126       24.322 
  RandomHardware_000     RandomHardware_1_0             12     23.795     5.640       29.434 
    ReduceXorMux_000     ReduceXorMux                   12     23.795     5.640       29.434 
  RandomHardware_008     RandomHardware_1_8             16     21.695     5.205       26.900 
    Mux8_000             Mux8                           10     17.496     5.205       22.701 
  RandomHardware_018     RandomHardware_1_18            15     20.995     2.443       23.438 
    Mux2_001             Mux2                           10     17.496     2.443       19.939 
