============================================================
  Generated by:           Genus(TM) Synthesis Solution 18.13-s027_1
  Generated on:           May 12 2021  11:15:25 am
  Module:                 RandomHardware
  Library domain:         PVT_0P63V_100C.setup_cond
    Domain index:         0
    Technology libraries: asap7sc7p5t_22b_SIMPLE_RVT_SS_170906 1.0
                          asap7sc7p5t_22b_SIMPLE_LVT_SS_170906 1.0
                          asap7sc7p5t_22b_SIMPLE_SLVT_SS_170906 1.0
                          asap7sc7p5t_22b_SIMPLE_SRAM_SS_170906 1.0
                          asap7sc7p5t_22b_AO_RVT_SS_170906 1.0
                          asap7sc7p5t_22b_AO_LVT_SS_170906 1.0
                          asap7sc7p5t_22b_AO_SLVT_SS_170906 1.0
                          asap7sc7p5t_22b_AO_SRAM_SS_170906 1.0
                          asap7sc7p5t_22b_OA_RVT_SS_170906 1.0
                          asap7sc7p5t_22b_OA_LVT_SS_170906 1.0
                          asap7sc7p5t_22b_OA_SLVT_SS_170906 1.0
                          asap7sc7p5t_22b_OA_SRAM_SS_170906 1.0
                          asap7sc7p5t_22b_SEQ_RVT_SS_170906 1.0
                          asap7sc7p5t_22b_SEQ_LVT_SS_170906 1.0
                          asap7sc7p5t_22b_SEQ_SLVT_SS_170906 1.0
                          asap7sc7p5t_22b_SEQ_SRAM_SS_170906 1.0
                          asap7sc7p5t_22b_INVBUF_RVT_SS_170906 1.0
                          asap7sc7p5t_22b_INVBUF_LVT_SS_170906 1.0
                          asap7sc7p5t_22b_INVBUF_SLVT_SS_170906 1.0
                          asap7sc7p5t_22b_INVBUF_SRAM_SS_170906 1.0
                          SRAM1RW1024x8_PVT_0P63V_100C 0
                          SRAM1RW128x46_PVT_0P63V_100C 0
                          SRAM1RW128x48_PVT_0P63V_100C 0
                          SRAM1RW128x8_PVT_0P63V_100C 0
                          SRAM1RW256x128_PVT_0P63V_100C 0
                          SRAM1RW256x32_PVT_0P63V_100C 0
                          SRAM1RW256x46_PVT_0P63V_100C 0
                          SRAM1RW256x48_PVT_0P63V_100C 0
                          SRAM1RW256x8_PVT_0P63V_100C 0
                          SRAM1RW32x50_PVT_0P63V_100C 0
                          SRAM1RW512x128_PVT_0P63V_100C 0
                          SRAM1RW512x32_PVT_0P63V_100C 0
                          SRAM1RW512x8_PVT_0P63V_100C 0
                          SRAM1RW64x128_PVT_0P63V_100C 0
                          SRAM1RW64x32_PVT_0P63V_100C 0
                          SRAM1RW64x34_PVT_0P63V_100C 0
                          SRAM1RW64x8_PVT_0P63V_100C 0
                          SRAM2RW128x16_PVT_0P63V_100C 0
                          SRAM2RW128x32_PVT_0P63V_100C 0
                          SRAM2RW128x4_PVT_0P63V_100C 0
                          SRAM2RW128x8_PVT_0P63V_100C 0
                          SRAM2RW16x16_PVT_0P63V_100C 0
                          SRAM2RW16x32_PVT_0P63V_100C 0
                          SRAM2RW16x4_PVT_0P63V_100C 0
                          SRAM2RW16x8_PVT_0P63V_100C 0
                          SRAM2RW32x16_PVT_0P63V_100C 0
                          SRAM2RW32x22_PVT_0P63V_100C 0
                          SRAM2RW32x32_PVT_0P63V_100C 0
                          SRAM2RW32x39_PVT_0P63V_100C 0
                          SRAM2RW32x4_PVT_0P63V_100C 0
                          SRAM2RW32x8_PVT_0P63V_100C 0
                          SRAM2RW64x16_PVT_0P63V_100C 0
                          SRAM2RW64x32_PVT_0P63V_100C 0
                          SRAM2RW64x4_PVT_0P63V_100C 0
                          SRAM2RW64x8_PVT_0P63V_100C 0
    Operating conditions: PVT_0P63V_100C 
  Interconnect mode:      global
  Area mode:              physical library
============================================================

         Instance                 Module         Cell Count  Cell Area  Net Area   Total Area 
----------------------------------------------------------------------------------------------
RandomHardware                                         6077   9337.499  3886.041    13223.540 
  RandomHardware_022       RandomHardware_1_22         3392   4726.020  2292.356     7018.375 
    RandomHardware_003     RandomHardware_2_3_1        3252   4586.985  2247.250     6834.235 
      Mod_001              Mod_1                       3133   4424.155  2224.691     6648.846 
      Reg_000              Reg_5_1                       62    122.472     7.980      130.452 
    RandomHardware_002     RandomHardware_2_2            66     65.085     3.658       68.743 
      Mux2_001             Mux2_6                        23     34.992     3.658       38.650 
    Mux4_000               Mux4_1                        32     44.556    18.083       62.640 
  RandomHardware_017       RandomHardware_1_17          384    767.491   186.344      953.835 
    Accum_004              Accum_7                      238    465.627   125.853      591.480 
    ResetShiftRegister_000 ResetShiftRegister           102    271.071    52.574      323.646 
  RandomHardware_024       RandomHardware_1_24          425    626.590   248.305      874.895 
    RandomHardware_001     RandomHardware_2_1           339    543.542   206.294      749.836 
      Accum_000            Accum_9                      335    540.743   206.294      747.037 
    Mux2_000               Mux2_8                        55     61.353    19.260       80.612 
  RandomHardware_002       RandomHardware_1_2           424    558.472   302.554      861.027 
    Div_000                Div                          416    552.874   302.554      855.428 
  RandomHardware_011       RandomHardware_1_11          206    328.458   137.478      465.936 
    Mul_001                Mul                          120    184.524    71.847      256.371 
    Accum_000              Accum_1_2                     79    139.035    40.451      179.485 
  RandomHardware_001       RandomHardware_1_1           142    275.504    83.510      359.014 
    Accum_000              Accum_1                       79    139.035    40.451      179.485 
    Accum_001              Accum_1_1                     62    135.769    27.598      163.367 
  RandomHardware_000       RandomHardware_1_0           133    235.380    56.270      291.650 
    RandomHardware_000     RandomHardware_2_0           116    223.482    56.270      279.752 
      Accum_000            Accum                         77    132.036    40.195      172.231 
      Reg_001              Reg                           11     64.152     0.000       64.152 
      Mux2_002             Mux2                          12     16.096     1.228       17.324 
  RandomHardware_027       RandomHardware_1_27          106    223.016    55.989      279.004 
    RandomHardware_000     RandomHardware_2_0_4         101    219.516    55.989      275.505 
      Accum_000            Accum_5                       72    129.704    37.458      167.162 
      Reg_001              Reg_401                       11     64.152     0.000       64.152 
      Mux2_002             Mux2_7                        12     20.295     2.929       23.224 
  RandomHardware_006       RandomHardware_1_6            84    219.283    50.426      269.709 
    RegFile2R1W_000        RegFile2R1W                   83    218.583    50.426      269.009 
  RandomHardware_004       RandomHardware_1_4           109    204.353    35.463      239.816 
    RandomHardware_000     RandomHardware_2_0_1          82    185.458    35.463      220.921 
      Accum_000            Accum_2                       49    103.576    20.884      124.460 
      Reg_001              Reg_404                       11     53.888     0.000       53.888 
      Mux2_002             Mux2_1                        12     20.995     2.443       23.438 
  ShiftRegister_003        ShiftRegister                 36    209.952    13.466      223.418 
  RandomHardware_015       RandomHardware_1_15           84    178.459    27.265      205.725 
    RandomHardware_000     RandomHardware_2_0_3          67    166.562    27.265      193.827 
      Accum_000            Accum_4                       48    117.340    20.615      137.955 
      Reg_001              Reg_402                       11     43.623     0.000       43.623 
  RandomHardware_021       RandomHardware_1_21           61    186.391    10.474      196.865 
    ShiftRegister_000      ShiftRegister_1               39    170.994    10.474      181.468 
  RandomHardware_014       RandomHardware_1_14          102    157.697    28.250      185.947 
    RandomHardware_000     RandomHardware_2_0_2          71    136.002    28.250      164.252 
      Accum_000            Accum_3                       48     83.981    22.086      106.067 
      Reg_001              Reg_403                       11     43.623     0.000       43.623 
  Reg_023                  Reg_2_405                     11     45.256     1.496       46.753 
  Reg_010                  Reg_2                          8     46.656     0.000       46.656 
  RandomHardware_016       RandomHardware_1_16           30     36.625     6.599       43.224 
    CompareMux_001         CompareMux                    14     25.428     6.599       32.026 
  Accum_019                Accum_8                       16     33.359     6.957       40.316 
  RandomHardware_009       RandomHardware_1_9            44     37.791     2.212       40.004 
    Mux2_000               Mux2_2                        16     18.196     2.212       20.408 
  RandomHardware_007       RandomHardware_1_7            17     28.693     6.151       34.845 
    ReduceXorMux_000       ReduceXorMux                  13     25.894     6.151       32.045 
  RandomHardware_012       RandomHardware_1_12           13     25.894     6.203       32.097 
    ReduceXorMux_000       ReduceXorMux_1                13     25.894     6.203       32.097 
  RandomHardware_013       RandomHardware_1_13           32     27.060     3.223       30.283 
    Mux4_000               Mux4                          11     12.364     3.223       15.587 
  RandomHardware_025       RandomHardware_1_25           12     14.930     2.941       17.871 
    ReduceOrMux_000        ReduceOrMux                    7     11.431     2.941       14.372 
