============================================================
  Generated by:           Genus(TM) Synthesis Solution 18.13-s027_1
  Generated on:           May 12 2021  10:55:03 am
  Module:                 RandomHardware
  Library domain:         PVT_0P63V_100C.setup_cond
    Domain index:         0
    Technology libraries: asap7sc7p5t_22b_SIMPLE_RVT_SS_170906 1.0
                          asap7sc7p5t_22b_SIMPLE_LVT_SS_170906 1.0
                          asap7sc7p5t_22b_SIMPLE_SLVT_SS_170906 1.0
                          asap7sc7p5t_22b_SIMPLE_SRAM_SS_170906 1.0
                          asap7sc7p5t_22b_AO_RVT_SS_170906 1.0
                          asap7sc7p5t_22b_AO_LVT_SS_170906 1.0
                          asap7sc7p5t_22b_AO_SLVT_SS_170906 1.0
                          asap7sc7p5t_22b_AO_SRAM_SS_170906 1.0
                          asap7sc7p5t_22b_OA_RVT_SS_170906 1.0
                          asap7sc7p5t_22b_OA_LVT_SS_170906 1.0
                          asap7sc7p5t_22b_OA_SLVT_SS_170906 1.0
                          asap7sc7p5t_22b_OA_SRAM_SS_170906 1.0
                          asap7sc7p5t_22b_SEQ_RVT_SS_170906 1.0
                          asap7sc7p5t_22b_SEQ_LVT_SS_170906 1.0
                          asap7sc7p5t_22b_SEQ_SLVT_SS_170906 1.0
                          asap7sc7p5t_22b_SEQ_SRAM_SS_170906 1.0
                          asap7sc7p5t_22b_INVBUF_RVT_SS_170906 1.0
                          asap7sc7p5t_22b_INVBUF_LVT_SS_170906 1.0
                          asap7sc7p5t_22b_INVBUF_SLVT_SS_170906 1.0
                          asap7sc7p5t_22b_INVBUF_SRAM_SS_170906 1.0
                          SRAM1RW1024x8_PVT_0P63V_100C 0
                          SRAM1RW128x46_PVT_0P63V_100C 0
                          SRAM1RW128x48_PVT_0P63V_100C 0
                          SRAM1RW128x8_PVT_0P63V_100C 0
                          SRAM1RW256x128_PVT_0P63V_100C 0
                          SRAM1RW256x32_PVT_0P63V_100C 0
                          SRAM1RW256x46_PVT_0P63V_100C 0
                          SRAM1RW256x48_PVT_0P63V_100C 0
                          SRAM1RW256x8_PVT_0P63V_100C 0
                          SRAM1RW32x50_PVT_0P63V_100C 0
                          SRAM1RW512x128_PVT_0P63V_100C 0
                          SRAM1RW512x32_PVT_0P63V_100C 0
                          SRAM1RW512x8_PVT_0P63V_100C 0
                          SRAM1RW64x128_PVT_0P63V_100C 0
                          SRAM1RW64x32_PVT_0P63V_100C 0
                          SRAM1RW64x34_PVT_0P63V_100C 0
                          SRAM1RW64x8_PVT_0P63V_100C 0
                          SRAM2RW128x16_PVT_0P63V_100C 0
                          SRAM2RW128x32_PVT_0P63V_100C 0
                          SRAM2RW128x4_PVT_0P63V_100C 0
                          SRAM2RW128x8_PVT_0P63V_100C 0
                          SRAM2RW16x16_PVT_0P63V_100C 0
                          SRAM2RW16x32_PVT_0P63V_100C 0
                          SRAM2RW16x4_PVT_0P63V_100C 0
                          SRAM2RW16x8_PVT_0P63V_100C 0
                          SRAM2RW32x16_PVT_0P63V_100C 0
                          SRAM2RW32x22_PVT_0P63V_100C 0
                          SRAM2RW32x32_PVT_0P63V_100C 0
                          SRAM2RW32x39_PVT_0P63V_100C 0
                          SRAM2RW32x4_PVT_0P63V_100C 0
                          SRAM2RW32x8_PVT_0P63V_100C 0
                          SRAM2RW64x16_PVT_0P63V_100C 0
                          SRAM2RW64x32_PVT_0P63V_100C 0
                          SRAM2RW64x4_PVT_0P63V_100C 0
                          SRAM2RW64x8_PVT_0P63V_100C 0
    Operating conditions: PVT_0P63V_100C 
  Interconnect mode:      global
  Area mode:              physical library
============================================================

         Instance                  Module           Cell Count  Cell Area  Net Area   Total Area 
-------------------------------------------------------------------------------------------------
RandomHardware                                             818   1494.392   274.215     1768.606 
  RandomHardware_015      RandomHardware_1_15              335    670.213    62.601      732.814 
    ShiftRegister_001     ShiftRegister_6                   75    319.360    19.452      338.812 
    RandomHardware_000    RandomHardware_2_0_2             190    301.864    36.665      338.529 
      Accum_001           Accum_5                           52    118.040    22.367      140.407 
      Reg_000             Reg_4                             36     91.912     0.000       91.912 
      RandomHardware_002  RandomHardware_3_2_4_202          40     48.522     1.496       50.019 
        ShiftRegister_000 ShiftRegister_10_205              16     31.726     1.496       33.222 
  RandomHardware_027      RandomHardware_1_27               51    214.151    23.838      237.989 
    ShiftRegister_001     ShiftRegister_4                   32    186.624    11.970      198.594 
    CompareMux_000        CompareMux_5                      16     25.428     7.878       33.305 
  RandomHardware_021      RandomHardware_1_21               83    131.803    32.956      164.760 
    Accum_001             Accum_7                           53    105.909    24.593      130.502 
    ReduceOrMux_000       ReduceOrMux                       11     12.597     1.957       14.554 
  RandomHardware_001      RandomHardware_1_1                53    101.710    19.886      121.596 
    Accum_000             Accum                             47     97.511    19.886      117.397 
  Accum_018               Accum_3_1                         49     86.780    25.066      111.846 
  RandomHardware_024      RandomHardware_1_24               52     85.847    11.177       97.024 
    Accum_000             Accum_8                           25     46.423    11.177       57.600 
    Reg_001               Reg_5                             11     28.227     0.000       28.227 
  RandomHardware_006      RandomHardware_1_6                30     51.788     0.000       51.788 
    Reg_000               Reg_1                             14     40.591     0.000       40.591 
  ShiftRegister_017       ShiftRegister_7                    7     25.428     1.496       26.924 
  RandomHardware_023      RandomHardware_1_23               25     23.561     2.711       26.272 
    ReduceOrMux_000       ReduceOrMux_1                     10     13.064     2.711       15.775 
  RandomHardware_000      RandomHardware_1_0                11     17.729     4.655       22.384 
    CompareMux_000        CompareMux                        10     17.029     4.655       21.685 
