============================================================
  Generated by:           Genus(TM) Synthesis Solution 18.13-s027_1
  Generated on:           May 12 2021  11:20:57 am
  Module:                 RandomHardware
  Library domain:         PVT_0P63V_100C.setup_cond
    Domain index:         0
    Technology libraries: asap7sc7p5t_22b_SIMPLE_RVT_SS_170906 1.0
                          asap7sc7p5t_22b_SIMPLE_LVT_SS_170906 1.0
                          asap7sc7p5t_22b_SIMPLE_SLVT_SS_170906 1.0
                          asap7sc7p5t_22b_SIMPLE_SRAM_SS_170906 1.0
                          asap7sc7p5t_22b_AO_RVT_SS_170906 1.0
                          asap7sc7p5t_22b_AO_LVT_SS_170906 1.0
                          asap7sc7p5t_22b_AO_SLVT_SS_170906 1.0
                          asap7sc7p5t_22b_AO_SRAM_SS_170906 1.0
                          asap7sc7p5t_22b_OA_RVT_SS_170906 1.0
                          asap7sc7p5t_22b_OA_LVT_SS_170906 1.0
                          asap7sc7p5t_22b_OA_SLVT_SS_170906 1.0
                          asap7sc7p5t_22b_OA_SRAM_SS_170906 1.0
                          asap7sc7p5t_22b_SEQ_RVT_SS_170906 1.0
                          asap7sc7p5t_22b_SEQ_LVT_SS_170906 1.0
                          asap7sc7p5t_22b_SEQ_SLVT_SS_170906 1.0
                          asap7sc7p5t_22b_SEQ_SRAM_SS_170906 1.0
                          asap7sc7p5t_22b_INVBUF_RVT_SS_170906 1.0
                          asap7sc7p5t_22b_INVBUF_LVT_SS_170906 1.0
                          asap7sc7p5t_22b_INVBUF_SLVT_SS_170906 1.0
                          asap7sc7p5t_22b_INVBUF_SRAM_SS_170906 1.0
                          SRAM1RW1024x8_PVT_0P63V_100C 0
                          SRAM1RW128x46_PVT_0P63V_100C 0
                          SRAM1RW128x48_PVT_0P63V_100C 0
                          SRAM1RW128x8_PVT_0P63V_100C 0
                          SRAM1RW256x128_PVT_0P63V_100C 0
                          SRAM1RW256x32_PVT_0P63V_100C 0
                          SRAM1RW256x46_PVT_0P63V_100C 0
                          SRAM1RW256x48_PVT_0P63V_100C 0
                          SRAM1RW256x8_PVT_0P63V_100C 0
                          SRAM1RW32x50_PVT_0P63V_100C 0
                          SRAM1RW512x128_PVT_0P63V_100C 0
                          SRAM1RW512x32_PVT_0P63V_100C 0
                          SRAM1RW512x8_PVT_0P63V_100C 0
                          SRAM1RW64x128_PVT_0P63V_100C 0
                          SRAM1RW64x32_PVT_0P63V_100C 0
                          SRAM1RW64x34_PVT_0P63V_100C 0
                          SRAM1RW64x8_PVT_0P63V_100C 0
                          SRAM2RW128x16_PVT_0P63V_100C 0
                          SRAM2RW128x32_PVT_0P63V_100C 0
                          SRAM2RW128x4_PVT_0P63V_100C 0
                          SRAM2RW128x8_PVT_0P63V_100C 0
                          SRAM2RW16x16_PVT_0P63V_100C 0
                          SRAM2RW16x32_PVT_0P63V_100C 0
                          SRAM2RW16x4_PVT_0P63V_100C 0
                          SRAM2RW16x8_PVT_0P63V_100C 0
                          SRAM2RW32x16_PVT_0P63V_100C 0
                          SRAM2RW32x22_PVT_0P63V_100C 0
                          SRAM2RW32x32_PVT_0P63V_100C 0
                          SRAM2RW32x39_PVT_0P63V_100C 0
                          SRAM2RW32x4_PVT_0P63V_100C 0
                          SRAM2RW32x8_PVT_0P63V_100C 0
                          SRAM2RW64x16_PVT_0P63V_100C 0
                          SRAM2RW64x32_PVT_0P63V_100C 0
                          SRAM2RW64x4_PVT_0P63V_100C 0
                          SRAM2RW64x8_PVT_0P63V_100C 0
    Operating conditions: PVT_0P63V_100C 
  Interconnect mode:      global
  Area mode:              physical library
============================================================

         Instance                  Module         Cell Count  Cell Area  Net Area   Total Area 
-----------------------------------------------------------------------------------------------
RandomHardware                                          1941   3591.112  1100.516     4691.628 
  RandomHardware_015       RandomHardware_1_15           219    540.743   123.449      664.192 
    Accum_000              Accum_2_1                     111    278.070    49.236      327.306 
    Accum_001              Accum_2_2                     103    259.174    46.947      306.121 
  RandomHardware_027       RandomHardware_1_27           184    560.339    98.000      658.338 
    ResetShiftRegister_001 ResetShiftRegister            162    447.431    88.280      535.711 
    Reg_000                Reg_2                          20    111.508     0.000      111.508 
  RandomHardware_013       RandomHardware_1_13           118    359.018    58.316      417.334 
    ShiftRegister_001      ShiftRegister_1                40    233.280    14.963      248.243 
    RandomHardware_000     RandomHardware_2_0_1           76    124.338    33.506      157.845 
      RandomHardware_000   RandomHardware_1_3_1           72    121.539    33.506      155.045 
        Accum_000          Accum_1                        68    118.740    33.506      152.246 
  RandomHardware_010       RandomHardware_1_10           177    320.293    67.716      388.009 
    Accum_002              Accum_2                       119    274.804    55.899      330.703 
    ReduceAndMux_001       ReduceAndMux_1                 17     16.796     2.212       19.009 
  RandomHardware_019       RandomHardware_1_19           160    257.774   102.591      360.365 
    Mul_001                Mul_4                          82    132.036    49.518      181.554 
    RandomHardware_000     RandomHardware_2_0_4           76    124.338    33.506      157.845 
      RandomHardware_000   RandomHardware_1_3_4           72    121.539    33.506      155.045 
        Accum_000          Accum_5                        68    118.740    33.506      152.246 
  RandomHardware_023       RandomHardware_1_23           121    190.823    70.836      261.659 
    Mul_000                Mul_5                         117    188.024    70.836      258.860 
  RandomHardware_026       RandomHardware_1_17_1          79    147.200    35.015      182.215 
    RandomHardware_000     RandomHardware_2_0_5           77    145.800    35.015      180.815 
      RandomHardware_000   RandomHardware_1_3_6           75    144.400    35.015      179.416 
        Accum_000          Accum_8                        73    143.001    35.015      178.016 
  RandomHardware_017       RandomHardware_1_17            80    141.134    40.949      182.084 
    RandomHardware_000     RandomHardware_2_0_2           80    141.134    40.949      182.084 
      RandomHardware_000   RandomHardware_1_3_2           80    141.134    40.949      182.084 
        Accum_000          Accum_3                        80    141.134    40.949      182.084 
  RandomHardware_003       RandomHardware_1_3_5           80    141.134    40.949      182.084 
    Accum_000              Accum_7                        80    141.134    40.949      182.084 
  RandomHardware_009       RandomHardware_1_9            108    117.107    63.675      180.781 
    Sub_001                Sub                            83     87.247    43.865      131.112 
    ReduceOrMux_003        ReduceOrMux                     7     11.664     2.954       14.618 
    Mul_002                Mul_2_1                         6      6.998     1.241        8.239 
    Mul_000                Mul_2                           6      6.998     1.241        8.239 
  Accum_016                Accum_6                        71    120.839    37.458      158.297 
  RandomHardware_018       RandomHardware_1_18            76    110.341    26.063      136.405 
    RandomHardware_000     RandomHardware_2_0_3           72    107.542    26.063      133.605 
      RandomHardware_000   RandomHardware_1_3_3           64    101.943    26.063      128.007 
        Accum_000          Accum_4                        56     96.345    26.063      122.408 
  Mul_005                  Mul                            63     79.782    37.394      117.176 
  ShiftRegister_007        ShiftRegister                  19     95.412     5.985      101.397 
  RandomHardware_004       RandomHardware_1_4             43     76.982    21.421       98.403 
    ReduceXorMux_001       ReduceXorMux                   15     30.093     7.072       37.165 
    Mux2_002               Mux2_1                         12     23.095     2.929       26.023 
    RandomHardware_003     RandomHardware_2_3             10     19.596     2.443       22.038 
      Mux2_000             Mux2_2                         10     19.596     2.443       22.038 
  RandomHardware_014       RandomHardware_1_14            24     47.589     0.000       47.589 
    Reg_000                Reg_1                          12     39.191     0.000       39.191 
  RandomHardware_012       RandomHardware_1_12            46     44.790     2.443       47.232 
    Mux2_000               Mux2_3                         19     25.894     2.443       28.337 
  RandomHardware_000       RandomHardware_1_0             41     39.891     6.343       46.234 
    Mux2_001               Mux2                           19     24.494     6.343       30.838 
  RandomHardware_022       RandomHardware_1_22            33     32.193     1.957       34.149 
    Mux2_000               Mux2_4                         14     18.896     1.957       20.852 
  RandomHardware_001       RandomHardware_1_1             14     20.529     4.156       24.685 
    ReduceAndMux_000       ReduceAndMux                    9     17.029     4.156       21.186 
  RandomHardware_024       RandomHardware_1_24            10     14.463     3.184       17.648 
    ReduceAndMux_000       ReduceAndMux_2                  7     12.364     3.184       15.548 
  Reg_006                  Reg                            10     17.263     0.000       17.263 
