============================================================
  Generated by:           Genus(TM) Synthesis Solution 18.13-s027_1
  Generated on:           May 12 2021  10:57:18 am
  Module:                 RandomHardware
  Library domain:         PVT_0P63V_100C.setup_cond
    Domain index:         0
    Technology libraries: asap7sc7p5t_22b_SIMPLE_RVT_SS_170906 1.0
                          asap7sc7p5t_22b_SIMPLE_LVT_SS_170906 1.0
                          asap7sc7p5t_22b_SIMPLE_SLVT_SS_170906 1.0
                          asap7sc7p5t_22b_SIMPLE_SRAM_SS_170906 1.0
                          asap7sc7p5t_22b_AO_RVT_SS_170906 1.0
                          asap7sc7p5t_22b_AO_LVT_SS_170906 1.0
                          asap7sc7p5t_22b_AO_SLVT_SS_170906 1.0
                          asap7sc7p5t_22b_AO_SRAM_SS_170906 1.0
                          asap7sc7p5t_22b_OA_RVT_SS_170906 1.0
                          asap7sc7p5t_22b_OA_LVT_SS_170906 1.0
                          asap7sc7p5t_22b_OA_SLVT_SS_170906 1.0
                          asap7sc7p5t_22b_OA_SRAM_SS_170906 1.0
                          asap7sc7p5t_22b_SEQ_RVT_SS_170906 1.0
                          asap7sc7p5t_22b_SEQ_LVT_SS_170906 1.0
                          asap7sc7p5t_22b_SEQ_SLVT_SS_170906 1.0
                          asap7sc7p5t_22b_SEQ_SRAM_SS_170906 1.0
                          asap7sc7p5t_22b_INVBUF_RVT_SS_170906 1.0
                          asap7sc7p5t_22b_INVBUF_LVT_SS_170906 1.0
                          asap7sc7p5t_22b_INVBUF_SLVT_SS_170906 1.0
                          asap7sc7p5t_22b_INVBUF_SRAM_SS_170906 1.0
                          SRAM1RW1024x8_PVT_0P63V_100C 0
                          SRAM1RW128x46_PVT_0P63V_100C 0
                          SRAM1RW128x48_PVT_0P63V_100C 0
                          SRAM1RW128x8_PVT_0P63V_100C 0
                          SRAM1RW256x128_PVT_0P63V_100C 0
                          SRAM1RW256x32_PVT_0P63V_100C 0
                          SRAM1RW256x46_PVT_0P63V_100C 0
                          SRAM1RW256x48_PVT_0P63V_100C 0
                          SRAM1RW256x8_PVT_0P63V_100C 0
                          SRAM1RW32x50_PVT_0P63V_100C 0
                          SRAM1RW512x128_PVT_0P63V_100C 0
                          SRAM1RW512x32_PVT_0P63V_100C 0
                          SRAM1RW512x8_PVT_0P63V_100C 0
                          SRAM1RW64x128_PVT_0P63V_100C 0
                          SRAM1RW64x32_PVT_0P63V_100C 0
                          SRAM1RW64x34_PVT_0P63V_100C 0
                          SRAM1RW64x8_PVT_0P63V_100C 0
                          SRAM2RW128x16_PVT_0P63V_100C 0
                          SRAM2RW128x32_PVT_0P63V_100C 0
                          SRAM2RW128x4_PVT_0P63V_100C 0
                          SRAM2RW128x8_PVT_0P63V_100C 0
                          SRAM2RW16x16_PVT_0P63V_100C 0
                          SRAM2RW16x32_PVT_0P63V_100C 0
                          SRAM2RW16x4_PVT_0P63V_100C 0
                          SRAM2RW16x8_PVT_0P63V_100C 0
                          SRAM2RW32x16_PVT_0P63V_100C 0
                          SRAM2RW32x22_PVT_0P63V_100C 0
                          SRAM2RW32x32_PVT_0P63V_100C 0
                          SRAM2RW32x39_PVT_0P63V_100C 0
                          SRAM2RW32x4_PVT_0P63V_100C 0
                          SRAM2RW32x8_PVT_0P63V_100C 0
                          SRAM2RW64x16_PVT_0P63V_100C 0
                          SRAM2RW64x32_PVT_0P63V_100C 0
                          SRAM2RW64x4_PVT_0P63V_100C 0
                          SRAM2RW64x8_PVT_0P63V_100C 0
    Operating conditions: PVT_0P63V_100C 
  Interconnect mode:      global
  Area mode:              physical library
============================================================

       Instance               Module         Cell Count  Cell Area  Net Area   Total Area 
------------------------------------------------------------------------------------------
RandomHardware                                     1382   2513.359   700.231     3213.589 
  RandomHardware_022   RandomHardware_1_22          352    546.808   228.789      775.598 
    Mul_000            Mul_3                        328    530.012   228.789      758.801 
  RandomHardware_020   RandomHardware_1_20          154    617.492    57.191      674.683 
    ShiftRegister_001  ShiftRegister                108    568.270    35.911      604.181 
    CompareMux_000     CompareMux_8                  22     32.426     8.095       40.521 
  RandomHardware_026   RandomHardware_1_26          123    246.110    23.851      269.961 
    ShiftRegister_000  ShiftRegister_2               33    166.795    10.474      177.269 
    ReduceXorMux_002   ReduceXorMux                  16     25.194     5.154       30.348 
    RandomHardware_001 RandomHardware_2_1            33     25.428     1.241       26.668 
      ReduceAndMux_001 ReduceAndMux                   8      7.932     1.241        9.172 
  RandomHardware_027   RandomHardware_1_27          124    181.492    82.883      264.375 
    Div_000            Div                          124    181.492    82.883      264.375 
  RandomHardware_013   RandomHardware_1_13           78    165.629     2.980      168.609 
    Reg_003            Reg_1_267                     11     64.152     0.000       64.152 
    Reg_001            Reg_1                         11     59.020     0.000       59.020 
    RandomHardware_000 RandomHardware_2_0_3          28     22.861     2.980       25.841 
      CompareMux_000   CompareMux_1_3                11     10.964     2.980       13.944 
  ShiftRegister_023    ShiftRegister_1               28    142.767     8.978      151.745 
  RandomHardware_007   RandomHardware_1_7            64    109.408    27.278      136.687 
    Accum_000          Accum_1                       56    103.810    27.278      131.088 
  Accum_017            Accum_2                       48     90.046    22.828      112.874 
  RandomHardware_015   RandomHardware_1_15           47     67.185     0.499       67.683 
    RegE_000           RegE                          21     48.989     0.499       49.488 
  Accum_000            Accum                         24     45.723    11.177       56.900 
  RandomHardware_008   RandomHardware_1_8            27     49.689     0.000       49.689 
    Reg_000            Reg                           13     39.891     0.000       39.891 
  RandomHardware_006   RandomHardware_1_6            39     37.092    11.369       48.461 
    Mul_000            Mul                           27     28.693    11.369       40.063 
  RandomHardware_012   RandomHardware_1_9_1          27     27.294     4.681       31.974 
    RandomHardware_000 RandomHardware_2_0_6          17     20.295     4.681       24.976 
      CompareMux_000   CompareMux_1_6                11     16.096     4.681       20.777 
  RandomHardware_002   RandomHardware_1_2            21     24.494     5.167       29.661 
    RandomHardware_000 RandomHardware_2_0            15     20.295     5.167       25.462 
      CompareMux_000   CompareMux_1                  11     17.496     5.167       22.663 
  RandomHardware_018   RandomHardware_1_18           39     27.994     0.000       27.994 
    Mul_000            Mul_1                         14     10.498     0.000       10.498 
  RandomHardware_025   RandomHardware_1_25           16     14.463     1.228       15.691 
    ReduceOrMux_000    ReduceOrMux                    5      6.765     1.228        7.993 
