============================================================
  Generated by:           Genus(TM) Synthesis Solution 18.13-s027_1
  Generated on:           May 12 2021  10:56:07 am
  Module:                 RandomHardware
  Library domain:         PVT_0P63V_100C.setup_cond
    Domain index:         0
    Technology libraries: asap7sc7p5t_22b_SIMPLE_RVT_SS_170906 1.0
                          asap7sc7p5t_22b_SIMPLE_LVT_SS_170906 1.0
                          asap7sc7p5t_22b_SIMPLE_SLVT_SS_170906 1.0
                          asap7sc7p5t_22b_SIMPLE_SRAM_SS_170906 1.0
                          asap7sc7p5t_22b_AO_RVT_SS_170906 1.0
                          asap7sc7p5t_22b_AO_LVT_SS_170906 1.0
                          asap7sc7p5t_22b_AO_SLVT_SS_170906 1.0
                          asap7sc7p5t_22b_AO_SRAM_SS_170906 1.0
                          asap7sc7p5t_22b_OA_RVT_SS_170906 1.0
                          asap7sc7p5t_22b_OA_LVT_SS_170906 1.0
                          asap7sc7p5t_22b_OA_SLVT_SS_170906 1.0
                          asap7sc7p5t_22b_OA_SRAM_SS_170906 1.0
                          asap7sc7p5t_22b_SEQ_RVT_SS_170906 1.0
                          asap7sc7p5t_22b_SEQ_LVT_SS_170906 1.0
                          asap7sc7p5t_22b_SEQ_SLVT_SS_170906 1.0
                          asap7sc7p5t_22b_SEQ_SRAM_SS_170906 1.0
                          asap7sc7p5t_22b_INVBUF_RVT_SS_170906 1.0
                          asap7sc7p5t_22b_INVBUF_LVT_SS_170906 1.0
                          asap7sc7p5t_22b_INVBUF_SLVT_SS_170906 1.0
                          asap7sc7p5t_22b_INVBUF_SRAM_SS_170906 1.0
                          SRAM1RW1024x8_PVT_0P63V_100C 0
                          SRAM1RW128x46_PVT_0P63V_100C 0
                          SRAM1RW128x48_PVT_0P63V_100C 0
                          SRAM1RW128x8_PVT_0P63V_100C 0
                          SRAM1RW256x128_PVT_0P63V_100C 0
                          SRAM1RW256x32_PVT_0P63V_100C 0
                          SRAM1RW256x46_PVT_0P63V_100C 0
                          SRAM1RW256x48_PVT_0P63V_100C 0
                          SRAM1RW256x8_PVT_0P63V_100C 0
                          SRAM1RW32x50_PVT_0P63V_100C 0
                          SRAM1RW512x128_PVT_0P63V_100C 0
                          SRAM1RW512x32_PVT_0P63V_100C 0
                          SRAM1RW512x8_PVT_0P63V_100C 0
                          SRAM1RW64x128_PVT_0P63V_100C 0
                          SRAM1RW64x32_PVT_0P63V_100C 0
                          SRAM1RW64x34_PVT_0P63V_100C 0
                          SRAM1RW64x8_PVT_0P63V_100C 0
                          SRAM2RW128x16_PVT_0P63V_100C 0
                          SRAM2RW128x32_PVT_0P63V_100C 0
                          SRAM2RW128x4_PVT_0P63V_100C 0
                          SRAM2RW128x8_PVT_0P63V_100C 0
                          SRAM2RW16x16_PVT_0P63V_100C 0
                          SRAM2RW16x32_PVT_0P63V_100C 0
                          SRAM2RW16x4_PVT_0P63V_100C 0
                          SRAM2RW16x8_PVT_0P63V_100C 0
                          SRAM2RW32x16_PVT_0P63V_100C 0
                          SRAM2RW32x22_PVT_0P63V_100C 0
                          SRAM2RW32x32_PVT_0P63V_100C 0
                          SRAM2RW32x39_PVT_0P63V_100C 0
                          SRAM2RW32x4_PVT_0P63V_100C 0
                          SRAM2RW32x8_PVT_0P63V_100C 0
                          SRAM2RW64x16_PVT_0P63V_100C 0
                          SRAM2RW64x32_PVT_0P63V_100C 0
                          SRAM2RW64x4_PVT_0P63V_100C 0
                          SRAM2RW64x8_PVT_0P63V_100C 0
    Operating conditions: PVT_0P63V_100C 
  Interconnect mode:      global
  Area mode:              physical library
============================================================

        Instance                 Module         Cell Count  Cell Area  Net Area   Total Area 
---------------------------------------------------------------------------------------------
RandomHardware                                        1041   2415.614   646.109     3061.723 
  RandomHardware_007     RandomHardware_1_7            154    637.788    55.963      693.751 
    ShiftRegister_000    ShiftRegister_1               107    588.099    37.407      625.506 
    RandomHardware_001   RandomHardware_2_1             37     42.690     3.172       45.862 
      Mux2_002           Mux2_1                         13     25.894     3.172       29.066 
  RandomHardware_021     RandomHardware_1_21           233    372.781   150.113      522.895 
    Mul_000              Mul                           215    350.853   134.000      484.853 
    CompareMux_001       CompareMux_3                   15     19.829     7.686       27.515 
  RandomHardware_002     RandomHardware_1_2             97    206.220    33.570      239.790 
    Accum_000            Accum                          83    196.422    33.570      229.992 
  ShiftRegister_016      ShiftRegister_3                36    209.952    13.466      223.418 
  RandomHardware_019     RandomHardware_1_19            74    141.134    27.074      168.208 
    RandomHardware_001   RandomHardware_2_1_1           41    101.943     3.172      105.115 
      RandomHardware_000 RandomHardware_3_0             14     66.252     0.000       66.252 
        Reg_000          Reg                            12     64.852     0.000       64.852 
      Mux2_002           Mux2_1_1                       13     25.894     3.172       29.066 
    ReduceAndMux_000     ReduceAndMux                   20     30.093     6.599       36.692 
  ShiftRegister_000      ShiftRegister                  20    116.640     7.481      124.121 
  Accum_005              Accum_3                        44     95.412    19.886      115.298 
  RandomHardware_003     RandomHardware_1_3             69     93.779    21.344      115.123 
    Accum_000            Accum_1                        51     81.181    21.344      102.526 
  Accum_004              Accum_2                        51     88.180    26.549      114.729 
  Accum_006              Accum_2_1                      49     86.780    25.066      111.846 
  Accum_022              Accum_2_2                      40     82.814    18.134      100.949 
  RandomHardware_014     RandomHardware_3_0_41          12     69.984     0.000       69.984 
    Reg_000              Reg_42                         12     69.984     0.000       69.984 
  RandomHardware_001     RandomHardware_1_1             28     45.490    11.395       56.884 
    Mux2_000             Mux2                           17     32.193     3.415       35.607 
    And_001              And                             8     11.197     0.000       11.197 
  Reg_015                Reg_2                           8     46.656     0.000       46.656 
  RandomHardware_008     RandomHardware_1_8             20     29.160     8.121       37.281 
    CompareMux_000       CompareMux                     17     27.060     8.121       35.181 
  RandomHardware_018     RandomHardware_1_18             9     17.496     2.200       19.696 
    Mux2_000             Mux2_2                          9     17.496     2.200       19.696 
  RandomHardware_012     RandomHardware_1_12             7     12.364     3.197       15.561 
    ReduceOrMux_000      ReduceOrMux                     7     12.364     3.197       15.561 
