============================================================
  Generated by:           Genus(TM) Synthesis Solution 18.13-s027_1
  Generated on:           May 12 2021  11:03:30 am
  Module:                 RandomHardware
  Library domain:         PVT_0P63V_100C.setup_cond
    Domain index:         0
    Technology libraries: asap7sc7p5t_22b_SIMPLE_RVT_SS_170906 1.0
                          asap7sc7p5t_22b_SIMPLE_LVT_SS_170906 1.0
                          asap7sc7p5t_22b_SIMPLE_SLVT_SS_170906 1.0
                          asap7sc7p5t_22b_SIMPLE_SRAM_SS_170906 1.0
                          asap7sc7p5t_22b_AO_RVT_SS_170906 1.0
                          asap7sc7p5t_22b_AO_LVT_SS_170906 1.0
                          asap7sc7p5t_22b_AO_SLVT_SS_170906 1.0
                          asap7sc7p5t_22b_AO_SRAM_SS_170906 1.0
                          asap7sc7p5t_22b_OA_RVT_SS_170906 1.0
                          asap7sc7p5t_22b_OA_LVT_SS_170906 1.0
                          asap7sc7p5t_22b_OA_SLVT_SS_170906 1.0
                          asap7sc7p5t_22b_OA_SRAM_SS_170906 1.0
                          asap7sc7p5t_22b_SEQ_RVT_SS_170906 1.0
                          asap7sc7p5t_22b_SEQ_LVT_SS_170906 1.0
                          asap7sc7p5t_22b_SEQ_SLVT_SS_170906 1.0
                          asap7sc7p5t_22b_SEQ_SRAM_SS_170906 1.0
                          asap7sc7p5t_22b_INVBUF_RVT_SS_170906 1.0
                          asap7sc7p5t_22b_INVBUF_LVT_SS_170906 1.0
                          asap7sc7p5t_22b_INVBUF_SLVT_SS_170906 1.0
                          asap7sc7p5t_22b_INVBUF_SRAM_SS_170906 1.0
                          SRAM1RW1024x8_PVT_0P63V_100C 0
                          SRAM1RW128x46_PVT_0P63V_100C 0
                          SRAM1RW128x48_PVT_0P63V_100C 0
                          SRAM1RW128x8_PVT_0P63V_100C 0
                          SRAM1RW256x128_PVT_0P63V_100C 0
                          SRAM1RW256x32_PVT_0P63V_100C 0
                          SRAM1RW256x46_PVT_0P63V_100C 0
                          SRAM1RW256x48_PVT_0P63V_100C 0
                          SRAM1RW256x8_PVT_0P63V_100C 0
                          SRAM1RW32x50_PVT_0P63V_100C 0
                          SRAM1RW512x128_PVT_0P63V_100C 0
                          SRAM1RW512x32_PVT_0P63V_100C 0
                          SRAM1RW512x8_PVT_0P63V_100C 0
                          SRAM1RW64x128_PVT_0P63V_100C 0
                          SRAM1RW64x32_PVT_0P63V_100C 0
                          SRAM1RW64x34_PVT_0P63V_100C 0
                          SRAM1RW64x8_PVT_0P63V_100C 0
                          SRAM2RW128x16_PVT_0P63V_100C 0
                          SRAM2RW128x32_PVT_0P63V_100C 0
                          SRAM2RW128x4_PVT_0P63V_100C 0
                          SRAM2RW128x8_PVT_0P63V_100C 0
                          SRAM2RW16x16_PVT_0P63V_100C 0
                          SRAM2RW16x32_PVT_0P63V_100C 0
                          SRAM2RW16x4_PVT_0P63V_100C 0
                          SRAM2RW16x8_PVT_0P63V_100C 0
                          SRAM2RW32x16_PVT_0P63V_100C 0
                          SRAM2RW32x22_PVT_0P63V_100C 0
                          SRAM2RW32x32_PVT_0P63V_100C 0
                          SRAM2RW32x39_PVT_0P63V_100C 0
                          SRAM2RW32x4_PVT_0P63V_100C 0
                          SRAM2RW32x8_PVT_0P63V_100C 0
                          SRAM2RW64x16_PVT_0P63V_100C 0
                          SRAM2RW64x32_PVT_0P63V_100C 0
                          SRAM2RW64x4_PVT_0P63V_100C 0
                          SRAM2RW64x8_PVT_0P63V_100C 0
    Operating conditions: PVT_0P63V_100C 
  Interconnect mode:      global
  Area mode:              physical library
============================================================

       Instance               Module         Cell Count  Cell Area  Net Area   Total Area 
------------------------------------------------------------------------------------------
RandomHardware                                      532   1030.864   264.585     1295.449 
  RandomHardware_004   RandomHardware_1_4           116    223.249     7.481      230.730 
    Reg_002            Reg                           37     97.744     0.000       97.744 
    RandomHardware_001 RandomHardware_2_1_1          33     93.312     0.499       93.811 
      RegE_000         RegE_1                        21     84.914     0.499       85.413 
  RandomHardware_019   RandomHardware_1_19           61    110.575    36.397      146.971 
    RandomHardware_000 RandomHardware_2_0_4          61    110.575    36.397      146.971 
      Accum_000        Accum_5                       49     86.780    25.066      111.846 
      ReduceXorMux_001 ReduceXorMux_5                12     23.795     5.640       29.434 
  ShiftRegister_021    ShiftRegister_31              20    116.640     7.481      124.121 
  ShiftRegister_005    ShiftRegister                 20    116.640     7.481      124.121 
  Accum_002            Accum_6                       49     86.780    25.066      111.846 
  RandomHardware_011   RandomHardware_1_11           73     89.813    20.794      110.607 
    RandomHardware_000 RandomHardware_2_0_1          62     82.115    20.794      102.909 
      Accum_000        Accum_1                       31     50.622    13.403       64.024 
      ReduceXorMux_001 ReduceXorMux_1                12     18.196     3.696       21.892 
  Accum_010            Accum_2                       35     62.986    17.623       80.608 
  Reg_006              Reg_1                          8     46.656     0.000       46.656 
  Mul_014              Mul                           25     30.326    13.121       43.448 
  RandomHardware_020   RandomHardware_1_20           12     23.795     5.640       29.434 
    ReduceXorMux_000   ReduceXorMux_6                12     23.795     5.640       29.434 
  RandomHardware_008   RandomHardware_1_8            16     20.762     6.177       26.939 
    CompareMux_000     CompareMux                    13     18.662     6.177       24.839 
  ShiftRegister_009    ShiftRegister_1                7     25.428     1.496       26.924 
  RandomHardware_017   RandomHardware_1_17            8     14.697     3.670       18.367 
    ReduceOrMux_000    ReduceOrMux                    8     14.697     3.670       18.367 
  Reg_015              Reg_2                          4      7.932     0.000        7.932 
