============================================================
  Generated by:           Genus(TM) Synthesis Solution 18.13-s027_1
  Generated on:           May 12 2021  11:02:27 am
  Module:                 RandomHardware
  Library domain:         PVT_0P63V_100C.setup_cond
    Domain index:         0
    Technology libraries: asap7sc7p5t_22b_SIMPLE_RVT_SS_170906 1.0
                          asap7sc7p5t_22b_SIMPLE_LVT_SS_170906 1.0
                          asap7sc7p5t_22b_SIMPLE_SLVT_SS_170906 1.0
                          asap7sc7p5t_22b_SIMPLE_SRAM_SS_170906 1.0
                          asap7sc7p5t_22b_AO_RVT_SS_170906 1.0
                          asap7sc7p5t_22b_AO_LVT_SS_170906 1.0
                          asap7sc7p5t_22b_AO_SLVT_SS_170906 1.0
                          asap7sc7p5t_22b_AO_SRAM_SS_170906 1.0
                          asap7sc7p5t_22b_OA_RVT_SS_170906 1.0
                          asap7sc7p5t_22b_OA_LVT_SS_170906 1.0
                          asap7sc7p5t_22b_OA_SLVT_SS_170906 1.0
                          asap7sc7p5t_22b_OA_SRAM_SS_170906 1.0
                          asap7sc7p5t_22b_SEQ_RVT_SS_170906 1.0
                          asap7sc7p5t_22b_SEQ_LVT_SS_170906 1.0
                          asap7sc7p5t_22b_SEQ_SLVT_SS_170906 1.0
                          asap7sc7p5t_22b_SEQ_SRAM_SS_170906 1.0
                          asap7sc7p5t_22b_INVBUF_RVT_SS_170906 1.0
                          asap7sc7p5t_22b_INVBUF_LVT_SS_170906 1.0
                          asap7sc7p5t_22b_INVBUF_SLVT_SS_170906 1.0
                          asap7sc7p5t_22b_INVBUF_SRAM_SS_170906 1.0
                          SRAM1RW1024x8_PVT_0P63V_100C 0
                          SRAM1RW128x46_PVT_0P63V_100C 0
                          SRAM1RW128x48_PVT_0P63V_100C 0
                          SRAM1RW128x8_PVT_0P63V_100C 0
                          SRAM1RW256x128_PVT_0P63V_100C 0
                          SRAM1RW256x32_PVT_0P63V_100C 0
                          SRAM1RW256x46_PVT_0P63V_100C 0
                          SRAM1RW256x48_PVT_0P63V_100C 0
                          SRAM1RW256x8_PVT_0P63V_100C 0
                          SRAM1RW32x50_PVT_0P63V_100C 0
                          SRAM1RW512x128_PVT_0P63V_100C 0
                          SRAM1RW512x32_PVT_0P63V_100C 0
                          SRAM1RW512x8_PVT_0P63V_100C 0
                          SRAM1RW64x128_PVT_0P63V_100C 0
                          SRAM1RW64x32_PVT_0P63V_100C 0
                          SRAM1RW64x34_PVT_0P63V_100C 0
                          SRAM1RW64x8_PVT_0P63V_100C 0
                          SRAM2RW128x16_PVT_0P63V_100C 0
                          SRAM2RW128x32_PVT_0P63V_100C 0
                          SRAM2RW128x4_PVT_0P63V_100C 0
                          SRAM2RW128x8_PVT_0P63V_100C 0
                          SRAM2RW16x16_PVT_0P63V_100C 0
                          SRAM2RW16x32_PVT_0P63V_100C 0
                          SRAM2RW16x4_PVT_0P63V_100C 0
                          SRAM2RW16x8_PVT_0P63V_100C 0
                          SRAM2RW32x16_PVT_0P63V_100C 0
                          SRAM2RW32x22_PVT_0P63V_100C 0
                          SRAM2RW32x32_PVT_0P63V_100C 0
                          SRAM2RW32x39_PVT_0P63V_100C 0
                          SRAM2RW32x4_PVT_0P63V_100C 0
                          SRAM2RW32x8_PVT_0P63V_100C 0
                          SRAM2RW64x16_PVT_0P63V_100C 0
                          SRAM2RW64x32_PVT_0P63V_100C 0
                          SRAM2RW64x4_PVT_0P63V_100C 0
                          SRAM2RW64x8_PVT_0P63V_100C 0
    Operating conditions: PVT_0P63V_100C 
  Interconnect mode:      global
  Area mode:              physical library
============================================================

        Instance               Module        Cell Count  Cell Area  Net Area   Total Area 
------------------------------------------------------------------------------------------
RandomHardware                                     1390   2824.321   854.500     3678.821 
  RandomHardware_014    RandomHardware_1_14         699   1444.003   476.749     1920.752 
    RandomHardware_000  RandomHardware_2_0          570    861.036   385.860     1246.896 
      Mul_001           Mul                         537    837.942   385.860     1223.802 
    ShiftRegister_001   ShiftRegister_2              96    559.872    35.911      595.783 
  RandomHardware_016    RandomHardware_1_16         144    463.761    60.900      524.660 
    RandomHardware_002  RandomHardware_2_2           58    307.463    19.452      326.915 
      ShiftRegister_000 ShiftRegister_3              54    304.664    19.452      324.115 
    Accum_001           Accum_3                      71    145.800    32.048      177.848 
  RandomHardware_000    RandomHardware_1_0          146    234.680    76.809      311.488 
    Accum_001           Accum_1                      67    113.141    32.509      145.650 
    Accum_000           Accum                        67    113.141    32.509      145.650 
  RandomHardware_004    RandomHardware_1_4          135    175.893    63.010      238.903 
    Div_001             Div                          60     64.152    37.330      101.482 
    Reg_004             Reg                           6     34.992     0.000       34.992 
    ReduceAndMux_002    ReduceAndMux_1               15     25.194     7.085       32.279 
    CompareMux_003      CompareMux                   11     17.263     5.167       22.429 
    And_000             And                          10     11.197     0.000       11.197 
  RandomHardware_015    RandomHardware_1_15          73    140.901    38.903      179.804 
    Accum_000           Accum_2                      49    106.609    22.124      128.733 
    CompareMux_001      CompareMux_2                 20     31.493     9.604       41.097 
  ShiftRegister_008     ShiftRegister_1              28    163.296    10.474      173.770 
  RandomHardware_006    RandomHardware_1_6           38     67.651     2.993       70.644 
    ShiftRegister_000   ShiftRegister                18     53.654     2.993       56.647 
  RandomHardware_001    RandomHardware_1_1           17     34.292     8.146       42.439 
    ReduceXorMux_000    ReduceXorMux                 17     34.292     8.146       42.439 
  RandomHardware_011    RandomHardware_1_11          10     19.596     2.443       22.038 
    Mux2_000            Mux2                         10     19.596     2.443       22.038 
  RandomHardware_012    RandomHardware_1_12          11     17.963     0.000       17.963 
    Reg_000             Reg_2                         5     13.764     0.000       13.764 
