============================================================
  Generated by:           Genus(TM) Synthesis Solution 18.13-s027_1
  Generated on:           May 12 2021  11:10:26 am
  Module:                 RandomHardware
  Library domain:         PVT_0P63V_100C.setup_cond
    Domain index:         0
    Technology libraries: asap7sc7p5t_22b_SIMPLE_RVT_SS_170906 1.0
                          asap7sc7p5t_22b_SIMPLE_LVT_SS_170906 1.0
                          asap7sc7p5t_22b_SIMPLE_SLVT_SS_170906 1.0
                          asap7sc7p5t_22b_SIMPLE_SRAM_SS_170906 1.0
                          asap7sc7p5t_22b_AO_RVT_SS_170906 1.0
                          asap7sc7p5t_22b_AO_LVT_SS_170906 1.0
                          asap7sc7p5t_22b_AO_SLVT_SS_170906 1.0
                          asap7sc7p5t_22b_AO_SRAM_SS_170906 1.0
                          asap7sc7p5t_22b_OA_RVT_SS_170906 1.0
                          asap7sc7p5t_22b_OA_LVT_SS_170906 1.0
                          asap7sc7p5t_22b_OA_SLVT_SS_170906 1.0
                          asap7sc7p5t_22b_OA_SRAM_SS_170906 1.0
                          asap7sc7p5t_22b_SEQ_RVT_SS_170906 1.0
                          asap7sc7p5t_22b_SEQ_LVT_SS_170906 1.0
                          asap7sc7p5t_22b_SEQ_SLVT_SS_170906 1.0
                          asap7sc7p5t_22b_SEQ_SRAM_SS_170906 1.0
                          asap7sc7p5t_22b_INVBUF_RVT_SS_170906 1.0
                          asap7sc7p5t_22b_INVBUF_LVT_SS_170906 1.0
                          asap7sc7p5t_22b_INVBUF_SLVT_SS_170906 1.0
                          asap7sc7p5t_22b_INVBUF_SRAM_SS_170906 1.0
                          SRAM1RW1024x8_PVT_0P63V_100C 0
                          SRAM1RW128x46_PVT_0P63V_100C 0
                          SRAM1RW128x48_PVT_0P63V_100C 0
                          SRAM1RW128x8_PVT_0P63V_100C 0
                          SRAM1RW256x128_PVT_0P63V_100C 0
                          SRAM1RW256x32_PVT_0P63V_100C 0
                          SRAM1RW256x46_PVT_0P63V_100C 0
                          SRAM1RW256x48_PVT_0P63V_100C 0
                          SRAM1RW256x8_PVT_0P63V_100C 0
                          SRAM1RW32x50_PVT_0P63V_100C 0
                          SRAM1RW512x128_PVT_0P63V_100C 0
                          SRAM1RW512x32_PVT_0P63V_100C 0
                          SRAM1RW512x8_PVT_0P63V_100C 0
                          SRAM1RW64x128_PVT_0P63V_100C 0
                          SRAM1RW64x32_PVT_0P63V_100C 0
                          SRAM1RW64x34_PVT_0P63V_100C 0
                          SRAM1RW64x8_PVT_0P63V_100C 0
                          SRAM2RW128x16_PVT_0P63V_100C 0
                          SRAM2RW128x32_PVT_0P63V_100C 0
                          SRAM2RW128x4_PVT_0P63V_100C 0
                          SRAM2RW128x8_PVT_0P63V_100C 0
                          SRAM2RW16x16_PVT_0P63V_100C 0
                          SRAM2RW16x32_PVT_0P63V_100C 0
                          SRAM2RW16x4_PVT_0P63V_100C 0
                          SRAM2RW16x8_PVT_0P63V_100C 0
                          SRAM2RW32x16_PVT_0P63V_100C 0
                          SRAM2RW32x22_PVT_0P63V_100C 0
                          SRAM2RW32x32_PVT_0P63V_100C 0
                          SRAM2RW32x39_PVT_0P63V_100C 0
                          SRAM2RW32x4_PVT_0P63V_100C 0
                          SRAM2RW32x8_PVT_0P63V_100C 0
                          SRAM2RW64x16_PVT_0P63V_100C 0
                          SRAM2RW64x32_PVT_0P63V_100C 0
                          SRAM2RW64x4_PVT_0P63V_100C 0
                          SRAM2RW64x8_PVT_0P63V_100C 0
    Operating conditions: PVT_0P63V_100C 
  Interconnect mode:      global
  Area mode:              physical library
============================================================

         Instance                 Module         Cell Count  Cell Area  Net Area   Total Area 
----------------------------------------------------------------------------------------------
RandomHardware                                         3161   6350.348  1470.275     7820.623 
  RandomHardware_009       RandomHardware_1_9           679   1849.677   384.210     2233.887 
    ResetShiftRegister_000 ResetShiftRegister_1         334    920.989   182.008     1102.998 
    ResetShiftRegister_001 ResetShiftRegister_2         333    920.290   182.008     1102.298 
  RandomHardware_007       RandomHardware_1_7           248    575.035   106.133      681.168 
    ResetShiftRegister_000 ResetShiftRegister           220    555.440   106.133      661.573 
  RandomHardware_019       RandomHardware_1_19          195    537.944   106.133      644.077 
    ResetShiftRegister_000 ResetShiftRegister_4         194    537.244   106.133      643.377 
  RandomHardware_016       RandomHardware_1_16          238    436.000    89.572      525.572 
    Accum_000              Accum_6                      123    297.899    53.431      351.330 
    Reg_001                Reg_2                         30     62.052     0.000       62.052 
    RandomHardware_002     RandomHardware_2_2            24     33.359     8.850       42.209 
      CompareMux_001       CompareMux                    19     29.860     8.850       38.710 
  RandomHardware_023       RandomHardware_1_23           80    466.560    29.925      496.485 
    ShiftRegister_000      ShiftRegister_3               80    466.560    29.925      496.485 
  RandomHardware_021       RandomHardware_1_21          137    307.930    65.427      373.356 
    RandomHardware_000     RandomHardware_2_0_1          92    153.265    50.784      204.049 
      Accum_000            Accum_5                       75    125.971    39.939      165.910 
      Mux2_001             Mux2_4                        12     23.795     2.929       26.723 
    ShiftRegister_002      ShiftRegister_1               31    144.867     8.978      153.845 
  RandomHardware_008       RandomHardware_1_8           148    221.149   113.320      334.470 
    Mod_000                Mod                          148    221.149   113.320      334.470 
  RandomHardware_020       RandomHardware_1_20          218    280.636    14.822      295.458 
    RegE_003               RegE_1                        63    109.175     0.499      109.674 
    Reg_000                Reg_3                         22     66.718     0.000       66.718 
    RandomHardware_002     RandomHardware_2_2_1          31     33.359     6.906       40.265 
      CompareMux_001       CompareMux_1                  19     24.961     6.906       31.867 
  RandomHardware_010       RandomHardware_1_10          135    193.156    25.795      218.951 
    ResetShiftRegister_000 ResetShiftRegister_3          78    153.265    25.795      179.060 
  RandomHardware_026       RandomHardware_1_26           82    146.267    47.075      193.342 
    RandomHardware_000     RandomHardware_2_0_2          82    146.267    47.075      193.342 
      Accum_000            Accum_7                       70    122.472    36.230      158.702 
      Mux2_001             Mux2_5                        12     23.795     2.929       26.723 
  RegFile2R1W_006          RegFile2R1W                   46    128.771    24.733      153.504 
  RandomHardware_001       RandomHardware_1_1            67    119.206    22.124      141.330 
    RandomHardware_000     RandomHardware_2_0            52    108.708    22.124      130.833 
      Accum_000            Accum                         50    107.309    22.124      129.433 
  RandomHardware_003       RandomHardware_1_3            55    110.808    22.124      132.932 
    Accum_000              Accum_1                       51    108.009    22.124      130.133 
  RandomHardware_025       RandomHardware_1_25           33    106.842    15.334      122.176 
    Reg_000                Reg_4                         11     64.152     0.000       64.152 
    ReduceXorMux_001       ReduceXorMux                  21     41.990     9.847       51.838 
  Accum_012                Accum_3                       49     86.780    25.066      111.846 
  RandomHardware_004       RandomHardware_1_4            58     76.749    16.855       93.605 
    Add_002                Add                           33     38.724    14.131       52.856 
    Reg_000                Reg                            8     26.127     0.000       26.127 
  Accum_015                Accum_4_1                     38     65.085    19.848       84.933 
  Accum_013                Accum_4                       35     62.986    17.623       80.608 
  RandomHardware_011       RandomHardware_1_11           65     72.084     5.218       77.301 
    Reg_001                Reg_1                         19     38.958     0.000       38.958 
    Mux2_000               Mux2_2                        13     10.031     1.995       12.026 
  ShiftRegister_022        ShiftRegister_2               15     72.084     4.489       76.572 
  RandomHardware_024       RandomHardware_1_24           87     66.252     2.967       69.218 
    RandomHardware_002     RandomHardware_2_2_2          40     33.359     2.967       36.326 
      CompareMux_001       CompareMux_2                  15     15.863     2.967       18.830 
  RandomHardware_028       RandomHardware_1_28           28     32.892    12.354       45.246 
    Mux8_001               Mux8_1                        19     26.594    12.354       38.948 
  RandomHardware_014       RandomHardware_1_14           47     38.491     1.957       40.448 
    Mux4_000               Mux4                          11     13.297     1.957       15.254 
  RandomHardware_005       RandomHardware_1_5            22     32.193     6.445       38.638 
    Accum_001              Accum_2                        6     15.630     2.238       17.868 
    Mux8_000               Mux8                           6      9.564     2.967       12.531 
  RandomHardware_027       RandomHardware_1_27           26     25.194     1.471       26.665 
    Mux2_000               Mux2_6                        11     14.697     1.471       16.167 
  RandomHardware_000       RandomHardware_1_0            10     15.630     3.670       19.300 
    ReduceAndMux_000       ReduceAndMux                   8     14.230     3.670       17.900 
