============================================================
  Generated by:           Genus(TM) Synthesis Solution 18.13-s027_1
  Generated on:           May 12 2021  11:01:10 am
  Module:                 RandomHardware
  Library domain:         PVT_0P63V_100C.setup_cond
    Domain index:         0
    Technology libraries: asap7sc7p5t_22b_SIMPLE_RVT_SS_170906 1.0
                          asap7sc7p5t_22b_SIMPLE_LVT_SS_170906 1.0
                          asap7sc7p5t_22b_SIMPLE_SLVT_SS_170906 1.0
                          asap7sc7p5t_22b_SIMPLE_SRAM_SS_170906 1.0
                          asap7sc7p5t_22b_AO_RVT_SS_170906 1.0
                          asap7sc7p5t_22b_AO_LVT_SS_170906 1.0
                          asap7sc7p5t_22b_AO_SLVT_SS_170906 1.0
                          asap7sc7p5t_22b_AO_SRAM_SS_170906 1.0
                          asap7sc7p5t_22b_OA_RVT_SS_170906 1.0
                          asap7sc7p5t_22b_OA_LVT_SS_170906 1.0
                          asap7sc7p5t_22b_OA_SLVT_SS_170906 1.0
                          asap7sc7p5t_22b_OA_SRAM_SS_170906 1.0
                          asap7sc7p5t_22b_SEQ_RVT_SS_170906 1.0
                          asap7sc7p5t_22b_SEQ_LVT_SS_170906 1.0
                          asap7sc7p5t_22b_SEQ_SLVT_SS_170906 1.0
                          asap7sc7p5t_22b_SEQ_SRAM_SS_170906 1.0
                          asap7sc7p5t_22b_INVBUF_RVT_SS_170906 1.0
                          asap7sc7p5t_22b_INVBUF_LVT_SS_170906 1.0
                          asap7sc7p5t_22b_INVBUF_SLVT_SS_170906 1.0
                          asap7sc7p5t_22b_INVBUF_SRAM_SS_170906 1.0
                          SRAM1RW1024x8_PVT_0P63V_100C 0
                          SRAM1RW128x46_PVT_0P63V_100C 0
                          SRAM1RW128x48_PVT_0P63V_100C 0
                          SRAM1RW128x8_PVT_0P63V_100C 0
                          SRAM1RW256x128_PVT_0P63V_100C 0
                          SRAM1RW256x32_PVT_0P63V_100C 0
                          SRAM1RW256x46_PVT_0P63V_100C 0
                          SRAM1RW256x48_PVT_0P63V_100C 0
                          SRAM1RW256x8_PVT_0P63V_100C 0
                          SRAM1RW32x50_PVT_0P63V_100C 0
                          SRAM1RW512x128_PVT_0P63V_100C 0
                          SRAM1RW512x32_PVT_0P63V_100C 0
                          SRAM1RW512x8_PVT_0P63V_100C 0
                          SRAM1RW64x128_PVT_0P63V_100C 0
                          SRAM1RW64x32_PVT_0P63V_100C 0
                          SRAM1RW64x34_PVT_0P63V_100C 0
                          SRAM1RW64x8_PVT_0P63V_100C 0
                          SRAM2RW128x16_PVT_0P63V_100C 0
                          SRAM2RW128x32_PVT_0P63V_100C 0
                          SRAM2RW128x4_PVT_0P63V_100C 0
                          SRAM2RW128x8_PVT_0P63V_100C 0
                          SRAM2RW16x16_PVT_0P63V_100C 0
                          SRAM2RW16x32_PVT_0P63V_100C 0
                          SRAM2RW16x4_PVT_0P63V_100C 0
                          SRAM2RW16x8_PVT_0P63V_100C 0
                          SRAM2RW32x16_PVT_0P63V_100C 0
                          SRAM2RW32x22_PVT_0P63V_100C 0
                          SRAM2RW32x32_PVT_0P63V_100C 0
                          SRAM2RW32x39_PVT_0P63V_100C 0
                          SRAM2RW32x4_PVT_0P63V_100C 0
                          SRAM2RW32x8_PVT_0P63V_100C 0
                          SRAM2RW64x16_PVT_0P63V_100C 0
                          SRAM2RW64x32_PVT_0P63V_100C 0
                          SRAM2RW64x4_PVT_0P63V_100C 0
                          SRAM2RW64x8_PVT_0P63V_100C 0
    Operating conditions: PVT_0P63V_100C 
  Interconnect mode:      global
  Area mode:              physical library
============================================================

         Instance                 Module         Cell Count  Cell Area  Net Area   Total Area 
----------------------------------------------------------------------------------------------
RandomHardware                                         1149   2981.318   750.861     3732.179 
  RandomHardware_002       RandomHardware_1_2           238    407.540   182.967      590.508 
    Mod_000                Mod                          228    349.220   177.980      527.200 
    Reg_001                Reg                           10     58.320     0.000       58.320 
  RandomHardware_009       RandomHardware_1_9           205    463.994   109.062      573.056 
    ResetShiftRegister_000 ResetShiftRegister           151    406.140    79.354      485.494 
    Add_001                Add                           40     48.056    18.582       66.638 
  RandomHardware_014       RandomHardware_1_14          128    500.152    29.925      530.078 
    ShiftRegister_000      ShiftRegister_5               96    477.757    29.925      507.683 
  RandomHardware_003       RandomHardware_1_3           149    221.849   113.576      335.425 
    Mod_000                Mod_1                        149    221.849   113.576      335.425 
  RandomHardware_000       RandomHardware_1_0            72    249.610    25.833      275.443 
    RandomHardware_000     RandomHardware_2_0            57    239.112    25.833      264.945 
      ShiftRegister_000    ShiftRegister                 36    209.952    13.466      223.418 
      CompareMux_001       CompareMux                    17     26.361     7.878       34.238 
  RandomHardware_013       RandomHardware_1_13           59    241.212    26.076      267.288 
    RandomHardware_000     RandomHardware_2_0_2          56    239.112    26.076      265.188 
      ShiftRegister_000    ShiftRegister_61              36    209.952    13.466      223.418 
      CompareMux_001       CompareMux_2                  17     27.060     8.121       35.181 
  RandomHardware_001       RandomHardware_1_1            62    241.445    25.091      266.536 
    RandomHardware_000     RandomHardware_2_0_1          57    237.946    25.091      263.037 
      ShiftRegister_000    ShiftRegister_62              36    209.952    13.466      223.418 
      CompareMux_001       CompareMux_1                  16     24.494     7.136       31.630 
  RandomHardware_015       RandomHardware_1_15           61    177.060    42.663      219.723 
    RegFile2R1W_001        RegFile2R1W_1                 52    159.564    30.642      190.205 
    Mux2_000               Mux2_2                         9     17.496     2.200       19.696 
  ShiftRegister_008        ShiftRegister_3               32    186.624    11.970      198.594 
  ShiftRegister_005        ShiftRegister_2               20    116.640     7.481      124.121 
  Accum_010                Accum                         28     51.088    13.901       64.990 
  RegFile2R1W_006          RegFile2R1W                   15     34.759     8.645       43.404 
  Reg_017                  Reg_1                          5     29.160     0.000       29.160 
  RandomHardware_007       RandomHardware_1_7            22     23.095     0.000       23.095 
    Mux2_000               Mux2_1                        11     15.396     0.000       15.396 
