============================================================
  Generated by:           Genus(TM) Synthesis Solution 18.13-s027_1
  Generated on:           May 12 2021  11:08:11 am
  Module:                 RandomHardware
  Library domain:         PVT_0P63V_100C.setup_cond
    Domain index:         0
    Technology libraries: asap7sc7p5t_22b_SIMPLE_RVT_SS_170906 1.0
                          asap7sc7p5t_22b_SIMPLE_LVT_SS_170906 1.0
                          asap7sc7p5t_22b_SIMPLE_SLVT_SS_170906 1.0
                          asap7sc7p5t_22b_SIMPLE_SRAM_SS_170906 1.0
                          asap7sc7p5t_22b_AO_RVT_SS_170906 1.0
                          asap7sc7p5t_22b_AO_LVT_SS_170906 1.0
                          asap7sc7p5t_22b_AO_SLVT_SS_170906 1.0
                          asap7sc7p5t_22b_AO_SRAM_SS_170906 1.0
                          asap7sc7p5t_22b_OA_RVT_SS_170906 1.0
                          asap7sc7p5t_22b_OA_LVT_SS_170906 1.0
                          asap7sc7p5t_22b_OA_SLVT_SS_170906 1.0
                          asap7sc7p5t_22b_OA_SRAM_SS_170906 1.0
                          asap7sc7p5t_22b_SEQ_RVT_SS_170906 1.0
                          asap7sc7p5t_22b_SEQ_LVT_SS_170906 1.0
                          asap7sc7p5t_22b_SEQ_SLVT_SS_170906 1.0
                          asap7sc7p5t_22b_SEQ_SRAM_SS_170906 1.0
                          asap7sc7p5t_22b_INVBUF_RVT_SS_170906 1.0
                          asap7sc7p5t_22b_INVBUF_LVT_SS_170906 1.0
                          asap7sc7p5t_22b_INVBUF_SLVT_SS_170906 1.0
                          asap7sc7p5t_22b_INVBUF_SRAM_SS_170906 1.0
                          SRAM1RW1024x8_PVT_0P63V_100C 0
                          SRAM1RW128x46_PVT_0P63V_100C 0
                          SRAM1RW128x48_PVT_0P63V_100C 0
                          SRAM1RW128x8_PVT_0P63V_100C 0
                          SRAM1RW256x128_PVT_0P63V_100C 0
                          SRAM1RW256x32_PVT_0P63V_100C 0
                          SRAM1RW256x46_PVT_0P63V_100C 0
                          SRAM1RW256x48_PVT_0P63V_100C 0
                          SRAM1RW256x8_PVT_0P63V_100C 0
                          SRAM1RW32x50_PVT_0P63V_100C 0
                          SRAM1RW512x128_PVT_0P63V_100C 0
                          SRAM1RW512x32_PVT_0P63V_100C 0
                          SRAM1RW512x8_PVT_0P63V_100C 0
                          SRAM1RW64x128_PVT_0P63V_100C 0
                          SRAM1RW64x32_PVT_0P63V_100C 0
                          SRAM1RW64x34_PVT_0P63V_100C 0
                          SRAM1RW64x8_PVT_0P63V_100C 0
                          SRAM2RW128x16_PVT_0P63V_100C 0
                          SRAM2RW128x32_PVT_0P63V_100C 0
                          SRAM2RW128x4_PVT_0P63V_100C 0
                          SRAM2RW128x8_PVT_0P63V_100C 0
                          SRAM2RW16x16_PVT_0P63V_100C 0
                          SRAM2RW16x32_PVT_0P63V_100C 0
                          SRAM2RW16x4_PVT_0P63V_100C 0
                          SRAM2RW16x8_PVT_0P63V_100C 0
                          SRAM2RW32x16_PVT_0P63V_100C 0
                          SRAM2RW32x22_PVT_0P63V_100C 0
                          SRAM2RW32x32_PVT_0P63V_100C 0
                          SRAM2RW32x39_PVT_0P63V_100C 0
                          SRAM2RW32x4_PVT_0P63V_100C 0
                          SRAM2RW32x8_PVT_0P63V_100C 0
                          SRAM2RW64x16_PVT_0P63V_100C 0
                          SRAM2RW64x32_PVT_0P63V_100C 0
                          SRAM2RW64x4_PVT_0P63V_100C 0
                          SRAM2RW64x8_PVT_0P63V_100C 0
    Operating conditions: PVT_0P63V_100C 
  Interconnect mode:      global
  Area mode:              physical library
============================================================

        Instance               Module        Cell Count  Cell Area  Net Area   Total Area 
------------------------------------------------------------------------------------------
RandomHardware                                     1352   2949.359   522.507     3471.866 
  RandomHardware_013    RandomHardware_1_13         117    649.918    44.389      694.308 
    ShiftRegister_001   ShiftRegister_5              89    513.916    32.918      546.834 
    RegE_000            RegE                         25    133.903     0.499      134.401 
  RandomHardware_008    RandomHardware_1_8          117    562.438    49.556      611.994 
    ShiftRegister_002   ShiftRegister_3              65    353.419    22.444      375.863 
    ShiftRegister_000   ShiftRegister_1_1            32    186.624    11.970      198.594 
    ReduceOrMux_001     ReduceOrMux_1                10     15.396     3.427       18.824 
  RandomHardware_004    RandomHardware_1_4          287    494.787   115.162      609.949 
    Accum_003           Accum                        90    217.650    37.548      255.198 
    RandomHardware_006  RandomHardware_2_6           94    131.570    52.804      184.374 
      Mul_001           Mul                          63    103.810    42.957      146.767 
      ReduceOrMux_000   ReduceOrMux                  14     15.863     4.668       20.531 
    ShiftRegister_005   ShiftRegister_1              17     73.483     4.489       77.972 
    Sub_000             Sub                          38     38.491    14.387       52.878 
  RandomHardware_021    RandomHardware_1_21         139    297.665    78.893      376.559 
    Accum_001           Accum_1                      91    228.614    40.284      268.899 
    ReduceAndMux_003    ReduceAndMux_2               21     40.357     9.502       49.859 
    Mux8_000            Mux8                         17     21.695     9.425       31.120 
  RandomHardware_026    RandomHardware_1_26         144    254.508    38.750      293.258 
    Accum_001           Accum_2                      99    223.016    38.750      261.765 
  RandomHardware_001    RandomHardware_1_1           91    145.800     5.985      151.785 
    RandomHardware_001  RandomHardware_2_1           61    124.805     5.985      130.790 
      ShiftRegister_000 ShiftRegister                31    103.810     5.985      109.795 
  ShiftRegister_022     ShiftRegister_6_56           22     97.511     5.985      103.496 
  RandomHardware_009    RandomHardware_1_9           91     96.111     4.975      101.086 
    ShiftRegister_002   ShiftRegister_4               9     26.827     1.496       28.323 
    Reg_001             Reg                          12     18.662     0.000       18.662 
    ReduceOrMux_000     ReduceOrMux_2                15     12.131     1.982       14.113 
  RandomHardware_017    RandomHardware_1_17          46     48.289     6.113       54.402 
    ReduceAndMux_000    ReduceAndMux_1               24     32.892     6.113       39.005 
  RandomHardware_016    RandomHardware_1_16          31     42.224     1.496       43.720 
    ShiftRegister_001   ShiftRegister_6              13     29.627     1.496       31.123 
  RandomHardware_012    RandomHardware_1_12          20     33.592     7.174       40.767 
    ReduceXorMux_000    ReduceXorMux                 15     30.093     7.174       37.268 
  RandomHardware_024    RandomHardware_1_24          26     30.793     4.668       35.461 
    ReduceXorMux_000    ReduceXorMux_1               14     22.395     4.668       27.063 
  ShiftRegister_025     ShiftRegister_8               8     26.127     1.496       27.624 
  Reg_019               Reg_1                         9     26.827     0.000       26.827 
