============================================================
  Generated by:           Genus(TM) Synthesis Solution 18.13-s027_1
  Generated on:           May 12 2021  11:05:51 am
  Module:                 RandomHardware
  Library domain:         PVT_0P63V_100C.setup_cond
    Domain index:         0
    Technology libraries: asap7sc7p5t_22b_SIMPLE_RVT_SS_170906 1.0
                          asap7sc7p5t_22b_SIMPLE_LVT_SS_170906 1.0
                          asap7sc7p5t_22b_SIMPLE_SLVT_SS_170906 1.0
                          asap7sc7p5t_22b_SIMPLE_SRAM_SS_170906 1.0
                          asap7sc7p5t_22b_AO_RVT_SS_170906 1.0
                          asap7sc7p5t_22b_AO_LVT_SS_170906 1.0
                          asap7sc7p5t_22b_AO_SLVT_SS_170906 1.0
                          asap7sc7p5t_22b_AO_SRAM_SS_170906 1.0
                          asap7sc7p5t_22b_OA_RVT_SS_170906 1.0
                          asap7sc7p5t_22b_OA_LVT_SS_170906 1.0
                          asap7sc7p5t_22b_OA_SLVT_SS_170906 1.0
                          asap7sc7p5t_22b_OA_SRAM_SS_170906 1.0
                          asap7sc7p5t_22b_SEQ_RVT_SS_170906 1.0
                          asap7sc7p5t_22b_SEQ_LVT_SS_170906 1.0
                          asap7sc7p5t_22b_SEQ_SLVT_SS_170906 1.0
                          asap7sc7p5t_22b_SEQ_SRAM_SS_170906 1.0
                          asap7sc7p5t_22b_INVBUF_RVT_SS_170906 1.0
                          asap7sc7p5t_22b_INVBUF_LVT_SS_170906 1.0
                          asap7sc7p5t_22b_INVBUF_SLVT_SS_170906 1.0
                          asap7sc7p5t_22b_INVBUF_SRAM_SS_170906 1.0
                          SRAM1RW1024x8_PVT_0P63V_100C 0
                          SRAM1RW128x46_PVT_0P63V_100C 0
                          SRAM1RW128x48_PVT_0P63V_100C 0
                          SRAM1RW128x8_PVT_0P63V_100C 0
                          SRAM1RW256x128_PVT_0P63V_100C 0
                          SRAM1RW256x32_PVT_0P63V_100C 0
                          SRAM1RW256x46_PVT_0P63V_100C 0
                          SRAM1RW256x48_PVT_0P63V_100C 0
                          SRAM1RW256x8_PVT_0P63V_100C 0
                          SRAM1RW32x50_PVT_0P63V_100C 0
                          SRAM1RW512x128_PVT_0P63V_100C 0
                          SRAM1RW512x32_PVT_0P63V_100C 0
                          SRAM1RW512x8_PVT_0P63V_100C 0
                          SRAM1RW64x128_PVT_0P63V_100C 0
                          SRAM1RW64x32_PVT_0P63V_100C 0
                          SRAM1RW64x34_PVT_0P63V_100C 0
                          SRAM1RW64x8_PVT_0P63V_100C 0
                          SRAM2RW128x16_PVT_0P63V_100C 0
                          SRAM2RW128x32_PVT_0P63V_100C 0
                          SRAM2RW128x4_PVT_0P63V_100C 0
                          SRAM2RW128x8_PVT_0P63V_100C 0
                          SRAM2RW16x16_PVT_0P63V_100C 0
                          SRAM2RW16x32_PVT_0P63V_100C 0
                          SRAM2RW16x4_PVT_0P63V_100C 0
                          SRAM2RW16x8_PVT_0P63V_100C 0
                          SRAM2RW32x16_PVT_0P63V_100C 0
                          SRAM2RW32x22_PVT_0P63V_100C 0
                          SRAM2RW32x32_PVT_0P63V_100C 0
                          SRAM2RW32x39_PVT_0P63V_100C 0
                          SRAM2RW32x4_PVT_0P63V_100C 0
                          SRAM2RW32x8_PVT_0P63V_100C 0
                          SRAM2RW64x16_PVT_0P63V_100C 0
                          SRAM2RW64x32_PVT_0P63V_100C 0
                          SRAM2RW64x4_PVT_0P63V_100C 0
                          SRAM2RW64x8_PVT_0P63V_100C 0
    Operating conditions: PVT_0P63V_100C 
  Interconnect mode:      global
  Area mode:              physical library
============================================================

         Instance                 Module         Cell Count  Cell Area  Net Area   Total Area 
----------------------------------------------------------------------------------------------
RandomHardware                                         1157   2699.983   676.712     3376.695 
  RandomHardware_019       RandomHardware_1_19          236    600.229   115.060      715.289 
    ResetShiftRegister_001 ResetShiftRegister           210    582.034   115.060      697.093 
  RandomHardware_014       RandomHardware_1_14          195    293.233   134.550      427.783 
    Div_000                Div                          195    293.233   134.550      427.783 
  RandomHardware_016       RandomHardware_1_16           99    354.586    31.345      385.931 
    RandomHardware_001     RandomHardware_2_1_1          71    247.743    22.866      270.609 
      ShiftRegister_001    ShiftRegister_2               39    212.052    13.466      225.518 
      ReduceXorMux_000     ReduceXorMux_1                16     24.494     4.911       29.405 
    Reg_000                Reg_60                        20    101.244     0.000      101.244 
  RandomHardware_003       RandomHardware_1_3           108    266.406    40.668      307.074 
    RandomHardware_001     RandomHardware_2_1            73    227.915    22.099      250.013 
      ShiftRegister_001    ShiftRegister                 36    189.423    11.970      201.394 
      ReduceXorMux_000     ReduceXorMux                  17     24.494     6.139       30.633 
    Mul_000                Mul                           27     32.892    11.663       44.556 
  RandomHardware_022       RandomHardware_1_22          130    210.652    47.715      258.366 
    Accum_001              Accum_2                       45     76.982    21.344       98.327 
    Reg_003                Reg_2                         10     58.320     0.000       58.320 
    ReduceOrMux_000        ReduceOrMux_1                 26     31.959    10.026       41.986 
    Mux2_002               Mux2                          11     16.796     1.714       18.510 
  RandomHardware_013       RandomHardware_1_13           83    150.232    41.448      191.680 
    Accum_000              Accum_1                       81    148.833    41.448      190.281 
  RandomHardware_011       RandomHardware_1_11           40    126.204    17.022      143.226 
    RegFile2R1W_000        RegFile2R1W                   36    123.405    17.022      140.427 
  ShiftRegister_018        ShiftRegister_1_61            20    116.640     7.481      124.121 
  ShiftRegister_007        ShiftRegister_1_62            20    116.640     7.481      124.121 
  ShiftRegister_005        ShiftRegister_1               20    116.640     7.481      124.121 
  RandomHardware_001       RandomHardware_1_1            20    116.640     0.000      116.640 
    Reg_000                Reg                           20    116.640     0.000      116.640 
  Accum_012                Accum                         28     51.088    13.901       64.990 
  RandomHardware_009       RandomHardware_1_9            25     29.860     7.149       37.009 
    CompareMux_001         CompareMux                    15     22.861     7.149       30.010 
  RandomHardware_017       RandomHardware_1_17           16     29.393     6.612       36.005 
    ReduceXorMux_000       ReduceXorMux_2                14     27.994     6.612       34.605 
  Reg_025                  Reg_3                          5     29.160     0.000       29.160 
  RandomHardware_015       RandomHardware_1_15           16     20.762     6.177       26.939 
    CompareMux_000         CompareMux_1                  13     18.662     6.177       24.839 
  RandomHardware_010       RandomHardware_1_10           19     17.729     2.212       19.942 
    ReduceAndMux_001       ReduceAndMux                   8     10.031     2.212       12.243 
