============================================================
  Generated by:           Genus(TM) Synthesis Solution 18.13-s027_1
  Generated on:           May 12 2021  11:19:43 am
  Module:                 RandomHardware
  Library domain:         PVT_0P63V_100C.setup_cond
    Domain index:         0
    Technology libraries: asap7sc7p5t_22b_SIMPLE_RVT_SS_170906 1.0
                          asap7sc7p5t_22b_SIMPLE_LVT_SS_170906 1.0
                          asap7sc7p5t_22b_SIMPLE_SLVT_SS_170906 1.0
                          asap7sc7p5t_22b_SIMPLE_SRAM_SS_170906 1.0
                          asap7sc7p5t_22b_AO_RVT_SS_170906 1.0
                          asap7sc7p5t_22b_AO_LVT_SS_170906 1.0
                          asap7sc7p5t_22b_AO_SLVT_SS_170906 1.0
                          asap7sc7p5t_22b_AO_SRAM_SS_170906 1.0
                          asap7sc7p5t_22b_OA_RVT_SS_170906 1.0
                          asap7sc7p5t_22b_OA_LVT_SS_170906 1.0
                          asap7sc7p5t_22b_OA_SLVT_SS_170906 1.0
                          asap7sc7p5t_22b_OA_SRAM_SS_170906 1.0
                          asap7sc7p5t_22b_SEQ_RVT_SS_170906 1.0
                          asap7sc7p5t_22b_SEQ_LVT_SS_170906 1.0
                          asap7sc7p5t_22b_SEQ_SLVT_SS_170906 1.0
                          asap7sc7p5t_22b_SEQ_SRAM_SS_170906 1.0
                          asap7sc7p5t_22b_INVBUF_RVT_SS_170906 1.0
                          asap7sc7p5t_22b_INVBUF_LVT_SS_170906 1.0
                          asap7sc7p5t_22b_INVBUF_SLVT_SS_170906 1.0
                          asap7sc7p5t_22b_INVBUF_SRAM_SS_170906 1.0
                          SRAM1RW1024x8_PVT_0P63V_100C 0
                          SRAM1RW128x46_PVT_0P63V_100C 0
                          SRAM1RW128x48_PVT_0P63V_100C 0
                          SRAM1RW128x8_PVT_0P63V_100C 0
                          SRAM1RW256x128_PVT_0P63V_100C 0
                          SRAM1RW256x32_PVT_0P63V_100C 0
                          SRAM1RW256x46_PVT_0P63V_100C 0
                          SRAM1RW256x48_PVT_0P63V_100C 0
                          SRAM1RW256x8_PVT_0P63V_100C 0
                          SRAM1RW32x50_PVT_0P63V_100C 0
                          SRAM1RW512x128_PVT_0P63V_100C 0
                          SRAM1RW512x32_PVT_0P63V_100C 0
                          SRAM1RW512x8_PVT_0P63V_100C 0
                          SRAM1RW64x128_PVT_0P63V_100C 0
                          SRAM1RW64x32_PVT_0P63V_100C 0
                          SRAM1RW64x34_PVT_0P63V_100C 0
                          SRAM1RW64x8_PVT_0P63V_100C 0
                          SRAM2RW128x16_PVT_0P63V_100C 0
                          SRAM2RW128x32_PVT_0P63V_100C 0
                          SRAM2RW128x4_PVT_0P63V_100C 0
                          SRAM2RW128x8_PVT_0P63V_100C 0
                          SRAM2RW16x16_PVT_0P63V_100C 0
                          SRAM2RW16x32_PVT_0P63V_100C 0
                          SRAM2RW16x4_PVT_0P63V_100C 0
                          SRAM2RW16x8_PVT_0P63V_100C 0
                          SRAM2RW32x16_PVT_0P63V_100C 0
                          SRAM2RW32x22_PVT_0P63V_100C 0
                          SRAM2RW32x32_PVT_0P63V_100C 0
                          SRAM2RW32x39_PVT_0P63V_100C 0
                          SRAM2RW32x4_PVT_0P63V_100C 0
                          SRAM2RW32x8_PVT_0P63V_100C 0
                          SRAM2RW64x16_PVT_0P63V_100C 0
                          SRAM2RW64x32_PVT_0P63V_100C 0
                          SRAM2RW64x4_PVT_0P63V_100C 0
                          SRAM2RW64x8_PVT_0P63V_100C 0
    Operating conditions: PVT_0P63V_100C 
  Interconnect mode:      global
  Area mode:              physical library
============================================================

         Instance                  Module         Cell Count  Cell Area  Net Area   Total Area 
-----------------------------------------------------------------------------------------------
RandomHardware                                          1406   3464.908   540.935     4005.843 
  RandomHardware_001       RandomHardware_1_1            186    735.532   100.967      836.498 
    ShiftRegister_003      ShiftRegister_1                60    349.920    22.444      372.364 
    Accum_000              Accum                          71    179.159    31.332      210.491 
    Reg_002                Reg                            32    171.228     0.000      171.228 
    ReduceOrMux_001        ReduceOrMux                    17     31.026     7.315       38.341 
  RandomHardware_017       RandomHardware_1_17           196    457.462    73.445      530.907 
    ResetShiftRegister_001 ResetShiftRegister            123    336.156    65.964      402.120 
    RandomHardware_000     RandomHardware_2_0_5           33     93.312     0.499       93.811 
      RegE_000             RegE_6                         21     84.914     0.499       85.413 
  RandomHardware_021       RandomHardware_1_21            48    279.936    17.955      297.891 
    ShiftRegister_000      ShiftRegister_4                48    279.936    17.955      297.891 
  RandomHardware_002       RandomHardware_1_2             90    213.218    38.238      251.456 
    Accum_000              Accum_1                        83    208.319    38.238      246.557 
  RandomHardware_020       RandomHardware_1_20            74    169.828    21.319      191.147 
    RegE_000               RegE_7                         22    116.407     0.499      116.905 
    Mux2_001               Mux2_3                         33     40.124    10.845       50.969 
  ShiftRegister_019        ShiftRegister_26               28    163.296    10.474      173.770 
  ShiftRegister_000        ShiftRegister                  28    163.296    10.474      173.770 
  Accum_018                Accum_2                        62    123.172    29.312      152.483 
  RandomHardware_011       RandomHardware_1_11            47    104.743     8.415      113.158 
    Reg_001                Reg_2                          15     66.951     0.000       66.951 
    Mux2_002               Mux2_2                         16     26.594     2.929       29.523 
  RandomHardware_023       RandomHardware_1_23            29    111.041     0.499      111.540 
    RandomHardware_000     RandomHardware_2_0_6           25    108.242     0.499      108.741 
      RegE_000             RegE_8                         21    105.443     0.499      105.941 
  RandomHardware_014       RandomHardware_1_14            50     94.945     0.499       95.444 
    RandomHardware_000     RandomHardware_2_0_3           37     85.847     0.499       86.346 
      RegE_000             RegE_4                         21     74.650     0.499       75.148 
  RandomHardware_015       RandomHardware_1_15            70     93.545     0.499       94.044 
    RandomHardware_000     RandomHardware_2_0_4           43     74.650     0.499       75.148 
      RegE_000             RegE_5                         21     59.253     0.499       59.752 
  RandomHardware_008       RandomHardware_1_8             33     93.312     0.499       93.811 
    RegE_001               RegE_1                         21     84.914     0.499       85.413 
  RandomHardware_022       RandomHardware_1_13_1          46     92.146     0.499       92.644 
    RandomHardware_000     RandomHardware_2_0_7           37     85.847     0.499       86.346 
      RegE_000             RegE_9                         21     74.650     0.499       75.148 
  RandomHardware_013       RandomHardware_1_13            46     92.146     0.499       92.644 
    RandomHardware_000     RandomHardware_2_0_2           37     85.847     0.499       86.346 
      RegE_000             RegE_3                         21     74.650     0.499       75.148 
  RandomHardware_006       RandomHardware_1_6             54     82.348     0.499       82.847 
    RandomHardware_000     RandomHardware_2_0             43     74.650     0.499       75.148 
      RegE_000             RegE                           21     59.253     0.499       59.752 
  ShiftRegister_007        ShiftRegister_2                14     71.384     4.489       75.873 
  RandomHardware_005       RandomHardware_1_5             26     74.650     0.000       74.650 
    Reg_000                Reg_1                          16     67.651     0.000       67.651 
  RandomHardware_003       RandomHardware_1_3             32     53.888    16.766       70.654 
    Mux2_001               Mux2_1                         18     32.892     4.144       37.036 
    Mux2_000               Mux2                            9     17.496     2.200       19.696 
  RandomHardware_009       RandomHardware_1_9             74     62.052     1.995       64.048 
    RandomHardware_000     RandomHardware_2_0_1           57     50.155     1.995       52.150 
      RegE_000             RegE_2                         23     26.361     1.995       28.356 
  RandomHardware_010       RandomHardware_1_10            15     18.196     3.440       21.636 
    ReduceOrMux_000        ReduceOrMux_1                  10     14.697     3.440       18.137 
  RandomHardware_016       RandomHardware_1_16            17     16.096     3.964       20.061 
    Mux8_000               Mux8                            8      9.798     3.964       13.762 
