============================================================
  Generated by:           Genus(TM) Synthesis Solution 18.13-s027_1
  Generated on:           May 12 2021  10:58:47 am
  Module:                 RandomHardware
  Library domain:         PVT_0P63V_100C.setup_cond
    Domain index:         0
    Technology libraries: asap7sc7p5t_22b_SIMPLE_RVT_SS_170906 1.0
                          asap7sc7p5t_22b_SIMPLE_LVT_SS_170906 1.0
                          asap7sc7p5t_22b_SIMPLE_SLVT_SS_170906 1.0
                          asap7sc7p5t_22b_SIMPLE_SRAM_SS_170906 1.0
                          asap7sc7p5t_22b_AO_RVT_SS_170906 1.0
                          asap7sc7p5t_22b_AO_LVT_SS_170906 1.0
                          asap7sc7p5t_22b_AO_SLVT_SS_170906 1.0
                          asap7sc7p5t_22b_AO_SRAM_SS_170906 1.0
                          asap7sc7p5t_22b_OA_RVT_SS_170906 1.0
                          asap7sc7p5t_22b_OA_LVT_SS_170906 1.0
                          asap7sc7p5t_22b_OA_SLVT_SS_170906 1.0
                          asap7sc7p5t_22b_OA_SRAM_SS_170906 1.0
                          asap7sc7p5t_22b_SEQ_RVT_SS_170906 1.0
                          asap7sc7p5t_22b_SEQ_LVT_SS_170906 1.0
                          asap7sc7p5t_22b_SEQ_SLVT_SS_170906 1.0
                          asap7sc7p5t_22b_SEQ_SRAM_SS_170906 1.0
                          asap7sc7p5t_22b_INVBUF_RVT_SS_170906 1.0
                          asap7sc7p5t_22b_INVBUF_LVT_SS_170906 1.0
                          asap7sc7p5t_22b_INVBUF_SLVT_SS_170906 1.0
                          asap7sc7p5t_22b_INVBUF_SRAM_SS_170906 1.0
                          SRAM1RW1024x8_PVT_0P63V_100C 0
                          SRAM1RW128x46_PVT_0P63V_100C 0
                          SRAM1RW128x48_PVT_0P63V_100C 0
                          SRAM1RW128x8_PVT_0P63V_100C 0
                          SRAM1RW256x128_PVT_0P63V_100C 0
                          SRAM1RW256x32_PVT_0P63V_100C 0
                          SRAM1RW256x46_PVT_0P63V_100C 0
                          SRAM1RW256x48_PVT_0P63V_100C 0
                          SRAM1RW256x8_PVT_0P63V_100C 0
                          SRAM1RW32x50_PVT_0P63V_100C 0
                          SRAM1RW512x128_PVT_0P63V_100C 0
                          SRAM1RW512x32_PVT_0P63V_100C 0
                          SRAM1RW512x8_PVT_0P63V_100C 0
                          SRAM1RW64x128_PVT_0P63V_100C 0
                          SRAM1RW64x32_PVT_0P63V_100C 0
                          SRAM1RW64x34_PVT_0P63V_100C 0
                          SRAM1RW64x8_PVT_0P63V_100C 0
                          SRAM2RW128x16_PVT_0P63V_100C 0
                          SRAM2RW128x32_PVT_0P63V_100C 0
                          SRAM2RW128x4_PVT_0P63V_100C 0
                          SRAM2RW128x8_PVT_0P63V_100C 0
                          SRAM2RW16x16_PVT_0P63V_100C 0
                          SRAM2RW16x32_PVT_0P63V_100C 0
                          SRAM2RW16x4_PVT_0P63V_100C 0
                          SRAM2RW16x8_PVT_0P63V_100C 0
                          SRAM2RW32x16_PVT_0P63V_100C 0
                          SRAM2RW32x22_PVT_0P63V_100C 0
                          SRAM2RW32x32_PVT_0P63V_100C 0
                          SRAM2RW32x39_PVT_0P63V_100C 0
                          SRAM2RW32x4_PVT_0P63V_100C 0
                          SRAM2RW32x8_PVT_0P63V_100C 0
                          SRAM2RW64x16_PVT_0P63V_100C 0
                          SRAM2RW64x32_PVT_0P63V_100C 0
                          SRAM2RW64x4_PVT_0P63V_100C 0
                          SRAM2RW64x8_PVT_0P63V_100C 0
    Operating conditions: PVT_0P63V_100C 
  Interconnect mode:      global
  Area mode:              physical library
============================================================

           Instance                    Module          Cell Count  Cell Area  Net Area   Total Area 
----------------------------------------------------------------------------------------------------
RandomHardware                                               4171   7866.202  1878.553     9744.754 
  RandomHardware_007           RandomHardware_1_7             390   1063.290   225.324     1288.614 
    ResetShiftRegister_001     ResetShiftRegister_1           251    694.708   137.376      832.084 
    Accum_000                  Accum_2                        134    365.083    58.163      423.246 
  RandomHardware_025           RandomHardware_1_25            522    976.044   246.757     1222.801 
    RandomHardware_000         RandomHardware_2_0_4           421    841.208   223.405     1064.613 
      RandomHardware_001       RandomHardware_3_1_5           317    735.532   146.814      882.346 
        ResetShiftRegister_003 ResetShiftRegister_10          130    357.852    70.427      428.279 
        Accum_000              Accum_1_5                      131    335.457    60.580      396.037 
        ReduceOrMux_002        ReduceOrMux_2_5                 16     14.230     1.228       15.458 
      Sub_000                  Sub_4                           87     93.779    46.103      139.882 
    Accum_002                  Accum_11                        60    106.142    23.352      129.495 
  RandomHardware_006           RandomHardware_1_6             439    697.740   347.519     1045.260 
    Mod_001                    Mod                            436    695.641   347.519     1043.160 
  RandomHardware_014           RandomHardware_1_14            447    776.589   197.879      974.468 
    RandomHardware_000         RandomHardware_2_0_1           390    736.698   197.879      934.577 
      RandomHardware_001       RandomHardware_3_1_2           294    642.686   135.867      778.553 
        Accum_000              Accum_1_2                      135    323.326    59.902      383.228 
        ResetShiftRegister_003 ResetShiftRegister_4           102    271.071    52.574      323.646 
        ReduceOrMux_002        ReduceOrMux_2_2                 17     20.295     5.857       26.153 
      Sub_000                  Sub_1                           74     78.615    37.918      116.534 
  RandomHardware_001           RandomHardware_1_1             184    861.970    67.690      929.660 
    ShiftRegister_001          ShiftRegister_1                 64    352.719    22.444      375.163 
    ShiftRegister_003          ShiftRegister_2                 52    303.264    19.452      322.716 
    RegE_005                   RegE                            33    165.162     0.499      165.661 
    ReduceOrMux_000            ReduceOrMux                     15     26.827     6.343       33.170 
  RandomHardware_008           RandomHardware_1_8             386    762.126   101.772      863.898 
    ResetShiftRegister_006     ResetShiftRegister_3           116    314.461    61.501      375.962 
    RandomHardware_005         RandomHardware_2_5              97    216.484    14.195      230.679 
      ShiftRegister_004        ShiftRegister_5                 32    166.095    10.474      176.569 
      ReduceOrMux_003          ReduceOrMux_1_1                 14     14.697     2.225       16.922 
    Reg_007                    Reg_1                           15     66.951     0.000       66.951 
    ShiftRegister_002          ShiftRegister_3_108             16     52.255     2.993       55.247 
    ReduceOrMux_004            ReduceOrMux_3                   25     28.693     4.655       33.349 
    And_003                    And                             10      8.398     0.000        8.398 
  RandomHardware_021           RandomHardware_1_21            251    694.708   137.376      832.084 
    ResetShiftRegister_000     ResetShiftRegister_8           250    694.008   137.376      831.384 
  RandomHardware_022           RandomHardware_1_22            197    453.030   102.105      555.134 
    RandomHardware_002         RandomHardware_2_2_1           174    425.736    87.257      512.993 
      ResetShiftRegister_000   ResetShiftRegister_5_1         140    381.646    74.890      456.537 
      Mux2_001                 Mux2_4_1                        20     34.292     4.144       38.436 
    CompareMux_000             CompareMux_1                    12     19.596     5.653       25.248 
  RandomHardware_016           RandomHardware_1_16            269    344.788    22.380      367.168 
    ShiftRegister_001          ShiftRegister_6                 35    127.138     7.481      134.619 
    RandomHardware_002         RandomHardware_2_2              65     66.018     7.200       73.218 
      ResetShiftRegister_000   ResetShiftRegister_5            30     41.524     7.200       48.724 
    RegE_004                   RegE_2                          21     43.857     0.499       44.355 
    And_000                    And_2                           20     18.196     0.000       18.196 
  RandomHardware_019           RandomHardware_1_19            110    259.641    44.760      304.401 
    Accum_000                  Accum_8                        101    253.342    44.760      298.102 
  RandomHardware_004           RandomHardware_1_4             233    224.882    26.025      250.907 
    RandomHardware_000         RandomHardware_2_0             199    201.087    26.025      227.112 
      RandomHardware_001       RandomHardware_3_1             162    175.193    26.025      201.218 
        Accum_000              Accum_1                         67    108.242    23.058      131.300 
        ReduceOrMux_002        ReduceOrMux_2                   17     12.364     0.998       13.361 
  RandomHardware_018           RandomHardware_1_18            234    187.790    11.638      199.428 
    RandomHardware_000         RandomHardware_2_0_2           182    151.399    11.638      163.036 
      RandomHardware_001       RandomHardware_3_1_3           141    122.705    11.638      134.343 
        Accum_000              Accum_1_3                       43     52.255     6.957       59.212 
        ReduceOrMux_002        ReduceOrMux_2_3                 17     13.764     1.483       15.247 
  RandomHardware_012           RandomHardware_1_12            122    153.498    36.601      190.099 
    Accum_001                  Accum_5                         42     74.883    21.344       96.227 
    RandomHardware_003         RandomHardware_2_3              43     52.721    15.257       67.978 
      ReduceAndMux_000         ReduceAndMux                    17     24.028     6.113       30.141 
      ReduceAndMux_002         ReduceAndMux_2                   9     16.796     4.156       20.952 
  Accum_026                    Accum_3                         34     73.716    13.428       87.145 
  ShiftRegister_000            ShiftRegister                   11     48.756     2.993       51.748 
  RandomHardware_011           RandomHardware_1_11             16     32.193     7.558       39.751 
    ReduceXorMux_000           ReduceXorMux                    16     32.193     7.558       39.751 
  RandomHardware_023           RandomHardware_1_23             24     28.693     4.898       33.591 
    ReduceOrMux_001            ReduceOrMux_9                   12     20.295     4.898       25.193 
  RandomHardware_017           RandomHardware_1_17              3     17.496     0.000       17.496 
    Reg_001                    Reg_2                            3     17.496     0.000       17.496 
