============================================================
  Generated by:           Genus(TM) Synthesis Solution 18.13-s027_1
  Generated on:           May 12 2021  11:11:33 am
  Module:                 RandomHardware
  Library domain:         PVT_0P63V_100C.setup_cond
    Domain index:         0
    Technology libraries: asap7sc7p5t_22b_SIMPLE_RVT_SS_170906 1.0
                          asap7sc7p5t_22b_SIMPLE_LVT_SS_170906 1.0
                          asap7sc7p5t_22b_SIMPLE_SLVT_SS_170906 1.0
                          asap7sc7p5t_22b_SIMPLE_SRAM_SS_170906 1.0
                          asap7sc7p5t_22b_AO_RVT_SS_170906 1.0
                          asap7sc7p5t_22b_AO_LVT_SS_170906 1.0
                          asap7sc7p5t_22b_AO_SLVT_SS_170906 1.0
                          asap7sc7p5t_22b_AO_SRAM_SS_170906 1.0
                          asap7sc7p5t_22b_OA_RVT_SS_170906 1.0
                          asap7sc7p5t_22b_OA_LVT_SS_170906 1.0
                          asap7sc7p5t_22b_OA_SLVT_SS_170906 1.0
                          asap7sc7p5t_22b_OA_SRAM_SS_170906 1.0
                          asap7sc7p5t_22b_SEQ_RVT_SS_170906 1.0
                          asap7sc7p5t_22b_SEQ_LVT_SS_170906 1.0
                          asap7sc7p5t_22b_SEQ_SLVT_SS_170906 1.0
                          asap7sc7p5t_22b_SEQ_SRAM_SS_170906 1.0
                          asap7sc7p5t_22b_INVBUF_RVT_SS_170906 1.0
                          asap7sc7p5t_22b_INVBUF_LVT_SS_170906 1.0
                          asap7sc7p5t_22b_INVBUF_SLVT_SS_170906 1.0
                          asap7sc7p5t_22b_INVBUF_SRAM_SS_170906 1.0
                          SRAM1RW1024x8_PVT_0P63V_100C 0
                          SRAM1RW128x46_PVT_0P63V_100C 0
                          SRAM1RW128x48_PVT_0P63V_100C 0
                          SRAM1RW128x8_PVT_0P63V_100C 0
                          SRAM1RW256x128_PVT_0P63V_100C 0
                          SRAM1RW256x32_PVT_0P63V_100C 0
                          SRAM1RW256x46_PVT_0P63V_100C 0
                          SRAM1RW256x48_PVT_0P63V_100C 0
                          SRAM1RW256x8_PVT_0P63V_100C 0
                          SRAM1RW32x50_PVT_0P63V_100C 0
                          SRAM1RW512x128_PVT_0P63V_100C 0
                          SRAM1RW512x32_PVT_0P63V_100C 0
                          SRAM1RW512x8_PVT_0P63V_100C 0
                          SRAM1RW64x128_PVT_0P63V_100C 0
                          SRAM1RW64x32_PVT_0P63V_100C 0
                          SRAM1RW64x34_PVT_0P63V_100C 0
                          SRAM1RW64x8_PVT_0P63V_100C 0
                          SRAM2RW128x16_PVT_0P63V_100C 0
                          SRAM2RW128x32_PVT_0P63V_100C 0
                          SRAM2RW128x4_PVT_0P63V_100C 0
                          SRAM2RW128x8_PVT_0P63V_100C 0
                          SRAM2RW16x16_PVT_0P63V_100C 0
                          SRAM2RW16x32_PVT_0P63V_100C 0
                          SRAM2RW16x4_PVT_0P63V_100C 0
                          SRAM2RW16x8_PVT_0P63V_100C 0
                          SRAM2RW32x16_PVT_0P63V_100C 0
                          SRAM2RW32x22_PVT_0P63V_100C 0
                          SRAM2RW32x32_PVT_0P63V_100C 0
                          SRAM2RW32x39_PVT_0P63V_100C 0
                          SRAM2RW32x4_PVT_0P63V_100C 0
                          SRAM2RW32x8_PVT_0P63V_100C 0
                          SRAM2RW64x16_PVT_0P63V_100C 0
                          SRAM2RW64x32_PVT_0P63V_100C 0
                          SRAM2RW64x4_PVT_0P63V_100C 0
                          SRAM2RW64x8_PVT_0P63V_100C 0
    Operating conditions: PVT_0P63V_100C 
  Interconnect mode:      global
  Area mode:              physical library
============================================================

         Instance                  Module          Cell Count  Cell Area  Net Area   Total Area 
------------------------------------------------------------------------------------------------
RandomHardware                                            743   1503.956   346.918     1850.874 
  RandomHardware_015       RandomHardware_1_15            159    506.917    73.778      580.695 
    ShiftRegister_001      ShiftRegister                   56    326.592    20.948      347.540 
    RandomHardware_002     RandomHardware_2_2              63    145.567    25.795      171.361 
      Accum_000            Accum_1                         56    140.668    25.795      166.463 
    RandomHardware_000     RandomHardware_2_0_2            25     24.261     4.655       28.916 
      ReduceOrMux_000      ReduceOrMux_2                   10     13.764     4.655       18.419 
  RandomHardware_001       RandomHardware_1_1              96    240.978    42.522      283.501 
    Accum_000              Accum                           96    240.978    42.522      283.501 
  RandomHardware_002       RandomHardware_1_2              86    126.671    18.608      145.279 
    ResetShiftRegister_001 ResetShiftRegister              49     99.377    16.868      116.246 
    Mux4_000               Mux4                             4      4.199     0.000        4.199 
  RandomHardware_018       RandomHardware_1_18             23    111.974     0.499      112.473 
    RegE_000               RegE                            21    110.575     0.499      111.073 
  RandomHardware_016       RandomHardware_1_14_31          12     69.984     0.000       69.984 
    Reg_000                Reg_32                          12     69.984     0.000       69.984 
  RandomHardware_014       RandomHardware_1_14             12     69.984     0.000       69.984 
    Reg_000                Reg                             12     69.984     0.000       69.984 
  RandomHardware_017       RandomHardware_1_17             37     35.459    11.881       47.339 
    Div_000                Div                             26     27.760    11.881       39.641 
  Mul_011                  Mul                             25     30.326    13.121       43.448 
  RandomHardware_012       RandomHardware_1_12             35     38.025     5.371       43.396 
    ReduceOrMux_000        ReduceOrMux_3                   17     25.428     5.371       30.799 
  RandomHardware_007       RandomHardware_1_7              38     32.426     6.970       39.396 
    CompareMux_001         CompareMux                      20     19.829     6.970       26.799 
  RandomHardware_005       RandomHardware_1_5              24     32.193     2.929       35.121 
    Mux2_000               Mux2                            15     25.894     2.929       28.823 
  RandomHardware_008       RandomHardware_1_6_1            39     32.892     2.212       35.105 
    RandomHardware_000     RandomHardware_2_0_3            25     23.095     2.212       25.307 
      ReduceOrMux_000      ReduceOrMux_5                    9     11.897     2.212       14.110 
  RandomHardware_006       RandomHardware_1_6              39     32.892     2.212       35.105 
    RandomHardware_000     RandomHardware_2_0_1            25     23.095     2.212       25.307 
      ReduceOrMux_000      ReduceOrMux_1                    9     11.897     2.212       14.110 
  Reg_019                  Reg_2                            6     34.992     0.000       34.992 
  RandomHardware_000       RandomHardware_1_0              25     27.294     4.169       31.463 
    RandomHardware_000     RandomHardware_2_0              20     23.795     4.169       27.964 
      ReduceOrMux_000      ReduceOrMux                     10     16.796     4.169       20.965 
  RandomHardware_013       RandomHardware_1_13             11     20.762     5.141       25.903 
    ReduceOrMux_000        ReduceOrMux_4                   11     20.762     5.141       25.903 
  RandomHardware_009       RandomHardware_1_9              13     16.096     0.000       16.096 
    And_001                And                             10     13.997     0.000       13.997 
